!SESSION 2020-02-24 11:51:44.030 -----------------------------------------------
eclipse.buildId=M20130204-1200
java.version=1.7.0_25
java.vendor=Oracle Corporation
BootLoader constants: OS=win32, ARCH=x86, WS=win32, NL=es_ES
Framework arguments:  -product org.eclipse.epp.package.cpp.product -product org.eclipse.epp.package.cpp.product
Command-line arguments:  -os win32 -ws win32 -arch x86 -product org.eclipse.epp.package.cpp.product -data D:\EC\p3Basico -product org.eclipse.epp.package.cpp.product

!ENTRY org.eclipse.egit.ui 2 0 2020-02-24 11:51:54.624
!MESSAGE Warning: EGit couldn't detect the installation path "gitPrefix" of native Git. Hence EGit can't respect system level
Git settings which might be configured in ${gitPrefix}/etc/gitconfig under the native Git installation directory.
The most important of these settings is core.autocrlf. Git for Windows by default sets this parameter to true in
this system level configuration. The Git installation location can be configured on the
Team > Git > Configuration preference page's 'System Settings' tab.
This warning can be switched off on the Team > Git > Confirmations and Warnings preference page.

!ENTRY org.eclipse.egit.ui 2 0 2020-02-24 11:51:54.633
!MESSAGE Warning: The environment variable HOME is not set. The following directory will be used to store the Git
user global configuration and to define the default location to store repositories: 'C:\Users\ignac'. If this is
not correct please set the HOME environment variable and restart Eclipse. Otherwise Git for Windows and
EGit might behave differently since they see different configuration options.
This warning can be switched off on the Team > Git > Confirmations and Warnings preference page.

!ENTRY org.eclipse.cdt.core 1 0 2020-02-24 11:52:26.414
!MESSAGE Indexed 'p33333333333333' (9 sources, 28 headers) in 0,97 sec: 1.218 declarations; 1.922 references; 0 unresolved inclusions; 0 syntax errors; 0 unresolved names (0,00%)

!ENTRY org.eclipse.cdt.core 1 0 2020-02-24 11:53:07.950
!MESSAGE Indexed 'zylin-cdt-debugging' (0 sources, 0 headers) in 0,00 sec: 0 declarations; 0 references; 0 unresolved inclusions; 0 syntax errors; 0 unresolved names (0,00%)

!ENTRY org.eclipse.cdt.debug.core 4 1000 2020-02-24 11:53:16.814
!MESSAGE Internal error logged from CDI Debug: 
!STACK 1
org.eclipse.debug.core.DebugException: Target request failed: No symbol table is loaded.  Use the "file" command.
	at org.eclipse.cdt.debug.internal.core.model.CDebugTarget.stopAtLocation(CDebugTarget.java:1982)
	at org.eclipse.cdt.debug.internal.core.model.CDebugTarget.stopAtSymbol(CDebugTarget.java:1991)
	at org.eclipse.cdt.debug.internal.core.model.CDebugTarget.start(CDebugTarget.java:315)
	at org.eclipse.cdt.debug.core.CDIDebugModel$1.run(CDIDebugModel.java:128)
	at org.eclipse.core.internal.resources.Workspace.run(Workspace.java:2344)
	at org.eclipse.core.internal.resources.Workspace.run(Workspace.java:2326)
	at org.eclipse.cdt.debug.core.CDIDebugModel.newDebugTarget(CDIDebugModel.java:132)
	at com.zylin.embeddedcdt.launch.Launch.createLaunchTarget(Launch.java:338)
	at com.zylin.embeddedcdt.launch.Launch.launch(Launch.java:249)
	at org.eclipse.debug.internal.core.LaunchConfiguration.launch(LaunchConfiguration.java:855)
	at org.eclipse.debug.internal.core.LaunchConfiguration.launch(LaunchConfiguration.java:704)
	at org.eclipse.debug.internal.ui.DebugUIPlugin.buildAndLaunch(DebugUIPlugin.java:1047)
	at org.eclipse.debug.internal.ui.DebugUIPlugin$8.run(DebugUIPlugin.java:1251)
	at org.eclipse.core.internal.jobs.Worker.run(Worker.java:53)
!SUBENTRY 1 org.eclipse.cdt.debug.core 0 5010 2020-02-24 11:53:16.830
!MESSAGE Target request failed: No symbol table is loaded.  Use the "file" command.

!ENTRY com.zylin.embeddedcdt 0 150 2020-02-24 11:53:16.916
!MESSAGE Could not start debug session
!STACK 1
org.eclipse.debug.core.DebugException: Target request failed: No symbol table is loaded.  Use the "file" command.
	at org.eclipse.cdt.debug.core.CDIDebugModel.newDebugTarget(CDIDebugModel.java:135)
	at com.zylin.embeddedcdt.launch.Launch.createLaunchTarget(Launch.java:338)
	at com.zylin.embeddedcdt.launch.Launch.launch(Launch.java:249)
	at org.eclipse.debug.internal.core.LaunchConfiguration.launch(LaunchConfiguration.java:855)
	at org.eclipse.debug.internal.core.LaunchConfiguration.launch(LaunchConfiguration.java:704)
	at org.eclipse.debug.internal.ui.DebugUIPlugin.buildAndLaunch(DebugUIPlugin.java:1047)
	at org.eclipse.debug.internal.ui.DebugUIPlugin$8.run(DebugUIPlugin.java:1251)
	at org.eclipse.core.internal.jobs.Worker.run(Worker.java:53)
!SUBENTRY 1 org.eclipse.cdt.debug.core 0 5010 2020-02-24 11:53:16.916
!MESSAGE Target request failed: No symbol table is loaded.  Use the "file" command.

!ENTRY org.eclipse.cdt.debug.core 4 1000 2020-02-24 11:54:13.599
!MESSAGE Internal error logged from CDI Debug: 
!STACK 1
org.eclipse.debug.core.DebugException: Target request failed: No symbol table is loaded.  Use the "file" command.
	at org.eclipse.cdt.debug.internal.core.model.CDebugTarget.stopAtLocation(CDebugTarget.java:1982)
	at org.eclipse.cdt.debug.internal.core.model.CDebugTarget.stopAtSymbol(CDebugTarget.java:1991)
	at org.eclipse.cdt.debug.internal.core.model.CDebugTarget.start(CDebugTarget.java:315)
	at org.eclipse.cdt.debug.core.CDIDebugModel$1.run(CDIDebugModel.java:128)
	at org.eclipse.core.internal.resources.Workspace.run(Workspace.java:2344)
	at org.eclipse.core.internal.resources.Workspace.run(Workspace.java:2326)
	at org.eclipse.cdt.debug.core.CDIDebugModel.newDebugTarget(CDIDebugModel.java:132)
	at com.zylin.embeddedcdt.launch.Launch.createLaunchTarget(Launch.java:338)
	at com.zylin.embeddedcdt.launch.Launch.launch(Launch.java:249)
	at org.eclipse.debug.internal.core.LaunchConfiguration.launch(LaunchConfiguration.java:855)
	at org.eclipse.debug.internal.core.LaunchConfiguration.launch(LaunchConfiguration.java:704)
	at org.eclipse.debug.internal.ui.DebugUIPlugin.buildAndLaunch(DebugUIPlugin.java:1047)
	at org.eclipse.debug.internal.ui.DebugUIPlugin$8.run(DebugUIPlugin.java:1251)
	at org.eclipse.core.internal.jobs.Worker.run(Worker.java:53)
!SUBENTRY 1 org.eclipse.cdt.debug.core 0 5010 2020-02-24 11:54:13.599
!MESSAGE Target request failed: No symbol table is loaded.  Use the "file" command.

!ENTRY com.zylin.embeddedcdt 0 150 2020-02-24 11:54:13.629
!MESSAGE Could not start debug session
!STACK 1
org.eclipse.debug.core.DebugException: Target request failed: No symbol table is loaded.  Use the "file" command.
	at org.eclipse.cdt.debug.core.CDIDebugModel.newDebugTarget(CDIDebugModel.java:135)
	at com.zylin.embeddedcdt.launch.Launch.createLaunchTarget(Launch.java:338)
	at com.zylin.embeddedcdt.launch.Launch.launch(Launch.java:249)
	at org.eclipse.debug.internal.core.LaunchConfiguration.launch(LaunchConfiguration.java:855)
	at org.eclipse.debug.internal.core.LaunchConfiguration.launch(LaunchConfiguration.java:704)
	at org.eclipse.debug.internal.ui.DebugUIPlugin.buildAndLaunch(DebugUIPlugin.java:1047)
	at org.eclipse.debug.internal.ui.DebugUIPlugin$8.run(DebugUIPlugin.java:1251)
	at org.eclipse.core.internal.jobs.Worker.run(Worker.java:53)
!SUBENTRY 1 org.eclipse.cdt.debug.core 0 5010 2020-02-24 11:54:13.630
!MESSAGE Target request failed: No symbol table is loaded.  Use the "file" command.

!ENTRY org.eclipse.cdt.debug.core 4 1000 2020-02-24 11:54:38.997
!MESSAGE Internal error logged from CDI Debug: 
!STACK 1
org.eclipse.debug.core.DebugException: Target request failed: No symbol table is loaded.  Use the "file" command.
	at org.eclipse.cdt.debug.internal.core.model.CDebugTarget.stopAtLocation(CDebugTarget.java:1982)
	at org.eclipse.cdt.debug.internal.core.model.CDebugTarget.stopAtSymbol(CDebugTarget.java:1991)
	at org.eclipse.cdt.debug.internal.core.model.CDebugTarget.start(CDebugTarget.java:315)
	at org.eclipse.cdt.debug.core.CDIDebugModel$1.run(CDIDebugModel.java:128)
	at org.eclipse.core.internal.resources.Workspace.run(Workspace.java:2344)
	at org.eclipse.core.internal.resources.Workspace.run(Workspace.java:2326)
	at org.eclipse.cdt.debug.core.CDIDebugModel.newDebugTarget(CDIDebugModel.java:132)
	at com.zylin.embeddedcdt.launch.Launch.createLaunchTarget(Launch.java:338)
	at com.zylin.embeddedcdt.launch.Launch.launch(Launch.java:249)
	at org.eclipse.debug.internal.core.LaunchConfiguration.launch(LaunchConfiguration.java:855)
	at org.eclipse.debug.internal.core.LaunchConfiguration.launch(LaunchConfiguration.java:704)
	at org.eclipse.debug.internal.ui.DebugUIPlugin.buildAndLaunch(DebugUIPlugin.java:1047)
	at org.eclipse.debug.internal.ui.DebugUIPlugin$8.run(DebugUIPlugin.java:1251)
	at org.eclipse.core.internal.jobs.Worker.run(Worker.java:53)
!SUBENTRY 1 org.eclipse.cdt.debug.core 0 5010 2020-02-24 11:54:38.997
!MESSAGE Target request failed: No symbol table is loaded.  Use the "file" command.

!ENTRY com.zylin.embeddedcdt 0 150 2020-02-24 11:54:39.035
!MESSAGE Could not start debug session
!STACK 1
org.eclipse.debug.core.DebugException: Target request failed: No symbol table is loaded.  Use the "file" command.
	at org.eclipse.cdt.debug.core.CDIDebugModel.newDebugTarget(CDIDebugModel.java:135)
	at com.zylin.embeddedcdt.launch.Launch.createLaunchTarget(Launch.java:338)
	at com.zylin.embeddedcdt.launch.Launch.launch(Launch.java:249)
	at org.eclipse.debug.internal.core.LaunchConfiguration.launch(LaunchConfiguration.java:855)
	at org.eclipse.debug.internal.core.LaunchConfiguration.launch(LaunchConfiguration.java:704)
	at org.eclipse.debug.internal.ui.DebugUIPlugin.buildAndLaunch(DebugUIPlugin.java:1047)
	at org.eclipse.debug.internal.ui.DebugUIPlugin$8.run(DebugUIPlugin.java:1251)
	at org.eclipse.core.internal.jobs.Worker.run(Worker.java:53)
!SUBENTRY 1 org.eclipse.cdt.debug.core 0 5010 2020-02-24 11:54:39.035
!MESSAGE Target request failed: No symbol table is loaded.  Use the "file" command.
!SESSION 2020-03-09 12:31:48.122 -----------------------------------------------
eclipse.buildId=M20130204-1200
java.version=1.7.0_25
java.vendor=Oracle Corporation
BootLoader constants: OS=win32, ARCH=x86, WS=win32, NL=es_ES
Framework arguments:  -product org.eclipse.epp.package.cpp.product -product org.eclipse.epp.package.cpp.product -product org.eclipse.epp.package.cpp.product
Command-line arguments:  -os win32 -ws win32 -arch x86 -product org.eclipse.epp.package.cpp.product -product org.eclipse.epp.package.cpp.product -data D:\EC\PracticasEC\P3(Old) -product org.eclipse.epp.package.cpp.product

!ENTRY org.eclipse.egit.ui 2 0 2020-03-09 12:31:57.681
!MESSAGE Warning: EGit couldn't detect the installation path "gitPrefix" of native Git. Hence EGit can't respect system level
Git settings which might be configured in ${gitPrefix}/etc/gitconfig under the native Git installation directory.
The most important of these settings is core.autocrlf. Git for Windows by default sets this parameter to true in
this system level configuration. The Git installation location can be configured on the
Team > Git > Configuration preference page's 'System Settings' tab.
This warning can be switched off on the Team > Git > Confirmations and Warnings preference page.

!ENTRY org.eclipse.egit.ui 2 0 2020-03-09 12:31:57.712
!MESSAGE Warning: The environment variable HOME is not set. The following directory will be used to store the Git
user global configuration and to define the default location to store repositories: 'C:\Users\ignac'. If this is
not correct please set the HOME environment variable and restart Eclipse. Otherwise Git for Windows and
EGit might behave differently since they see different configuration options.
This warning can be switched off on the Team > Git > Confirmations and Warnings preference page.

!ENTRY org.eclipse.cdt.debug.mi.core 4 42 2020-03-09 12:35:07.561
!MESSAGE Internal Error
!STACK 0
org.eclipse.cdt.debug.mi.core.cdi.MI2CDIException: Inferior terminated[]
	at org.eclipse.cdt.debug.mi.core.cdi.SharedLibraryManager.getMIShareds(SharedLibraryManager.java:123)
	at org.eclipse.cdt.debug.mi.core.cdi.SharedLibraryManager.updateState(SharedLibraryManager.java:189)
	at org.eclipse.cdt.debug.mi.core.cdi.SharedLibraryManager.update(SharedLibraryManager.java:137)
	at org.eclipse.cdt.debug.mi.core.cdi.EventManager.processSuspendedEvent(EventManager.java:329)
	at org.eclipse.cdt.debug.mi.core.cdi.EventManager.update(EventManager.java:101)
	at java.util.Observable.notifyObservers(Unknown Source)
	at org.eclipse.cdt.debug.mi.core.MISession.notifyObservers(MISession.java:797)
	at org.eclipse.cdt.debug.mi.core.EventThread.run(EventThread.java:47)
!SESSION 2020-03-10 10:54:32.209 -----------------------------------------------
eclipse.buildId=M20130204-1200
java.version=1.7.0_25
java.vendor=Oracle Corporation
BootLoader constants: OS=win32, ARCH=x86, WS=win32, NL=es_ES
Framework arguments:  -product org.eclipse.epp.package.cpp.product -product org.eclipse.epp.package.cpp.product -product org.eclipse.epp.package.cpp.product
Command-line arguments:  -os win32 -ws win32 -arch x86 -product org.eclipse.epp.package.cpp.product -product org.eclipse.epp.package.cpp.product -data D:\EC\PracticasEC\P3(Old) -product org.eclipse.epp.package.cpp.product

!ENTRY org.eclipse.egit.ui 2 0 2020-03-10 10:54:59.192
!MESSAGE Warning: EGit couldn't detect the installation path "gitPrefix" of native Git. Hence EGit can't respect system level
Git settings which might be configured in ${gitPrefix}/etc/gitconfig under the native Git installation directory.
The most important of these settings is core.autocrlf. Git for Windows by default sets this parameter to true in
this system level configuration. The Git installation location can be configured on the
Team > Git > Configuration preference page's 'System Settings' tab.
This warning can be switched off on the Team > Git > Confirmations and Warnings preference page.

!ENTRY org.eclipse.egit.ui 2 0 2020-03-10 10:54:59.201
!MESSAGE Warning: The environment variable HOME is not set. The following directory will be used to store the Git
user global configuration and to define the default location to store repositories: 'C:\Users\ignac'. If this is
not correct please set the HOME environment variable and restart Eclipse. Otherwise Git for Windows and
EGit might behave differently since they see different configuration options.
This warning can be switched off on the Team > Git > Confirmations and Warnings preference page.

!ENTRY org.eclipse.cdt.debug.mi.core 4 42 2020-03-10 10:55:38.919
!MESSAGE Internal Error
!STACK 0
org.eclipse.cdt.debug.mi.core.cdi.MI2CDIException: Inferior terminated[]
	at org.eclipse.cdt.debug.mi.core.cdi.SharedLibraryManager.getMIShareds(SharedLibraryManager.java:123)
	at org.eclipse.cdt.debug.mi.core.cdi.SharedLibraryManager.updateState(SharedLibraryManager.java:189)
	at org.eclipse.cdt.debug.mi.core.cdi.SharedLibraryManager.update(SharedLibraryManager.java:137)
	at org.eclipse.cdt.debug.mi.core.cdi.EventManager.processSuspendedEvent(EventManager.java:329)
	at org.eclipse.cdt.debug.mi.core.cdi.EventManager.update(EventManager.java:101)
	at java.util.Observable.notifyObservers(Unknown Source)
	at org.eclipse.cdt.debug.mi.core.MISession.notifyObservers(MISession.java:797)
	at org.eclipse.cdt.debug.mi.core.EventThread.run(EventThread.java:47)
!SESSION 2020-03-10 11:07:01.241 -----------------------------------------------
eclipse.buildId=M20130204-1200
java.version=1.7.0_25
java.vendor=Oracle Corporation
BootLoader constants: OS=win32, ARCH=x86, WS=win32, NL=es_ES
Framework arguments:  -product org.eclipse.epp.package.cpp.product -product org.eclipse.epp.package.cpp.product -product org.eclipse.epp.package.cpp.product -product org.eclipse.epp.package.cpp.product -product org.eclipse.epp.package.cpp.product
Command-line arguments:  -os win32 -ws win32 -arch x86 -product org.eclipse.epp.package.cpp.product -product org.eclipse.epp.package.cpp.product -product org.eclipse.epp.package.cpp.product -product org.eclipse.epp.package.cpp.product -data D:\EC\PracticasEC\P3(Old) -product org.eclipse.epp.package.cpp.product

!ENTRY org.eclipse.egit.ui 2 0 2020-03-10 11:07:11.368
!MESSAGE Warning: EGit couldn't detect the installation path "gitPrefix" of native Git. Hence EGit can't respect system level
Git settings which might be configured in ${gitPrefix}/etc/gitconfig under the native Git installation directory.
The most important of these settings is core.autocrlf. Git for Windows by default sets this parameter to true in
this system level configuration. The Git installation location can be configured on the
Team > Git > Configuration preference page's 'System Settings' tab.
This warning can be switched off on the Team > Git > Confirmations and Warnings preference page.

!ENTRY org.eclipse.egit.ui 2 0 2020-03-10 11:07:11.380
!MESSAGE Warning: The environment variable HOME is not set. The following directory will be used to store the Git
user global configuration and to define the default location to store repositories: 'C:\Users\ignac'. If this is
not correct please set the HOME environment variable and restart Eclipse. Otherwise Git for Windows and
EGit might behave differently since they see different configuration options.
This warning can be switched off on the Team > Git > Confirmations and Warnings preference page.

!ENTRY org.eclipse.jface 2 0 2020-03-10 11:15:00.911
!MESSAGE Keybinding conflicts occurred.  They may interfere with normal accelerator operation.
!SUBENTRY 1 org.eclipse.jface 2 0 2020-03-10 11:15:00.911
!MESSAGE A conflict occurred for ALT+CTRL+I:
Binding(ALT+CTRL+I,
	ParameterizedCommand(Command(org.eclipse.cdt.ui.edit.open.include.browser,Open Include Browser,
		Open an include browser on the selected element,
		Category(org.eclipse.ui.category.navigate,Navigate,null,true),
		org.eclipse.ui.internal.MakeHandlersGo@aa317e,
		,,true),null),
	org.eclipse.ui.defaultAcceleratorConfiguration,
	org.eclipse.cdt.ui.cEditorScope,,,system)
Binding(ALT+CTRL+I,
	ParameterizedCommand(Command(org.eclipse.cdt.ui.edit.open.include.browser,Open Include Browser,
		Open an include browser on the selected element,
		Category(org.eclipse.ui.category.navigate,Navigate,null,true),
		org.eclipse.ui.internal.MakeHandlersGo@aa317e,
		,,true),null),
	org.eclipse.ui.defaultAcceleratorConfiguration,
	org.eclipse.cdt.ui.cViewScope,,,system)
!SUBENTRY 1 org.eclipse.jface 2 0 2020-03-10 11:15:00.911
!MESSAGE A conflict occurred for ALT+SHIFT+R:
Binding(ALT+SHIFT+R,
	ParameterizedCommand(Command(org.eclipse.cdt.ui.edit.text.rename.element,Rename - Refactoring ,
		Rename the selected element,
		Category(org.eclipse.cdt.ui.category.refactoring,Refactor - C++,C/C++ Refactorings,true),
		org.eclipse.ui.internal.MakeHandlersGo@197488f,
		,,true),null),
	org.eclipse.ui.defaultAcceleratorConfiguration,
	org.eclipse.cdt.ui.cEditorScope,,,system)
Binding(ALT+SHIFT+R,
	ParameterizedCommand(Command(org.eclipse.cdt.ui.edit.text.rename.element,Rename - Refactoring ,
		Rename the selected element,
		Category(org.eclipse.cdt.ui.category.refactoring,Refactor - C++,C/C++ Refactorings,true),
		org.eclipse.ui.internal.MakeHandlersGo@197488f,
		,,true),null),
	org.eclipse.ui.defaultAcceleratorConfiguration,
	org.eclipse.cdt.ui.cViewScope,,,system)
!SUBENTRY 1 org.eclipse.jface 2 0 2020-03-10 11:15:00.911
!MESSAGE A conflict occurred for F4:
Binding(F4,
	ParameterizedCommand(Command(org.eclipse.cdt.ui.edit.open.type.hierarchy,Open Type Hierarchy,
		Open a type hierarchy on the selected element,
		Category(org.eclipse.ui.category.navigate,Navigate,null,true),
		org.eclipse.ui.internal.MakeHandlersGo@11cdf92,
		,,true),null),
	org.eclipse.ui.defaultAcceleratorConfiguration,
	org.eclipse.cdt.ui.cEditorScope,,,system)
Binding(F4,
	ParameterizedCommand(Command(org.eclipse.cdt.ui.edit.open.type.hierarchy,Open Type Hierarchy,
		Open a type hierarchy on the selected element,
		Category(org.eclipse.ui.category.navigate,Navigate,null,true),
		org.eclipse.ui.internal.MakeHandlersGo@11cdf92,
		,,true),null),
	org.eclipse.ui.defaultAcceleratorConfiguration,
	org.eclipse.cdt.ui.cViewScope,,,system)
!SUBENTRY 1 org.eclipse.jface 2 0 2020-03-10 11:15:00.911
!MESSAGE A conflict occurred for F3:
Binding(F3,
	ParameterizedCommand(Command(org.eclipse.cdt.ui.edit.opendecl,Open Declaration,
		Open an editor on the selected element's declaration(s),
		Category(org.eclipse.cdt.ui.category.source,Source,Source commands,true),
		org.eclipse.ui.internal.MakeHandlersGo@9a13d8,
		,,true),null),
	org.eclipse.ui.defaultAcceleratorConfiguration,
	org.eclipse.cdt.ui.cEditorScope,,,system)
Binding(F3,
	ParameterizedCommand(Command(org.eclipse.cdt.ui.edit.opendecl,Open Declaration,
		Open an editor on the selected element's declaration(s),
		Category(org.eclipse.cdt.ui.category.source,Source,Source commands,true),
		org.eclipse.ui.internal.MakeHandlersGo@9a13d8,
		,,true),null),
	org.eclipse.ui.defaultAcceleratorConfiguration,
	org.eclipse.cdt.ui.cViewScope,,,system)
!SUBENTRY 1 org.eclipse.jface 2 0 2020-03-10 11:15:00.911
!MESSAGE A conflict occurred for CTRL+SHIFT+T:
Binding(CTRL+SHIFT+T,
	ParameterizedCommand(Command(org.eclipse.cdt.ui.navigate.opentype,Open Element,
		Open an element in an Editor,
		Category(org.eclipse.cdt.ui.category.source,Source,Source commands,true),
		org.eclipse.ui.internal.MakeHandlersGo@18cea03,
		,,true),null),
	org.eclipse.ui.defaultAcceleratorConfiguration,
	org.eclipse.cdt.ui.cEditorScope,,,system)
Binding(CTRL+SHIFT+T,
	ParameterizedCommand(Command(org.eclipse.cdt.ui.navigate.opentype,Open Element,
		Open an element in an Editor,
		Category(org.eclipse.cdt.ui.category.source,Source,Source commands,true),
		org.eclipse.ui.internal.MakeHandlersGo@18cea03,
		,,true),null),
	org.eclipse.ui.defaultAcceleratorConfiguration,
	org.eclipse.cdt.ui.cViewScope,,,system)
!SUBENTRY 1 org.eclipse.jface 2 0 2020-03-10 11:15:00.911
!MESSAGE A conflict occurred for CTRL+G:
Binding(CTRL+G,
	ParameterizedCommand(Command(org.eclipse.cdt.ui.search.finddecl,Declaration,
		Search for declarations of the selected element in the workspace,
		Category(org.eclipse.cdt.ui.category.source,Source,Source commands,true),
		org.eclipse.ui.internal.MakeHandlersGo@57a73f,
		,,true),null),
	org.eclipse.ui.defaultAcceleratorConfiguration,
	org.eclipse.cdt.ui.cEditorScope,,,system)
Binding(CTRL+G,
	ParameterizedCommand(Command(org.eclipse.cdt.ui.search.finddecl,Declaration,
		Search for declarations of the selected element in the workspace,
		Category(org.eclipse.cdt.ui.category.source,Source,Source commands,true),
		org.eclipse.ui.internal.MakeHandlersGo@57a73f,
		,,true),null),
	org.eclipse.ui.defaultAcceleratorConfiguration,
	org.eclipse.cdt.ui.cViewScope,,,system)
!SUBENTRY 1 org.eclipse.jface 2 0 2020-03-10 11:15:00.911
!MESSAGE A conflict occurred for CTRL+SHIFT+G:
Binding(CTRL+SHIFT+G,
	ParameterizedCommand(Command(org.eclipse.cdt.ui.search.findrefs,References,
		Search for references to the selected element in the workspace,
		Category(org.eclipse.cdt.ui.category.source,Source,Source commands,true),
		org.eclipse.ui.internal.MakeHandlersGo@a555cb,
		,,true),null),
	org.eclipse.ui.defaultAcceleratorConfiguration,
	org.eclipse.cdt.ui.cEditorScope,,,system)
Binding(CTRL+SHIFT+G,
	ParameterizedCommand(Command(org.eclipse.cdt.ui.search.findrefs,References,
		Search for references to the selected element in the workspace,
		Category(org.eclipse.cdt.ui.category.source,Source,Source commands,true),
		org.eclipse.ui.internal.MakeHandlersGo@a555cb,
		,,true),null),
	org.eclipse.ui.defaultAcceleratorConfiguration,
	org.eclipse.cdt.ui.cViewScope,,,system)
!SUBENTRY 1 org.eclipse.jface 2 0 2020-03-10 11:15:00.911
!MESSAGE A conflict occurred for ALT+CTRL+H:
Binding(ALT+CTRL+H,
	ParameterizedCommand(Command(org.eclipse.cdt.ui.edit.open.call.hierarchy,Open Call Hierarchy,
		Open the call hierarchy for the selected element,
		Category(org.eclipse.ui.category.navigate,Navigate,null,true),
		org.eclipse.ui.internal.MakeHandlersGo@a3be41,
		,,true),null),
	org.eclipse.ui.defaultAcceleratorConfiguration,
	org.eclipse.cdt.ui.cEditorScope,,,system)
Binding(ALT+CTRL+H,
	ParameterizedCommand(Command(org.eclipse.cdt.ui.edit.open.call.hierarchy,Open Call Hierarchy,
		Open the call hierarchy for the selected element,
		Category(org.eclipse.ui.category.navigate,Navigate,null,true),
		org.eclipse.ui.internal.MakeHandlersGo@a3be41,
		,,true),null),
	org.eclipse.ui.defaultAcceleratorConfiguration,
	org.eclipse.cdt.ui.cViewScope,,,system)
!SUBENTRY 1 org.eclipse.jface 2 0 2020-03-10 11:15:00.911
!MESSAGE A conflict occurred for CTRL+SHIFT+H:
Binding(CTRL+SHIFT+H,
	ParameterizedCommand(Command(org.eclipse.cdt.ui.navigate.open.type.in.hierarchy,Open Type in Hierarchy,
		Open a type in the type hierarchy view,
		Category(org.eclipse.ui.category.navigate,Navigate,null,true),
		org.eclipse.ui.internal.MakeHandlersGo@1fa6f6,
		,,true),null),
	org.eclipse.ui.defaultAcceleratorConfiguration,
	org.eclipse.cdt.ui.cEditorScope,,,system)
Binding(CTRL+SHIFT+H,
	ParameterizedCommand(Command(org.eclipse.cdt.ui.navigate.open.type.in.hierarchy,Open Type in Hierarchy,
		Open a type in the type hierarchy view,
		Category(org.eclipse.ui.category.navigate,Navigate,null,true),
		org.eclipse.ui.internal.MakeHandlersGo@1fa6f6,
		,,true),null),
	org.eclipse.ui.defaultAcceleratorConfiguration,
	org.eclipse.cdt.ui.cViewScope,,,system)

!ENTRY org.eclipse.debug.ui 4 2 2020-03-10 11:51:31.170
!MESSAGE Problems occurred when invoking code from plug-in: "org.eclipse.debug.ui".
!STACK 0
java.lang.NullPointerException
	at org.eclipse.debug.core.sourcelookup.containers.CompositeSourceContainer.getSourceContainers(CompositeSourceContainer.java:131)
	at org.eclipse.cdt.debug.internal.core.sourcelookup.SourceUtils.getCompilationPath(SourceUtils.java:205)
	at org.eclipse.cdt.debug.internal.core.sourcelookup.CSourceLookupDirector.getCompilationPath(CSourceLookupDirector.java:179)
	at org.eclipse.cdt.debug.internal.ui.actions.RunToLineAdapter.convertPath(RunToLineAdapter.java:171)
	at org.eclipse.cdt.debug.internal.ui.actions.RunToLineAdapter.canRunToLine(RunToLineAdapter.java:141)
	at org.eclipse.debug.internal.ui.actions.RetargetRunToLineAction.canPerformAction(RetargetRunToLineAction.java:90)
	at org.eclipse.debug.internal.ui.actions.RetargetAction.isTargetEnabled(RetargetAction.java:235)
	at org.eclipse.debug.internal.ui.actions.RetargetRunToLineAction$DebugContextListener.contextActivated(RetargetRunToLineAction.java:51)
	at org.eclipse.debug.internal.ui.actions.RetargetRunToLineAction$DebugContextListener.debugContextChanged(RetargetRunToLineAction.java:56)
	at org.eclipse.debug.internal.ui.contexts.DebugWindowContextService$1.run(DebugWindowContextService.java:212)
	at org.eclipse.core.runtime.SafeRunner.run(SafeRunner.java:42)
	at org.eclipse.debug.internal.ui.contexts.DebugWindowContextService.notify(DebugWindowContextService.java:210)
	at org.eclipse.debug.internal.ui.contexts.DebugWindowContextService.notify(DebugWindowContextService.java:185)
	at org.eclipse.debug.internal.ui.contexts.DebugWindowContextService.debugContextChanged(DebugWindowContextService.java:408)
	at org.eclipse.debug.ui.contexts.AbstractDebugContextProvider$1.run(AbstractDebugContextProvider.java:79)
	at org.eclipse.core.runtime.SafeRunner.run(SafeRunner.java:42)
	at org.eclipse.debug.ui.contexts.AbstractDebugContextProvider.fire(AbstractDebugContextProvider.java:77)
	at org.eclipse.debug.internal.ui.views.launch.LaunchView$ContextProviderProxy.debugContextChanged(LaunchView.java:506)
	at org.eclipse.debug.ui.contexts.AbstractDebugContextProvider$1.run(AbstractDebugContextProvider.java:79)
	at org.eclipse.core.runtime.SafeRunner.run(SafeRunner.java:42)
	at org.eclipse.debug.ui.contexts.AbstractDebugContextProvider.fire(AbstractDebugContextProvider.java:77)
	at org.eclipse.debug.internal.ui.views.launch.LaunchView$TreeViewerContextProvider.possibleChange(LaunchView.java:397)
	at org.eclipse.debug.internal.ui.views.launch.LaunchView$TreeViewerContextProvider$Visitor.visit(LaunchView.java:320)
	at org.eclipse.debug.internal.ui.viewers.model.provisional.ModelDelta.doAccept(ModelDelta.java:389)
	at org.eclipse.debug.internal.ui.viewers.model.provisional.ModelDelta.doAccept(ModelDelta.java:392)
	at org.eclipse.debug.internal.ui.viewers.model.provisional.ModelDelta.doAccept(ModelDelta.java:392)
	at org.eclipse.debug.internal.ui.viewers.model.provisional.ModelDelta.accept(ModelDelta.java:385)
	at org.eclipse.debug.internal.ui.views.launch.LaunchView$TreeViewerContextProvider.modelChanged(LaunchView.java:425)
	at org.eclipse.debug.internal.ui.viewers.model.TreeModelContentProvider.doModelChanged(TreeModelContentProvider.java:415)
	at org.eclipse.debug.internal.ui.viewers.model.TreeModelContentProvider.access$0(TreeModelContentProvider.java:401)
	at org.eclipse.debug.internal.ui.viewers.model.TreeModelContentProvider$2.run(TreeModelContentProvider.java:389)
	at org.eclipse.swt.widgets.RunnableLock.run(RunnableLock.java:35)
	at org.eclipse.swt.widgets.Synchronizer.runAsyncMessages(Synchronizer.java:135)
	at org.eclipse.swt.widgets.Display.runAsyncMessages(Display.java:4144)
	at org.eclipse.swt.widgets.Display.readAndDispatch(Display.java:3761)
	at org.eclipse.e4.ui.internal.workbench.swt.PartRenderingEngine$9.run(PartRenderingEngine.java:1053)
	at org.eclipse.core.databinding.observable.Realm.runWithDefault(Realm.java:332)
	at org.eclipse.e4.ui.internal.workbench.swt.PartRenderingEngine.run(PartRenderingEngine.java:942)
	at org.eclipse.e4.ui.internal.workbench.E4Workbench.createAndRunUI(E4Workbench.java:86)
	at org.eclipse.ui.internal.Workbench$5.run(Workbench.java:588)
	at org.eclipse.core.databinding.observable.Realm.runWithDefault(Realm.java:332)
	at org.eclipse.ui.internal.Workbench.createAndRunWorkbench(Workbench.java:543)
	at org.eclipse.ui.PlatformUI.createAndRunWorkbench(PlatformUI.java:149)
	at org.eclipse.ui.internal.ide.application.IDEApplication.start(IDEApplication.java:124)
	at org.eclipse.equinox.internal.app.EclipseAppHandle.run(EclipseAppHandle.java:196)
	at org.eclipse.core.runtime.internal.adaptor.EclipseAppLauncher.runApplication(EclipseAppLauncher.java:110)
	at org.eclipse.core.runtime.internal.adaptor.EclipseAppLauncher.start(EclipseAppLauncher.java:79)
	at org.eclipse.core.runtime.adaptor.EclipseStarter.run(EclipseStarter.java:353)
	at org.eclipse.core.runtime.adaptor.EclipseStarter.run(EclipseStarter.java:180)
	at sun.reflect.NativeMethodAccessorImpl.invoke0(Native Method)
	at sun.reflect.NativeMethodAccessorImpl.invoke(Unknown Source)
	at sun.reflect.DelegatingMethodAccessorImpl.invoke(Unknown Source)
	at java.lang.reflect.Method.invoke(Unknown Source)
	at org.eclipse.equinox.launcher.Main.invokeFramework(Main.java:629)
	at org.eclipse.equinox.launcher.Main.basicRun(Main.java:584)
	at org.eclipse.equinox.launcher.Main.run(Main.java:1438)

!ENTRY org.eclipse.debug.ui 4 120 2020-03-10 11:51:31.183
!MESSAGE Error logged from Debug UI: 
!STACK 0
java.lang.NullPointerException
	at org.eclipse.debug.core.sourcelookup.containers.CompositeSourceContainer.getSourceContainers(CompositeSourceContainer.java:131)
	at org.eclipse.cdt.debug.internal.core.sourcelookup.SourceUtils.getCompilationPath(SourceUtils.java:205)
	at org.eclipse.cdt.debug.internal.core.sourcelookup.CSourceLookupDirector.getCompilationPath(CSourceLookupDirector.java:179)
	at org.eclipse.cdt.debug.internal.ui.actions.RunToLineAdapter.convertPath(RunToLineAdapter.java:171)
	at org.eclipse.cdt.debug.internal.ui.actions.RunToLineAdapter.canRunToLine(RunToLineAdapter.java:141)
	at org.eclipse.debug.internal.ui.actions.RetargetRunToLineAction.canPerformAction(RetargetRunToLineAction.java:90)
	at org.eclipse.debug.internal.ui.actions.RetargetAction.isTargetEnabled(RetargetAction.java:235)
	at org.eclipse.debug.internal.ui.actions.RetargetRunToLineAction$DebugContextListener.contextActivated(RetargetRunToLineAction.java:51)
	at org.eclipse.debug.internal.ui.actions.RetargetRunToLineAction$DebugContextListener.debugContextChanged(RetargetRunToLineAction.java:56)
	at org.eclipse.debug.internal.ui.contexts.DebugWindowContextService$1.run(DebugWindowContextService.java:212)
	at org.eclipse.core.runtime.SafeRunner.run(SafeRunner.java:42)
	at org.eclipse.debug.internal.ui.contexts.DebugWindowContextService.notify(DebugWindowContextService.java:210)
	at org.eclipse.debug.internal.ui.contexts.DebugWindowContextService.notify(DebugWindowContextService.java:185)
	at org.eclipse.debug.internal.ui.contexts.DebugWindowContextService.debugContextChanged(DebugWindowContextService.java:408)
	at org.eclipse.debug.ui.contexts.AbstractDebugContextProvider$1.run(AbstractDebugContextProvider.java:79)
	at org.eclipse.core.runtime.SafeRunner.run(SafeRunner.java:42)
	at org.eclipse.debug.ui.contexts.AbstractDebugContextProvider.fire(AbstractDebugContextProvider.java:77)
	at org.eclipse.debug.internal.ui.views.launch.LaunchView$ContextProviderProxy.debugContextChanged(LaunchView.java:506)
	at org.eclipse.debug.ui.contexts.AbstractDebugContextProvider$1.run(AbstractDebugContextProvider.java:79)
	at org.eclipse.core.runtime.SafeRunner.run(SafeRunner.java:42)
	at org.eclipse.debug.ui.contexts.AbstractDebugContextProvider.fire(AbstractDebugContextProvider.java:77)
	at org.eclipse.debug.internal.ui.views.launch.LaunchView$TreeViewerContextProvider.possibleChange(LaunchView.java:397)
	at org.eclipse.debug.internal.ui.views.launch.LaunchView$TreeViewerContextProvider$Visitor.visit(LaunchView.java:320)
	at org.eclipse.debug.internal.ui.viewers.model.provisional.ModelDelta.doAccept(ModelDelta.java:389)
	at org.eclipse.debug.internal.ui.viewers.model.provisional.ModelDelta.doAccept(ModelDelta.java:392)
	at org.eclipse.debug.internal.ui.viewers.model.provisional.ModelDelta.doAccept(ModelDelta.java:392)
	at org.eclipse.debug.internal.ui.viewers.model.provisional.ModelDelta.accept(ModelDelta.java:385)
	at org.eclipse.debug.internal.ui.views.launch.LaunchView$TreeViewerContextProvider.modelChanged(LaunchView.java:425)
	at org.eclipse.debug.internal.ui.viewers.model.TreeModelContentProvider.doModelChanged(TreeModelContentProvider.java:415)
	at org.eclipse.debug.internal.ui.viewers.model.TreeModelContentProvider.access$0(TreeModelContentProvider.java:401)
	at org.eclipse.debug.internal.ui.viewers.model.TreeModelContentProvider$2.run(TreeModelContentProvider.java:389)
	at org.eclipse.swt.widgets.RunnableLock.run(RunnableLock.java:35)
	at org.eclipse.swt.widgets.Synchronizer.runAsyncMessages(Synchronizer.java:135)
	at org.eclipse.swt.widgets.Display.runAsyncMessages(Display.java:4144)
	at org.eclipse.swt.widgets.Display.readAndDispatch(Display.java:3761)
	at org.eclipse.e4.ui.internal.workbench.swt.PartRenderingEngine$9.run(PartRenderingEngine.java:1053)
	at org.eclipse.core.databinding.observable.Realm.runWithDefault(Realm.java:332)
	at org.eclipse.e4.ui.internal.workbench.swt.PartRenderingEngine.run(PartRenderingEngine.java:942)
	at org.eclipse.e4.ui.internal.workbench.E4Workbench.createAndRunUI(E4Workbench.java:86)
	at org.eclipse.ui.internal.Workbench$5.run(Workbench.java:588)
	at org.eclipse.core.databinding.observable.Realm.runWithDefault(Realm.java:332)
	at org.eclipse.ui.internal.Workbench.createAndRunWorkbench(Workbench.java:543)
	at org.eclipse.ui.PlatformUI.createAndRunWorkbench(PlatformUI.java:149)
	at org.eclipse.ui.internal.ide.application.IDEApplication.start(IDEApplication.java:124)
	at org.eclipse.equinox.internal.app.EclipseAppHandle.run(EclipseAppHandle.java:196)
	at org.eclipse.core.runtime.internal.adaptor.EclipseAppLauncher.runApplication(EclipseAppLauncher.java:110)
	at org.eclipse.core.runtime.internal.adaptor.EclipseAppLauncher.start(EclipseAppLauncher.java:79)
	at org.eclipse.core.runtime.adaptor.EclipseStarter.run(EclipseStarter.java:353)
	at org.eclipse.core.runtime.adaptor.EclipseStarter.run(EclipseStarter.java:180)
	at sun.reflect.NativeMethodAccessorImpl.invoke0(Native Method)
	at sun.reflect.NativeMethodAccessorImpl.invoke(Unknown Source)
	at sun.reflect.DelegatingMethodAccessorImpl.invoke(Unknown Source)
	at java.lang.reflect.Method.invoke(Unknown Source)
	at org.eclipse.equinox.launcher.Main.invokeFramework(Main.java:629)
	at org.eclipse.equinox.launcher.Main.basicRun(Main.java:584)
	at org.eclipse.equinox.launcher.Main.run(Main.java:1438)

!ENTRY org.eclipse.cdt.debug.mi.core 4 42 2020-03-10 12:42:19.667
!MESSAGE Internal Error
!STACK 0
org.eclipse.cdt.debug.mi.core.cdi.MI2CDIException: {R,T}xThread terminated[]
	at org.eclipse.cdt.debug.mi.core.cdi.SharedLibraryManager.getMIShareds(SharedLibraryManager.java:123)
	at org.eclipse.cdt.debug.mi.core.cdi.SharedLibraryManager.updateState(SharedLibraryManager.java:189)
	at org.eclipse.cdt.debug.mi.core.cdi.SharedLibraryManager.update(SharedLibraryManager.java:137)
	at org.eclipse.cdt.debug.mi.core.cdi.EventManager.processSuspendedEvent(EventManager.java:329)
	at org.eclipse.cdt.debug.mi.core.cdi.EventManager.update(EventManager.java:101)
	at java.util.Observable.notifyObservers(Unknown Source)
	at org.eclipse.cdt.debug.mi.core.MISession.notifyObservers(MISession.java:797)
	at org.eclipse.cdt.debug.mi.core.EventThread.run(EventThread.java:47)
