   1              		.cpu arm7tdmi
   2              		.fpu softvfp
   3              		.eabi_attribute 20, 1
   4              		.eabi_attribute 21, 1
   5              		.eabi_attribute 23, 3
   6              		.eabi_attribute 24, 1
   7              		.eabi_attribute 25, 1
   8              		.eabi_attribute 26, 1
   9              		.eabi_attribute 30, 6
  10              		.eabi_attribute 18, 4
  11              		.file	"arit-ent.c"
  21              	.Ltext0:
  22              		.file 1 "../arit-ent.c"
 969              		.align	2
 970              		.global	main
 972              	main:
 973              	.LFB0:
   1:../arit-ent.c **** 
   2:../arit-ent.c **** int x;
   3:../arit-ent.c **** short y1;
   4:../arit-ent.c **** unsigned short y2;
   5:../arit-ent.c **** char z;
   6:../arit-ent.c **** 
   7:../arit-ent.c **** int main() {
 974              		.loc 1 7 0
 975              		.cfi_startproc
 976              		@ Function supports interworking.
 977              		@ args = 0, pretend = 0, frame = 8
 978              		@ frame_needed = 1, uses_anonymous_args = 0
 979 0000 0DC0A0E1 		mov	ip, sp
 980              	.LCFI0:
 981              		.cfi_def_cfa_register 12
 982 0004 00D82DE9 		stmfd	sp!, {fp, ip, lr, pc}
 983 0008 04B04CE2 		sub	fp, ip, #4
 984              		.cfi_offset 14, -8
 985              		.cfi_offset 13, -12
 986              		.cfi_offset 11, -16
 987              	.LCFI1:
 988              		.cfi_def_cfa 11, 4
 989 000c 08D04DE2 		sub	sp, sp, #8
   8:../arit-ent.c ****   unsigned short a,b;
   9:../arit-ent.c **** 
  10:../arit-ent.c ****   x=9;
 990              		.loc 1 10 0
 991 0010 DC309FE5 		ldr	r3, .L2
 992 0014 0920A0E3 		mov	r2, #9
 993 0018 002083E5 		str	r2, [r3, #0]
  11:../arit-ent.c ****   z = x + 126;
 994              		.loc 1 11 0
 995 001c D0309FE5 		ldr	r3, .L2
 996 0020 003093E5 		ldr	r3, [r3, #0]
 997 0024 FF3003E2 		and	r3, r3, #255
 998 0028 7E3083E2 		add	r3, r3, #126
 999 002c FF2003E2 		and	r2, r3, #255
 1000 0030 C0309FE5 		ldr	r3, .L2+4
 1001 0034 0020C3E5 		strb	r2, [r3, #0]
  12:../arit-ent.c ****   a = 4;
 1002              		.loc 1 12 0
 1003 0038 0430A0E3 		mov	r3, #4
 1004 003c BE304BE1 		strh	r3, [fp, #-14]	@ movhi
  13:../arit-ent.c ****   b = a - 7;
 1005              		.loc 1 13 0
 1006 0040 BE305BE1 		ldrh	r3, [fp, #-14]	@ movhi
 1007 0044 073043E2 		sub	r3, r3, #7
 1008 0048 B0314BE1 		strh	r3, [fp, #-16]	@ movhi
  14:../arit-ent.c ****   
  15:../arit-ent.c ****   z = 9 /2;
 1009              		.loc 1 15 0
 1010 004c A4309FE5 		ldr	r3, .L2+4
 1011 0050 0420A0E3 		mov	r2, #4
 1012 0054 0020C3E5 		strb	r2, [r3, #0]
  16:../arit-ent.c **** 
  17:../arit-ent.c ****   y1 = 128*128 + (128*128-1); // 2^7*2^7) + (2^14-1)
 1013              		.loc 1 17 0
 1014 0058 9C309FE5 		ldr	r3, .L2+8
 1015 005c 0229E0E3 		mvn	r2, #32768
 1016 0060 B020C3E1 		strh	r2, [r3, #0]	@ movhi
  18:../arit-ent.c ****   y1 = y1 + 1; // Comprobar si el resultado es el esperado
 1017              		.loc 1 18 0
 1018 0064 90309FE5 		ldr	r3, .L2+8
 1019 0068 B030D3E1 		ldrh	r3, [r3, #0]
 1020 006c 0338A0E1 		mov	r3, r3, asl #16
 1021 0070 2338A0E1 		mov	r3, r3, lsr #16
 1022 0074 013083E2 		add	r3, r3, #1
 1023 0078 0338A0E1 		mov	r3, r3, asl #16
 1024 007c 2338A0E1 		mov	r3, r3, lsr #16
 1025 0080 0338A0E1 		mov	r3, r3, asl #16
 1026 0084 2328A0E1 		mov	r2, r3, lsr #16
 1027 0088 6C309FE5 		ldr	r3, .L2+8
 1028 008c B020C3E1 		strh	r2, [r3, #0]	@ movhi
  19:../arit-ent.c **** 
  20:../arit-ent.c ****   y2 = 128*128 + (128*128-1); // 2^7*2^7) + (2^14-1)
 1029              		.loc 1 20 0
 1030 0090 68309FE5 		ldr	r3, .L2+12
 1031 0094 0229E0E3 		mvn	r2, #32768
 1032 0098 B020C3E1 		strh	r2, [r3, #0]	@ movhi
  21:../arit-ent.c ****   y2 = y2 + 1; //Comprobar si el resultado es el esperad
 1033              		.loc 1 21 0
 1034 009c 5C309FE5 		ldr	r3, .L2+12
 1035 00a0 B030D3E1 		ldrh	r3, [r3, #0]
 1036 00a4 013083E2 		add	r3, r3, #1
 1037 00a8 0338A0E1 		mov	r3, r3, asl #16
 1038 00ac 2328A0E1 		mov	r2, r3, lsr #16
 1039 00b0 48309FE5 		ldr	r3, .L2+12
 1040 00b4 B020C3E1 		strh	r2, [r3, #0]	@ movhi
  22:../arit-ent.c **** 
  23:../arit-ent.c **** 
  24:../arit-ent.c ****   y2 = 256*128 + (256*128-1); // (2^8*2^7) + (2^15-1)
 1041              		.loc 1 24 0
 1042 00b8 40309FE5 		ldr	r3, .L2+12
 1043 00bc 0020E0E3 		mvn	r2, #0
 1044 00c0 B020C3E1 		strh	r2, [r3, #0]	@ movhi
  25:../arit-ent.c ****   y2 = y2 + 1; //Comprobar si el resultado es el esperad
 1045              		.loc 1 25 0
 1046 00c4 34309FE5 		ldr	r3, .L2+12
 1047 00c8 B030D3E1 		ldrh	r3, [r3, #0]
 1048 00cc 013083E2 		add	r3, r3, #1
 1049 00d0 0338A0E1 		mov	r3, r3, asl #16
 1050 00d4 2328A0E1 		mov	r2, r3, lsr #16
 1051 00d8 20309FE5 		ldr	r3, .L2+12
 1052 00dc B020C3E1 		strh	r2, [r3, #0]	@ movhi
  26:../arit-ent.c **** 
  27:../arit-ent.c ****   return 0;
 1053              		.loc 1 27 0
 1054 00e0 0030A0E3 		mov	r3, #0
  28:../arit-ent.c **** }
 1055              		.loc 1 28 0
 1056 00e4 0300A0E1 		mov	r0, r3
 1057 00e8 0CD04BE2 		sub	sp, fp, #12
 1058 00ec 00689DE8 		ldmfd	sp, {fp, sp, lr}
 1059 00f0 1EFF2FE1 		bx	lr
 1060              	.L3:
 1061              		.align	2
 1062              	.L2:
 1063 00f4 00000000 		.word	x
 1064 00f8 00000000 		.word	z
 1065 00fc 00000000 		.word	y1
 1066 0100 00000000 		.word	y2
 1067              		.cfi_endproc
 1068              	.LFE0:
 1070              	.Letext0:
DEFINED SYMBOLS
                            *ABS*:00000000 arit-ent.c
                            *COM*:00000004 x
                            *COM*:00000002 y1
                            *COM*:00000002 y2
                            *COM*:00000001 z
C:\Users\ignac\AppData\Local\Temp\ccmtPzOP.s:969    .text:00000000 $a
C:\Users\ignac\AppData\Local\Temp\ccmtPzOP.s:972    .text:00000000 main
C:\Users\ignac\AppData\Local\Temp\ccmtPzOP.s:1063   .text:000000f4 $d
                     .debug_frame:00000010 $d

NO UNDEFINED SYMBOLS
