   1              		.cpu arm7tdmi
   2              		.fpu softvfp
   3              		.eabi_attribute 20, 1
   4              		.eabi_attribute 21, 1
   5              		.eabi_attribute 23, 3
   6              		.eabi_attribute 24, 1
   7              		.eabi_attribute 25, 1
   8              		.eabi_attribute 26, 1
   9              		.eabi_attribute 30, 6
  10              		.eabi_attribute 18, 4
  11              		.file	"enteros.c"
  21              	.Ltext0:
  22              		.file 1 "../enteros.c"
 968              		.align	2
 969              		.global	main
 971              	main:
 972              	.LFB0:
   1:../enteros.c  **** 
   2:../enteros.c  **** int x; // 4 bytes
   3:../enteros.c  **** short y; // 2 bytes
   4:../enteros.c  **** char z; // 1 byte
   5:../enteros.c  **** int main() {
 973              		.loc 1 5 0
 974              		.cfi_startproc
 975              		@ Function supports interworking.
 976              		@ args = 0, pretend = 0, frame = 8
 977              		@ frame_needed = 1, uses_anonymous_args = 0
 978 0000 0DC0A0E1 		mov	ip, sp
 979              	.LCFI0:
 980              		.cfi_def_cfa_register 12
 981 0004 00D82DE9 		stmfd	sp!, {fp, ip, lr, pc}
 982 0008 04B04CE2 		sub	fp, ip, #4
 983              		.cfi_offset 14, -8
 984              		.cfi_offset 13, -12
 985              		.cfi_offset 11, -16
 986              	.LCFI1:
 987              		.cfi_def_cfa 11, 4
 988 000c 08D04DE2 		sub	sp, sp, #8
   6:../enteros.c  ****   unsigned short a,b; // 1 byte 
   7:../enteros.c  ****     
   8:../enteros.c  ****   // representacion de enteros (4,2 y 1 byte)
   9:../enteros.c  ****   // Comprobar direcciones de cada uno, endiannes, tamaño...
  10:../enteros.c  **** 	x = 3; 
 989              		.loc 1 10 0
 990 0010 50309FE5 		ldr	r3, .L2
 991 0014 0320A0E3 		mov	r2, #3
 992 0018 002083E5 		str	r2, [r3, #0]
  11:../enteros.c  **** 	y = -1; 
 993              		.loc 1 11 0
 994 001c 48309FE5 		ldr	r3, .L2+4
 995 0020 0020E0E3 		mvn	r2, #0
 996 0024 B020C3E1 		strh	r2, [r3, #0]	@ movhi
  12:../enteros.c  ****   z = 129;  
 997              		.loc 1 12 0
 998 0028 40309FE5 		ldr	r3, .L2+8
 999 002c 7E20E0E3 		mvn	r2, #126
 1000 0030 0020C3E5 		strb	r2, [r3, #0]
  13:../enteros.c  ****   a = x - 7; 
 1001              		.loc 1 13 0
 1002 0034 2C309FE5 		ldr	r3, .L2
 1003 0038 003093E5 		ldr	r3, [r3, #0]
 1004 003c 0338A0E1 		mov	r3, r3, asl #16
 1005 0040 2338A0E1 		mov	r3, r3, lsr #16
 1006 0044 073043E2 		sub	r3, r3, #7
 1007 0048 BE304BE1 		strh	r3, [fp, #-14]	@ movhi
  14:../enteros.c  ****   b = 4; 
 1008              		.loc 1 14 0
 1009 004c 0430A0E3 		mov	r3, #4
 1010 0050 B0314BE1 		strh	r3, [fp, #-16]	@ movhi
  15:../enteros.c  ****   return 0;
 1011              		.loc 1 15 0
 1012 0054 0030A0E3 		mov	r3, #0
  16:../enteros.c  **** }
 1013              		.loc 1 16 0
 1014 0058 0300A0E1 		mov	r0, r3
 1015 005c 0CD04BE2 		sub	sp, fp, #12
 1016 0060 00689DE8 		ldmfd	sp, {fp, sp, lr}
 1017 0064 1EFF2FE1 		bx	lr
 1018              	.L3:
 1019              		.align	2
 1020              	.L2:
 1021 0068 00000000 		.word	x
 1022 006c 00000000 		.word	y
 1023 0070 00000000 		.word	z
 1024              		.cfi_endproc
 1025              	.LFE0:
 1027              	.Letext0:
DEFINED SYMBOLS
                            *ABS*:00000000 enteros.c
                            *COM*:00000004 x
                            *COM*:00000002 y
                            *COM*:00000001 z
C:\Users\ignac\AppData\Local\Temp\ccpcVNJF.s:968    .text:00000000 $a
C:\Users\ignac\AppData\Local\Temp\ccpcVNJF.s:971    .text:00000000 main
C:\Users\ignac\AppData\Local\Temp\ccpcVNJF.s:1021   .text:00000068 $d
                     .debug_frame:00000010 $d

NO UNDEFINED SYMBOLS
