   1              	# 1 "../main.S"
   1              	.extern main
   0              	
   0              	
   0              	
   2              	.global start
   3              	
   4              	.equ USRSTACK, 0xc7ff000
   5              	
   6              	.text
   7              	start:
   8 0000 08D09FE5 		ldr sp, =USRSTACK
   9 0004 00B0A0E3 	    mov fp, #0
  10 0008 FEFFFFEB 	    bl main
  11              	
  12              	End:
  13 000c FEFFFFEA 	    B End
  14 0010 00F07F0C 	.end
DEFINED SYMBOLS
           ../main.S:7      .text:00000000 start
           ../main.S:4      *ABS*:0c7ff000 USRSTACK
           ../main.S:8      .text:00000000 $a
           ../main.S:12     .text:0000000c End
           ../main.S:14     .text:00000010 $d
                   .debug_aranges:0000000c $d

UNDEFINED SYMBOLS
main
