!SESSION 2020-02-19 16:20:46.151 -----------------------------------------------
eclipse.buildId=M20130204-1200
java.version=1.7.0_25
java.vendor=Oracle Corporation
BootLoader constants: OS=win32, ARCH=x86, WS=win32, NL=es_ES
Framework arguments:  -product org.eclipse.epp.package.cpp.product
Command-line arguments:  -os win32 -ws win32 -arch x86 -product org.eclipse.epp.package.cpp.product

!ENTRY org.eclipse.egit.ui 2 0 2020-02-19 16:21:23.881
!MESSAGE Warning: EGit couldn't detect the installation path "gitPrefix" of native Git. Hence EGit can't respect system level
Git settings which might be configured in ${gitPrefix}/etc/gitconfig under the native Git installation directory.
The most important of these settings is core.autocrlf. Git for Windows by default sets this parameter to true in
this system level configuration. The Git installation location can be configured on the
Team > Git > Configuration preference page's 'System Settings' tab.
This warning can be switched off on the Team > Git > Confirmations and Warnings preference page.

!ENTRY org.eclipse.egit.ui 2 0 2020-02-19 16:21:23.885
!MESSAGE Warning: The environment variable HOME is not set. The following directory will be used to store the Git
user global configuration and to define the default location to store repositories: 'C:\Users\ignac'. If this is
not correct please set the HOME environment variable and restart Eclipse. Otherwise Git for Windows and
EGit might behave differently since they see different configuration options.
This warning can be switched off on the Team > Git > Confirmations and Warnings preference page.

!ENTRY org.eclipse.cdt.core 1 0 2020-02-19 16:36:44.391
!MESSAGE Indexed 'Practica1' (0 sources, 0 headers) in 0,00 sec: 0 declarations; 0 references; 0 unresolved inclusions; 0 syntax errors; 0 unresolved names (0,00%)

!ENTRY org.eclipse.jface 2 0 2020-02-19 16:39:47.132
!MESSAGE Keybinding conflicts occurred.  They may interfere with normal accelerator operation.
!SUBENTRY 1 org.eclipse.jface 2 0 2020-02-19 16:39:47.132
!MESSAGE A conflict occurred for ALT+CTRL+I:
Binding(ALT+CTRL+I,
	ParameterizedCommand(Command(org.eclipse.cdt.ui.edit.open.include.browser,Open Include Browser,
		Open an include browser on the selected element,
		Category(org.eclipse.ui.category.navigate,Navigate,null,true),
		org.eclipse.ui.internal.MakeHandlersGo@7613ea,
		,,true),null),
	org.eclipse.ui.defaultAcceleratorConfiguration,
	org.eclipse.cdt.ui.cEditorScope,,,system)
Binding(ALT+CTRL+I,
	ParameterizedCommand(Command(org.eclipse.cdt.ui.edit.open.include.browser,Open Include Browser,
		Open an include browser on the selected element,
		Category(org.eclipse.ui.category.navigate,Navigate,null,true),
		org.eclipse.ui.internal.MakeHandlersGo@7613ea,
		,,true),null),
	org.eclipse.ui.defaultAcceleratorConfiguration,
	org.eclipse.cdt.ui.cViewScope,,,system)
!SUBENTRY 1 org.eclipse.jface 2 0 2020-02-19 16:39:47.132
!MESSAGE A conflict occurred for ALT+SHIFT+R:
Binding(ALT+SHIFT+R,
	ParameterizedCommand(Command(org.eclipse.cdt.ui.edit.text.rename.element,Rename - Refactoring ,
		Rename the selected element,
		Category(org.eclipse.cdt.ui.category.refactoring,Refactor - C++,C/C++ Refactorings,true),
		org.eclipse.ui.internal.MakeHandlersGo@1569ef,
		,,true),null),
	org.eclipse.ui.defaultAcceleratorConfiguration,
	org.eclipse.cdt.ui.cEditorScope,,,system)
Binding(ALT+SHIFT+R,
	ParameterizedCommand(Command(org.eclipse.cdt.ui.edit.text.rename.element,Rename - Refactoring ,
		Rename the selected element,
		Category(org.eclipse.cdt.ui.category.refactoring,Refactor - C++,C/C++ Refactorings,true),
		org.eclipse.ui.internal.MakeHandlersGo@1569ef,
		,,true),null),
	org.eclipse.ui.defaultAcceleratorConfiguration,
	org.eclipse.cdt.ui.cViewScope,,,system)
!SUBENTRY 1 org.eclipse.jface 2 0 2020-02-19 16:39:47.132
!MESSAGE A conflict occurred for F3:
Binding(F3,
	ParameterizedCommand(Command(org.eclipse.cdt.ui.edit.opendecl,Open Declaration,
		Open an editor on the selected element's declaration(s),
		Category(org.eclipse.cdt.ui.category.source,Source,Source commands,true),
		org.eclipse.ui.internal.MakeHandlersGo@1ddfd3e,
		,,true),null),
	org.eclipse.ui.defaultAcceleratorConfiguration,
	org.eclipse.cdt.ui.cEditorScope,,,system)
Binding(F3,
	ParameterizedCommand(Command(org.eclipse.cdt.ui.edit.opendecl,Open Declaration,
		Open an editor on the selected element's declaration(s),
		Category(org.eclipse.cdt.ui.category.source,Source,Source commands,true),
		org.eclipse.ui.internal.MakeHandlersGo@1ddfd3e,
		,,true),null),
	org.eclipse.ui.defaultAcceleratorConfiguration,
	org.eclipse.cdt.ui.cViewScope,,,system)
!SUBENTRY 1 org.eclipse.jface 2 0 2020-02-19 16:39:47.132
!MESSAGE A conflict occurred for CTRL+SHIFT+T:
Binding(CTRL+SHIFT+T,
	ParameterizedCommand(Command(org.eclipse.cdt.ui.navigate.opentype,Open Element,
		Open an element in an Editor,
		Category(org.eclipse.cdt.ui.category.source,Source,Source commands,true),
		org.eclipse.ui.internal.MakeHandlersGo@11d0f20,
		,,true),null),
	org.eclipse.ui.defaultAcceleratorConfiguration,
	org.eclipse.cdt.ui.cEditorScope,,,system)
Binding(CTRL+SHIFT+T,
	ParameterizedCommand(Command(org.eclipse.cdt.ui.navigate.opentype,Open Element,
		Open an element in an Editor,
		Category(org.eclipse.cdt.ui.category.source,Source,Source commands,true),
		org.eclipse.ui.internal.MakeHandlersGo@11d0f20,
		,,true),null),
	org.eclipse.ui.defaultAcceleratorConfiguration,
	org.eclipse.cdt.ui.cViewScope,,,system)
!SUBENTRY 1 org.eclipse.jface 2 0 2020-02-19 16:39:47.132
!MESSAGE A conflict occurred for F4:
Binding(F4,
	ParameterizedCommand(Command(org.eclipse.cdt.ui.edit.open.type.hierarchy,Open Type Hierarchy,
		Open a type hierarchy on the selected element,
		Category(org.eclipse.ui.category.navigate,Navigate,null,true),
		org.eclipse.ui.internal.MakeHandlersGo@cc0cce,
		,,true),null),
	org.eclipse.ui.defaultAcceleratorConfiguration,
	org.eclipse.cdt.ui.cEditorScope,,,system)
Binding(F4,
	ParameterizedCommand(Command(org.eclipse.cdt.ui.edit.open.type.hierarchy,Open Type Hierarchy,
		Open a type hierarchy on the selected element,
		Category(org.eclipse.ui.category.navigate,Navigate,null,true),
		org.eclipse.ui.internal.MakeHandlersGo@cc0cce,
		,,true),null),
	org.eclipse.ui.defaultAcceleratorConfiguration,
	org.eclipse.cdt.ui.cViewScope,,,system)
!SUBENTRY 1 org.eclipse.jface 2 0 2020-02-19 16:39:47.132
!MESSAGE A conflict occurred for CTRL+G:
Binding(CTRL+G,
	ParameterizedCommand(Command(org.eclipse.cdt.ui.search.finddecl,Declaration,
		Search for declarations of the selected element in the workspace,
		Category(org.eclipse.cdt.ui.category.source,Source,Source commands,true),
		org.eclipse.ui.internal.MakeHandlersGo@5cd901,
		,,true),null),
	org.eclipse.ui.defaultAcceleratorConfiguration,
	org.eclipse.cdt.ui.cEditorScope,,,system)
Binding(CTRL+G,
	ParameterizedCommand(Command(org.eclipse.cdt.ui.search.finddecl,Declaration,
		Search for declarations of the selected element in the workspace,
		Category(org.eclipse.cdt.ui.category.source,Source,Source commands,true),
		org.eclipse.ui.internal.MakeHandlersGo@5cd901,
		,,true),null),
	org.eclipse.ui.defaultAcceleratorConfiguration,
	org.eclipse.cdt.ui.cViewScope,,,system)
!SUBENTRY 1 org.eclipse.jface 2 0 2020-02-19 16:39:47.132
!MESSAGE A conflict occurred for CTRL+SHIFT+G:
Binding(CTRL+SHIFT+G,
	ParameterizedCommand(Command(org.eclipse.cdt.ui.search.findrefs,References,
		Search for references to the selected element in the workspace,
		Category(org.eclipse.cdt.ui.category.source,Source,Source commands,true),
		org.eclipse.ui.internal.MakeHandlersGo@1aae454,
		,,true),null),
	org.eclipse.ui.defaultAcceleratorConfiguration,
	org.eclipse.cdt.ui.cEditorScope,,,system)
Binding(CTRL+SHIFT+G,
	ParameterizedCommand(Command(org.eclipse.cdt.ui.search.findrefs,References,
		Search for references to the selected element in the workspace,
		Category(org.eclipse.cdt.ui.category.source,Source,Source commands,true),
		org.eclipse.ui.internal.MakeHandlersGo@1aae454,
		,,true),null),
	org.eclipse.ui.defaultAcceleratorConfiguration,
	org.eclipse.cdt.ui.cViewScope,,,system)
!SUBENTRY 1 org.eclipse.jface 2 0 2020-02-19 16:39:47.132
!MESSAGE A conflict occurred for ALT+CTRL+H:
Binding(ALT+CTRL+H,
	ParameterizedCommand(Command(org.eclipse.cdt.ui.edit.open.call.hierarchy,Open Call Hierarchy,
		Open the call hierarchy for the selected element,
		Category(org.eclipse.ui.category.navigate,Navigate,null,true),
		org.eclipse.ui.internal.MakeHandlersGo@7453f6,
		,,true),null),
	org.eclipse.ui.defaultAcceleratorConfiguration,
	org.eclipse.cdt.ui.cEditorScope,,,system)
Binding(ALT+CTRL+H,
	ParameterizedCommand(Command(org.eclipse.cdt.ui.edit.open.call.hierarchy,Open Call Hierarchy,
		Open the call hierarchy for the selected element,
		Category(org.eclipse.ui.category.navigate,Navigate,null,true),
		org.eclipse.ui.internal.MakeHandlersGo@7453f6,
		,,true),null),
	org.eclipse.ui.defaultAcceleratorConfiguration,
	org.eclipse.cdt.ui.cViewScope,,,system)
!SUBENTRY 1 org.eclipse.jface 2 0 2020-02-19 16:39:47.132
!MESSAGE A conflict occurred for CTRL+SHIFT+H:
Binding(CTRL+SHIFT+H,
	ParameterizedCommand(Command(org.eclipse.cdt.ui.navigate.open.type.in.hierarchy,Open Type in Hierarchy,
		Open a type in the type hierarchy view,
		Category(org.eclipse.ui.category.navigate,Navigate,null,true),
		org.eclipse.ui.internal.MakeHandlersGo@1344d26,
		,,true),null),
	org.eclipse.ui.defaultAcceleratorConfiguration,
	org.eclipse.cdt.ui.cEditorScope,,,system)
Binding(CTRL+SHIFT+H,
	ParameterizedCommand(Command(org.eclipse.cdt.ui.navigate.open.type.in.hierarchy,Open Type in Hierarchy,
		Open a type in the type hierarchy view,
		Category(org.eclipse.ui.category.navigate,Navigate,null,true),
		org.eclipse.ui.internal.MakeHandlersGo@1344d26,
		,,true),null),
	org.eclipse.ui.defaultAcceleratorConfiguration,
	org.eclipse.cdt.ui.cViewScope,,,system)

!ENTRY org.eclipse.jface 4 2 2020-02-19 16:54:59.162
!MESSAGE Problems occurred when invoking code from plug-in: "org.eclipse.jface".
!STACK 0
java.lang.NullPointerException: element not initialized.
	at org.eclipse.cdt.ui.newui.AbstractPage.getElement(AbstractPage.java:1272)
	at org.eclipse.cdt.ui.newui.AbstractPage.getProject(AbstractPage.java:409)
	at org.eclipse.cdt.ui.newui.AbstractPage.populateConfigurations(AbstractPage.java:745)
	at org.eclipse.cdt.ui.newui.AbstractPage.setVisible(AbstractPage.java:829)
	at org.eclipse.jface.preference.PreferenceDialog.showPage(PreferenceDialog.java:1324)
	at org.eclipse.ui.internal.dialogs.FilteredPreferenceDialog.showPage(FilteredPreferenceDialog.java:675)
	at org.eclipse.jface.preference.PreferenceDialog$10.run(PreferenceDialog.java:709)
	at org.eclipse.swt.custom.BusyIndicator.showWhile(BusyIndicator.java:70)
	at org.eclipse.jface.preference.PreferenceDialog$9.selectionChanged(PreferenceDialog.java:705)
	at org.eclipse.jface.viewers.StructuredViewer$3.run(StructuredViewer.java:888)
	at org.eclipse.core.runtime.SafeRunner.run(SafeRunner.java:42)
	at org.eclipse.ui.internal.JFaceUtil$1.run(JFaceUtil.java:49)
	at org.eclipse.jface.util.SafeRunnable.run(SafeRunnable.java:175)
	at org.eclipse.jface.viewers.StructuredViewer.firePostSelectionChanged(StructuredViewer.java:886)
	at org.eclipse.jface.viewers.StructuredViewer.setSelection(StructuredViewer.java:1726)
	at org.eclipse.jface.viewers.TreeViewer.setSelection(TreeViewer.java:1139)
	at org.eclipse.jface.preference.PreferenceDialog.selectSavedItem(PreferenceDialog.java:1055)
	at org.eclipse.ui.internal.dialogs.FilteredPreferenceDialog.selectSavedItem(FilteredPreferenceDialog.java:730)
	at org.eclipse.jface.preference.PreferenceDialog$4.run(PreferenceDialog.java:376)
	at org.eclipse.swt.custom.BusyIndicator.showWhile(BusyIndicator.java:70)
	at org.eclipse.jface.preference.PreferenceDialog.createContents(PreferenceDialog.java:372)
	at org.eclipse.jface.window.Window.create(Window.java:431)
	at org.eclipse.jface.dialogs.Dialog.create(Dialog.java:1089)
	at org.eclipse.ui.internal.dialogs.PropertyDialog.createDialogOn(PropertyDialog.java:83)
	at org.eclipse.ui.dialogs.PropertyDialogAction.createDialog(PropertyDialogAction.java:175)
	at org.eclipse.ui.dialogs.PropertyDialogAction.run(PropertyDialogAction.java:156)
	at org.eclipse.jface.action.Action.runWithEvent(Action.java:498)
	at org.eclipse.jface.action.ActionContributionItem.handleWidgetSelection(ActionContributionItem.java:584)
	at org.eclipse.jface.action.ActionContributionItem.access$2(ActionContributionItem.java:501)
	at org.eclipse.jface.action.ActionContributionItem$5.handleEvent(ActionContributionItem.java:411)
	at org.eclipse.swt.widgets.EventTable.sendEvent(EventTable.java:84)
	at org.eclipse.swt.widgets.Widget.sendEvent(Widget.java:1053)
	at org.eclipse.swt.widgets.Display.runDeferredEvents(Display.java:4169)
	at org.eclipse.swt.widgets.Display.readAndDispatch(Display.java:3758)
	at org.eclipse.e4.ui.internal.workbench.swt.PartRenderingEngine$9.run(PartRenderingEngine.java:1053)
	at org.eclipse.core.databinding.observable.Realm.runWithDefault(Realm.java:332)
	at org.eclipse.e4.ui.internal.workbench.swt.PartRenderingEngine.run(PartRenderingEngine.java:942)
	at org.eclipse.e4.ui.internal.workbench.E4Workbench.createAndRunUI(E4Workbench.java:86)
	at org.eclipse.ui.internal.Workbench$5.run(Workbench.java:588)
	at org.eclipse.core.databinding.observable.Realm.runWithDefault(Realm.java:332)
	at org.eclipse.ui.internal.Workbench.createAndRunWorkbench(Workbench.java:543)
	at org.eclipse.ui.PlatformUI.createAndRunWorkbench(PlatformUI.java:149)
	at org.eclipse.ui.internal.ide.application.IDEApplication.start(IDEApplication.java:124)
	at org.eclipse.equinox.internal.app.EclipseAppHandle.run(EclipseAppHandle.java:196)
	at org.eclipse.core.runtime.internal.adaptor.EclipseAppLauncher.runApplication(EclipseAppLauncher.java:110)
	at org.eclipse.core.runtime.internal.adaptor.EclipseAppLauncher.start(EclipseAppLauncher.java:79)
	at org.eclipse.core.runtime.adaptor.EclipseStarter.run(EclipseStarter.java:353)
	at org.eclipse.core.runtime.adaptor.EclipseStarter.run(EclipseStarter.java:180)
	at sun.reflect.NativeMethodAccessorImpl.invoke0(Native Method)
	at sun.reflect.NativeMethodAccessorImpl.invoke(Unknown Source)
	at sun.reflect.DelegatingMethodAccessorImpl.invoke(Unknown Source)
	at java.lang.reflect.Method.invoke(Unknown Source)
	at org.eclipse.equinox.launcher.Main.invokeFramework(Main.java:629)
	at org.eclipse.equinox.launcher.Main.basicRun(Main.java:584)
	at org.eclipse.equinox.launcher.Main.run(Main.java:1438)

!ENTRY org.eclipse.help.base 4 0 2020-02-19 16:55:28.191
!MESSAGE Help index declared, but missing for plugin org.eclipse.rse.doc.user.

!ENTRY org.eclipse.jface 2 0 2020-02-19 16:56:03.144
!MESSAGE Keybinding conflicts occurred.  They may interfere with normal accelerator operation.
!SUBENTRY 1 org.eclipse.jface 2 0 2020-02-19 16:56:03.144
!MESSAGE A conflict occurred for CTRL+T:
Binding(CTRL+T,
	ParameterizedCommand(Command(org.eclipse.cdt.ui.edit.open.quick.type.hierarchy,Quick Type Hierarchy,
		Shows quick type hierarchy,
		Category(org.eclipse.cdt.ui.category.source,Source,Source commands,true),
		org.eclipse.ui.internal.MakeHandlersGo@189e818,
		,,true),null),
	org.eclipse.ui.defaultAcceleratorConfiguration,
	org.eclipse.cdt.ui.cEditorScope,,,system)
Binding(CTRL+T,
	ParameterizedCommand(Command(org.eclipse.debug.ui.commands.toggleMemoryMonitorsPane,Toggle Memory Monitors Pane,
		Toggle visibility of the Memory Monitors Pane,
		Category(org.eclipse.debug.ui.category.run,Run/Debug,Run/Debug command category,true),
		org.eclipse.ui.internal.MakeHandlersGo@e48dc7,
		,,true),null),
	org.eclipse.ui.defaultAcceleratorConfiguration,
	org.eclipse.debug.ui.memoryview,,,system)
