
Practica2.elf:     file format elf32-littlearm

Sections:
Idx Name          Size      VMA       LMA       File off  Algn
  0 .data         00000078  0c100000  0c100000  00008000  2**2
                  CONTENTS, ALLOC, LOAD, DATA
  1 .bss          00000008  0c100078  0c100078  00008078  2**2
                  ALLOC
  2 .text         00000f58  0c100080  0c100080  00008080  2**2
                  CONTENTS, ALLOC, LOAD, READONLY, CODE
  3 .debug_abbrev 0000039e  00000000  00000000  00008fd8  2**0
                  CONTENTS, READONLY, DEBUGGING
  4 .debug_info   00000785  00000000  00000000  00009376  2**0
                  CONTENTS, READONLY, DEBUGGING
  5 .debug_line   0000066b  00000000  00000000  00009afb  2**0
                  CONTENTS, READONLY, DEBUGGING
  6 .debug_macinfo 0001f6b0  00000000  00000000  0000a166  2**0
                  CONTENTS, READONLY, DEBUGGING
  7 .debug_loc    00000420  00000000  00000000  00029816  2**0
                  CONTENTS, READONLY, DEBUGGING
  8 .debug_pubnames 000001d0  00000000  00000000  00029c36  2**0
                  CONTENTS, READONLY, DEBUGGING
  9 .debug_pubtypes 000000d9  00000000  00000000  00029e06  2**0
                  CONTENTS, READONLY, DEBUGGING
 10 .debug_aranges 000000e0  00000000  00000000  00029ee0  2**3
                  CONTENTS, READONLY, DEBUGGING
 11 .debug_str    00000290  00000000  00000000  00029fc0  2**0
                  CONTENTS, READONLY, DEBUGGING
 12 .comment      0000002a  00000000  00000000  0002a250  2**0
                  CONTENTS, READONLY
 13 .ARM.attributes 00000030  00000000  00000000  0002a27a  2**0
                  CONTENTS, READONLY
 14 .debug_frame  00000380  00000000  00000000  0002a2ac  2**2
                  CONTENTS, READONLY, DEBUGGING

Disassembly of section .text:

0c100080 <D8Led_init>:
	 							 DIGIT_4, DIGIT_5, DIGIT_6, DIGIT_7, 
								 DIGIT_8, DIGIT_9, DIGIT_A, DIGIT_B,
								 DIGIT_C, DIGIT_D, DIGIT_E, DIGIT_F };
			  					  
void D8Led_init(void)
{
 c100080:	e1a0c00d 	mov	ip, sp
 c100084:	e92dd800 	push	{fp, ip, lr, pc}
 c100088:	e24cb004 	sub	fp, ip, #4
    LED8ADDR = ~0 ;
 c10008c:	e3a03785 	mov	r3, #34865152	; 0x2140000
 c100090:	e3e02000 	mvn	r2, #0
 c100094:	e5c32000 	strb	r2, [r3]
}
 c100098:	e24bd00c 	sub	sp, fp, #12
 c10009c:	e89d6800 	ldm	sp, {fp, sp, lr}
 c1000a0:	e12fff1e 	bx	lr

0c1000a4 <D8Led_segment>:

void D8Led_segment(int value)
{
 c1000a4:	e1a0c00d 	mov	ip, sp
 c1000a8:	e92dd800 	push	{fp, ip, lr, pc}
 c1000ac:	e24cb004 	sub	fp, ip, #4
 c1000b0:	e24dd008 	sub	sp, sp, #8
 c1000b4:	e50b0010 	str	r0, [fp, #-16]
	if( (value >= 0) && (value < 8) )
 c1000b8:	e51b3010 	ldr	r3, [fp, #-16]
 c1000bc:	e3530000 	cmp	r3, #0
 c1000c0:	ba00000a 	blt	c1000f0 <D8Led_segment+0x4c>
 c1000c4:	e51b3010 	ldr	r3, [fp, #-16]
 c1000c8:	e3530007 	cmp	r3, #7
 c1000cc:	ca000007 	bgt	c1000f0 <D8Led_segment+0x4c>
		// COMPLETAR: debemos escribir en el display (LED8ADDR) el valor
		// correcto para que se ilumine el segmento que est· en la posiciÛn
		// value del array Segmentes. Hay que tener en cuente que el display
		// usa lÛgica invertida (0 enciende, 1 apaga).
		LED8ADDR = ~Segments[value];
 c1000d0:	e3a03785 	mov	r3, #34865152	; 0x2140000
 c1000d4:	e59f2020 	ldr	r2, [pc, #32]	; c1000fc <D8Led_segment+0x58>
 c1000d8:	e51b1010 	ldr	r1, [fp, #-16]
 c1000dc:	e7922101 	ldr	r2, [r2, r1, lsl #2]
 c1000e0:	e20220ff 	and	r2, r2, #255	; 0xff
 c1000e4:	e1e02002 	mvn	r2, r2
 c1000e8:	e20220ff 	and	r2, r2, #255	; 0xff
 c1000ec:	e5c32000 	strb	r2, [r3]
}
 c1000f0:	e24bd00c 	sub	sp, fp, #12
 c1000f4:	e89d6800 	ldm	sp, {fp, sp, lr}
 c1000f8:	e12fff1e 	bx	lr
 c1000fc:	0c100000 	.word	0x0c100000

0c100100 <D8Led_digit>:

void D8Led_digit(int value)
{
 c100100:	e1a0c00d 	mov	ip, sp
 c100104:	e92dd800 	push	{fp, ip, lr, pc}
 c100108:	e24cb004 	sub	fp, ip, #4
 c10010c:	e24dd008 	sub	sp, sp, #8
 c100110:	e50b0010 	str	r0, [fp, #-16]
	if( (value >= 0) && (value < 16) )
 c100114:	e51b3010 	ldr	r3, [fp, #-16]
 c100118:	e3530000 	cmp	r3, #0
 c10011c:	ba00000a 	blt	c10014c <D8Led_digit+0x4c>
 c100120:	e51b3010 	ldr	r3, [fp, #-16]
 c100124:	e353000f 	cmp	r3, #15
 c100128:	ca000007 	bgt	c10014c <D8Led_digit+0x4c>
		// COMPLETAR: debemos escribir en el display (LED8ADDR) el valor
		// correcto para que se ilumine el dÌgito que est· en la posiciÛn
		// value del array Digits. Hay que tener en cuente que el display
		// usa lÛgica invertida (0 enciende, 1 apaga).
		LED8ADDR = ~Digits[value];
 c10012c:	e3a03785 	mov	r3, #34865152	; 0x2140000
 c100130:	e59f2020 	ldr	r2, [pc, #32]	; c100158 <D8Led_digit+0x58>
 c100134:	e51b1010 	ldr	r1, [fp, #-16]
 c100138:	e7922101 	ldr	r2, [r2, r1, lsl #2]
 c10013c:	e20220ff 	and	r2, r2, #255	; 0xff
 c100140:	e1e02002 	mvn	r2, r2
 c100144:	e20220ff 	and	r2, r2, #255	; 0xff
 c100148:	e5c32000 	strb	r2, [r3]
}
 c10014c:	e24bd00c 	sub	sp, fp, #12
 c100150:	e89d6800 	ldm	sp, {fp, sp, lr}
 c100154:	e12fff1e 	bx	lr
 c100158:	0c100020 	.word	0x0c100020

0c10015c <read_button>:
#include "button.h"
#include "leds.h"
#include "gpio.h"

unsigned int read_button(void)
{
 c10015c:	e1a0c00d 	mov	ip, sp
 c100160:	e92dd800 	push	{fp, ip, lr, pc}
 c100164:	e24cb004 	sub	fp, ip, #4
 c100168:	e24dd008 	sub	sp, sp, #8
	unsigned int buttons = 0;
 c10016c:	e3a03000 	mov	r3, #0
 c100170:	e50b3010 	str	r3, [fp, #-16]
	//COMPLETAR utilizando el interfaz del puerto G de gpio.h debemos leer los
	//pines 6 y 7 del puerto G (portG_read) debemos devolver un valor (buttons)
	//en el que el bit 0 (el menos significativo) representa el estado del bot√≥n
	//del pin 6 y el bit 1 representa el estado del bot√≥n del pin 7 (a 1 si
	//est√°n pulsados a 0 si no lo est√°n).
	buttons = portG_read(6, &val);
 c100174:	e24b3011 	sub	r3, fp, #17
 c100178:	e3a00006 	mov	r0, #6
 c10017c:	e1a01003 	mov	r1, r3
 c100180:	eb00011d 	bl	c1005fc <portG_read>
 c100184:	e1a03000 	mov	r3, r0
 c100188:	e50b3010 	str	r3, [fp, #-16]
			if(val == LOW)
 c10018c:	e55b3011 	ldrb	r3, [fp, #-17]	; 0xffffffef
 c100190:	e3530000 	cmp	r3, #0
 c100194:	1a000001 	bne	c1001a0 <read_button+0x44>
				return BUT1;
 c100198:	e3a03001 	mov	r3, #1
 c10019c:	ea00000b 	b	c1001d0 <read_button+0x74>
			buttons = portG_read(7, &val);
 c1001a0:	e24b3011 	sub	r3, fp, #17
 c1001a4:	e3a00007 	mov	r0, #7
 c1001a8:	e1a01003 	mov	r1, r3
 c1001ac:	eb000112 	bl	c1005fc <portG_read>
 c1001b0:	e1a03000 	mov	r3, r0
 c1001b4:	e50b3010 	str	r3, [fp, #-16]
			if(val == LOW)
 c1001b8:	e55b3011 	ldrb	r3, [fp, #-17]	; 0xffffffef
 c1001bc:	e3530000 	cmp	r3, #0
 c1001c0:	1a000001 	bne	c1001cc <read_button+0x70>
				return BUT2;
 c1001c4:	e3a03002 	mov	r3, #2
 c1001c8:	ea000000 	b	c1001d0 <read_button+0x74>


	return buttons;
 c1001cc:	e51b3010 	ldr	r3, [fp, #-16]
}
 c1001d0:	e1a00003 	mov	r0, r3
 c1001d4:	e24bd00c 	sub	sp, fp, #12
 c1001d8:	e89d6800 	ldm	sp, {fp, sp, lr}
 c1001dc:	e12fff1e 	bx	lr

0c1001e0 <portB_conf>:
#include "gpio.h"

/* Port B interface implementation */

int portB_conf(int pin, enum port_mode mode)
{
 c1001e0:	e1a0c00d 	mov	ip, sp
 c1001e4:	e92dd800 	push	{fp, ip, lr, pc}
 c1001e8:	e24cb004 	sub	fp, ip, #4
 c1001ec:	e24dd010 	sub	sp, sp, #16
 c1001f0:	e50b0018 	str	r0, [fp, #-24]	; 0xffffffe8
 c1001f4:	e1a03001 	mov	r3, r1
 c1001f8:	e54b3019 	strb	r3, [fp, #-25]	; 0xffffffe7
	int ret = 0;
 c1001fc:	e3a03000 	mov	r3, #0
 c100200:	e50b3010 	str	r3, [fp, #-16]
	if (pin < 0 || pin > 10)
 c100204:	e51b3018 	ldr	r3, [fp, #-24]	; 0xffffffe8
 c100208:	e3530000 	cmp	r3, #0
 c10020c:	ba000002 	blt	c10021c <portB_conf+0x3c>
 c100210:	e51b3018 	ldr	r3, [fp, #-24]	; 0xffffffe8
 c100214:	e353000a 	cmp	r3, #10
 c100218:	da000001 	ble	c100224 <portB_conf+0x44>
		return -1; // indica error
 c10021c:	e3e03000 	mvn	r3, #0
 c100220:	ea00001b 	b	c100294 <portB_conf+0xb4>


	if (mode == SIGOUT)
 c100224:	e55b3019 	ldrb	r3, [fp, #-25]	; 0xffffffe7
 c100228:	e3530002 	cmp	r3, #2
 c10022c:	1a000008 	bne	c100254 <portB_conf+0x74>
		rPCONB |= (0x1 << pin);
 c100230:	e59f306c 	ldr	r3, [pc, #108]	; c1002a4 <portB_conf+0xc4>
 c100234:	e59f2068 	ldr	r2, [pc, #104]	; c1002a4 <portB_conf+0xc4>
 c100238:	e5921000 	ldr	r1, [r2]
 c10023c:	e3a00001 	mov	r0, #1
 c100240:	e51b2018 	ldr	r2, [fp, #-24]	; 0xffffffe8
 c100244:	e1a02210 	lsl	r2, r0, r2
 c100248:	e1812002 	orr	r2, r1, r2
 c10024c:	e5832000 	str	r2, [r3]
 c100250:	ea00000e 	b	c100290 <portB_conf+0xb0>
		// COMPLETAR: poner en rPCONB el bit indicado por pin a 1 para que por
		// dicho pin en el puerto B salga la se√É¬±al correspondiente del
		// controlador de memoria
	else if (mode == OUTPUT)
 c100254:	e55b3019 	ldrb	r3, [fp, #-25]	; 0xffffffe7
 c100258:	e3530001 	cmp	r3, #1
 c10025c:	1a000009 	bne	c100288 <portB_conf+0xa8>
		rPCONB &= ~(0x1 << pin);
 c100260:	e59f303c 	ldr	r3, [pc, #60]	; c1002a4 <portB_conf+0xc4>
 c100264:	e59f2038 	ldr	r2, [pc, #56]	; c1002a4 <portB_conf+0xc4>
 c100268:	e5921000 	ldr	r1, [r2]
 c10026c:	e3a00001 	mov	r0, #1
 c100270:	e51b2018 	ldr	r2, [fp, #-24]	; 0xffffffe8
 c100274:	e1a02210 	lsl	r2, r0, r2
 c100278:	e1e02002 	mvn	r2, r2
 c10027c:	e0012002 	and	r2, r1, r2
 c100280:	e5832000 	str	r2, [r3]
 c100284:	ea000001 	b	c100290 <portB_conf+0xb0>

		// COMPLETAR: poner en rPCONB el bit indicado por pin a 0 para que dicho
		// pin sea un pin de salida
	else
		ret = -1; // indica error
 c100288:	e3e03000 	mvn	r3, #0
 c10028c:	e50b3010 	str	r3, [fp, #-16]

	return ret;
 c100290:	e51b3010 	ldr	r3, [fp, #-16]
}
 c100294:	e1a00003 	mov	r0, r3
 c100298:	e24bd00c 	sub	sp, fp, #12
 c10029c:	e89d6800 	ldm	sp, {fp, sp, lr}
 c1002a0:	e12fff1e 	bx	lr
 c1002a4:	01d20008 	.word	0x01d20008

0c1002a8 <portB_write>:

int portB_write(int pin, enum digital val)
{
 c1002a8:	e1a0c00d 	mov	ip, sp
 c1002ac:	e92dd800 	push	{fp, ip, lr, pc}
 c1002b0:	e24cb004 	sub	fp, ip, #4
 c1002b4:	e24dd008 	sub	sp, sp, #8
 c1002b8:	e50b0010 	str	r0, [fp, #-16]
 c1002bc:	e1a03001 	mov	r3, r1
 c1002c0:	e54b3011 	strb	r3, [fp, #-17]	; 0xffffffef
	if (pin < 0 || pin > 10)
 c1002c4:	e51b3010 	ldr	r3, [fp, #-16]
 c1002c8:	e3530000 	cmp	r3, #0
 c1002cc:	ba000002 	blt	c1002dc <portB_write+0x34>
 c1002d0:	e51b3010 	ldr	r3, [fp, #-16]
 c1002d4:	e353000a 	cmp	r3, #10
 c1002d8:	da000001 	ble	c1002e4 <portB_write+0x3c>
		return -1; // indica error
 c1002dc:	e3e03000 	mvn	r3, #0
 c1002e0:	ea00001a 	b	c100350 <portB_write+0xa8>

	if (val < 0 || val > 1)
 c1002e4:	e55b3011 	ldrb	r3, [fp, #-17]	; 0xffffffef
 c1002e8:	e3530001 	cmp	r3, #1
 c1002ec:	9a000001 	bls	c1002f8 <portB_write+0x50>
		return -1; // indica error
 c1002f0:	e3e03000 	mvn	r3, #0
 c1002f4:	ea000015 	b	c100350 <portB_write+0xa8>

	if (val)
 c1002f8:	e55b3011 	ldrb	r3, [fp, #-17]	; 0xffffffef
 c1002fc:	e3530000 	cmp	r3, #0
 c100300:	0a000008 	beq	c100328 <portB_write+0x80>
		// COMPLETAR: poner en rPDATB el bit indicado por pin a 1
		rPDATB |= (0x1 << pin);
 c100304:	e59f3054 	ldr	r3, [pc, #84]	; c100360 <portB_write+0xb8>
 c100308:	e59f2050 	ldr	r2, [pc, #80]	; c100360 <portB_write+0xb8>
 c10030c:	e5921000 	ldr	r1, [r2]
 c100310:	e3a00001 	mov	r0, #1
 c100314:	e51b2010 	ldr	r2, [fp, #-16]
 c100318:	e1a02210 	lsl	r2, r0, r2
 c10031c:	e1812002 	orr	r2, r1, r2
 c100320:	e5832000 	str	r2, [r3]
 c100324:	ea000008 	b	c10034c <portB_write+0xa4>

	else
		// COMPLETAR: poner en rPDATB el bit indicado por pin a 0
		rPDATB &= ~(0x1 << pin);
 c100328:	e59f3030 	ldr	r3, [pc, #48]	; c100360 <portB_write+0xb8>
 c10032c:	e59f202c 	ldr	r2, [pc, #44]	; c100360 <portB_write+0xb8>
 c100330:	e5921000 	ldr	r1, [r2]
 c100334:	e3a00001 	mov	r0, #1
 c100338:	e51b2010 	ldr	r2, [fp, #-16]
 c10033c:	e1a02210 	lsl	r2, r0, r2
 c100340:	e1e02002 	mvn	r2, r2
 c100344:	e0012002 	and	r2, r1, r2
 c100348:	e5832000 	str	r2, [r3]
	return 0;
 c10034c:	e3a03000 	mov	r3, #0
}
 c100350:	e1a00003 	mov	r0, r3
 c100354:	e24bd00c 	sub	sp, fp, #12
 c100358:	e89d6800 	ldm	sp, {fp, sp, lr}
 c10035c:	e12fff1e 	bx	lr
 c100360:	01d2000c 	.word	0x01d2000c

0c100364 <portG_conf>:

/* Port G interface implementation */

int portG_conf(int pin, enum port_mode mode)
{
 c100364:	e1a0c00d 	mov	ip, sp
 c100368:	e92dd800 	push	{fp, ip, lr, pc}
 c10036c:	e24cb004 	sub	fp, ip, #4
 c100370:	e24dd010 	sub	sp, sp, #16
 c100374:	e50b0018 	str	r0, [fp, #-24]	; 0xffffffe8
 c100378:	e1a03001 	mov	r3, r1
 c10037c:	e54b3019 	strb	r3, [fp, #-25]	; 0xffffffe7
	int pos  = pin*2;
 c100380:	e51b3018 	ldr	r3, [fp, #-24]	; 0xffffffe8
 c100384:	e1a03083 	lsl	r3, r3, #1
 c100388:	e50b3010 	str	r3, [fp, #-16]

	if (pin < 0 || pin > 7)
 c10038c:	e51b3018 	ldr	r3, [fp, #-24]	; 0xffffffe8
 c100390:	e3530000 	cmp	r3, #0
 c100394:	ba000002 	blt	c1003a4 <portG_conf+0x40>
 c100398:	e51b3018 	ldr	r3, [fp, #-24]	; 0xffffffe8
 c10039c:	e3530007 	cmp	r3, #7
 c1003a0:	da000001 	ble	c1003ac <portG_conf+0x48>
		return -1; // indica error
 c1003a4:	e3e03000 	mvn	r3, #0
 c1003a8:	ea000041 	b	c1004b4 <portG_conf+0x150>

	switch (mode) {
 c1003ac:	e55b3019 	ldrb	r3, [fp, #-25]	; 0xffffffe7
 c1003b0:	e3530003 	cmp	r3, #3
 c1003b4:	979ff103 	ldrls	pc, [pc, r3, lsl #2]
 c1003b8:	ea00003a 	b	c1004a8 <portG_conf+0x144>
 c1003bc:	0c1003cc 	.word	0x0c1003cc
 c1003c0:	0c1003f4 	.word	0x0c1003f4
 c1003c4:	0c10043c 	.word	0x0c10043c
 c1003c8:	0c100484 	.word	0x0c100484
		case INPUT:
			rPCONG &= ~(0x3 << pos);
 c1003cc:	e59f30f0 	ldr	r3, [pc, #240]	; c1004c4 <portG_conf+0x160>
 c1003d0:	e59f20ec 	ldr	r2, [pc, #236]	; c1004c4 <portG_conf+0x160>
 c1003d4:	e5921000 	ldr	r1, [r2]
 c1003d8:	e3a00003 	mov	r0, #3
 c1003dc:	e51b2010 	ldr	r2, [fp, #-16]
 c1003e0:	e1a02210 	lsl	r2, r0, r2
 c1003e4:	e1e02002 	mvn	r2, r2
 c1003e8:	e0012002 	and	r2, r1, r2
 c1003ec:	e5832000 	str	r2, [r3]
			// COMPLETAR: poner en rPCONG 00 a partir de la posici√É¬≥n pos para
			// configurar como pin de entrada el pin indicado por el par√É¬°metro pin
			break;
 c1003f0:	ea00002e 	b	c1004b0 <portG_conf+0x14c>
		case OUTPUT:
			rPCONG &= ~(0x3 << pos);
 c1003f4:	e59f30c8 	ldr	r3, [pc, #200]	; c1004c4 <portG_conf+0x160>
 c1003f8:	e59f20c4 	ldr	r2, [pc, #196]	; c1004c4 <portG_conf+0x160>
 c1003fc:	e5921000 	ldr	r1, [r2]
 c100400:	e3a00003 	mov	r0, #3
 c100404:	e51b2010 	ldr	r2, [fp, #-16]
 c100408:	e1a02210 	lsl	r2, r0, r2
 c10040c:	e1e02002 	mvn	r2, r2
 c100410:	e0012002 	and	r2, r1, r2
 c100414:	e5832000 	str	r2, [r3]
			rPCONG |= (0x1 << pos);
 c100418:	e59f30a4 	ldr	r3, [pc, #164]	; c1004c4 <portG_conf+0x160>
 c10041c:	e59f20a0 	ldr	r2, [pc, #160]	; c1004c4 <portG_conf+0x160>
 c100420:	e5921000 	ldr	r1, [r2]
 c100424:	e3a00001 	mov	r0, #1
 c100428:	e51b2010 	ldr	r2, [fp, #-16]
 c10042c:	e1a02210 	lsl	r2, r0, r2
 c100430:	e1812002 	orr	r2, r1, r2
 c100434:	e5832000 	str	r2, [r3]
			// COMPLETAR: poner en rPCONG 01 a partir de la posici√É¬≥n pos para
			// configurar como pin de salida el pin indicado por el par√É¬°metro pin
			break;
 c100438:	ea00001c 	b	c1004b0 <portG_conf+0x14c>
		case SIGOUT:
			rPCONG &= ~(0x3 << pos);
 c10043c:	e59f3080 	ldr	r3, [pc, #128]	; c1004c4 <portG_conf+0x160>
 c100440:	e59f207c 	ldr	r2, [pc, #124]	; c1004c4 <portG_conf+0x160>
 c100444:	e5921000 	ldr	r1, [r2]
 c100448:	e3a00003 	mov	r0, #3
 c10044c:	e51b2010 	ldr	r2, [fp, #-16]
 c100450:	e1a02210 	lsl	r2, r0, r2
 c100454:	e1e02002 	mvn	r2, r2
 c100458:	e0012002 	and	r2, r1, r2
 c10045c:	e5832000 	str	r2, [r3]
			rPCONG |= (0x2 << pos);
 c100460:	e59f305c 	ldr	r3, [pc, #92]	; c1004c4 <portG_conf+0x160>
 c100464:	e59f2058 	ldr	r2, [pc, #88]	; c1004c4 <portG_conf+0x160>
 c100468:	e5921000 	ldr	r1, [r2]
 c10046c:	e3a00002 	mov	r0, #2
 c100470:	e51b2010 	ldr	r2, [fp, #-16]
 c100474:	e1a02210 	lsl	r2, r0, r2
 c100478:	e1812002 	orr	r2, r1, r2
 c10047c:	e5832000 	str	r2, [r3]
			// COMPLETAR: poner en rPCONG 10 a partir de la posici√É¬≥n pos para
			// que salga la se√É¬±al interna correspondiente por el pin indicado
			// por el par√É¬°metro piSn
			break;
 c100480:	ea00000a 	b	c1004b0 <portG_conf+0x14c>
		case EINT:
			rPCONG |= (0x3 << pos);
 c100484:	e59f3038 	ldr	r3, [pc, #56]	; c1004c4 <portG_conf+0x160>
 c100488:	e59f2034 	ldr	r2, [pc, #52]	; c1004c4 <portG_conf+0x160>
 c10048c:	e5921000 	ldr	r1, [r2]
 c100490:	e3a00003 	mov	r0, #3
 c100494:	e51b2010 	ldr	r2, [fp, #-16]
 c100498:	e1a02210 	lsl	r2, r0, r2
 c10049c:	e1812002 	orr	r2, r1, r2
 c1004a0:	e5832000 	str	r2, [r3]
			// COMPLETAR: poner en rPCONG 11 a partir de la posici√É¬≥n pos para
			// habilitar la generaci√É¬≥n de interrupciones externas por el pin
			// indicado por el par√É¬°metro pin
			break;
 c1004a4:	ea000001 	b	c1004b0 <portG_conf+0x14c>
		default:
			return -1;
 c1004a8:	e3e03000 	mvn	r3, #0
 c1004ac:	ea000000 	b	c1004b4 <portG_conf+0x150>
	}

	return 0;
 c1004b0:	e3a03000 	mov	r3, #0
}
 c1004b4:	e1a00003 	mov	r0, r3
 c1004b8:	e24bd00c 	sub	sp, fp, #12
 c1004bc:	e89d6800 	ldm	sp, {fp, sp, lr}
 c1004c0:	e12fff1e 	bx	lr
 c1004c4:	01d20040 	.word	0x01d20040

0c1004c8 <portG_eint_trig>:

int portG_eint_trig(int pin, enum trigger trig)
{
 c1004c8:	e1a0c00d 	mov	ip, sp
 c1004cc:	e92dd800 	push	{fp, ip, lr, pc}
 c1004d0:	e24cb004 	sub	fp, ip, #4
 c1004d4:	e24dd008 	sub	sp, sp, #8
 c1004d8:	e50b0010 	str	r0, [fp, #-16]
 c1004dc:	e1a03001 	mov	r3, r1
 c1004e0:	e54b3011 	strb	r3, [fp, #-17]	; 0xffffffef
	// A COMPLETAR EN LA SEGUNDA PARTE DE LA PR√ÉÔøΩCTICA
	return 0;
 c1004e4:	e3a03000 	mov	r3, #0
}
 c1004e8:	e1a00003 	mov	r0, r3
 c1004ec:	e24bd00c 	sub	sp, fp, #12
 c1004f0:	e89d6800 	ldm	sp, {fp, sp, lr}
 c1004f4:	e12fff1e 	bx	lr

0c1004f8 <portG_write>:

int portG_write(int pin, enum digital val)
{
 c1004f8:	e1a0c00d 	mov	ip, sp
 c1004fc:	e92dd800 	push	{fp, ip, lr, pc}
 c100500:	e24cb004 	sub	fp, ip, #4
 c100504:	e24dd010 	sub	sp, sp, #16
 c100508:	e50b0018 	str	r0, [fp, #-24]	; 0xffffffe8
 c10050c:	e1a03001 	mov	r3, r1
 c100510:	e54b3019 	strb	r3, [fp, #-25]	; 0xffffffe7
	int pos = pin*2;
 c100514:	e51b3018 	ldr	r3, [fp, #-24]	; 0xffffffe8
 c100518:	e1a03083 	lsl	r3, r3, #1
 c10051c:	e50b3010 	str	r3, [fp, #-16]

	if (pin < 0 || pin > 7)
 c100520:	e51b3018 	ldr	r3, [fp, #-24]	; 0xffffffe8
 c100524:	e3530000 	cmp	r3, #0
 c100528:	ba000002 	blt	c100538 <portG_write+0x40>
 c10052c:	e51b3018 	ldr	r3, [fp, #-24]	; 0xffffffe8
 c100530:	e3530007 	cmp	r3, #7
 c100534:	da000001 	ble	c100540 <portG_write+0x48>
		return -1; // indica error
 c100538:	e3e03000 	mvn	r3, #0
 c10053c:	ea000028 	b	c1005e4 <portG_write+0xec>

	if (val < 0 || val > 1)
 c100540:	e55b3019 	ldrb	r3, [fp, #-25]	; 0xffffffe7
 c100544:	e3530001 	cmp	r3, #1
 c100548:	9a000001 	bls	c100554 <portG_write+0x5c>
		return -1; // indica error
 c10054c:	e3e03000 	mvn	r3, #0
 c100550:	ea000023 	b	c1005e4 <portG_write+0xec>

	if ((rPCONG & (0x3 << pos)) != (0x1 << pos))
 c100554:	e59f3098 	ldr	r3, [pc, #152]	; c1005f4 <portG_write+0xfc>
 c100558:	e5932000 	ldr	r2, [r3]
 c10055c:	e3a01003 	mov	r1, #3
 c100560:	e51b3010 	ldr	r3, [fp, #-16]
 c100564:	e1a03311 	lsl	r3, r1, r3
 c100568:	e0022003 	and	r2, r2, r3
 c10056c:	e3a01001 	mov	r1, #1
 c100570:	e51b3010 	ldr	r3, [fp, #-16]
 c100574:	e1a03311 	lsl	r3, r1, r3
 c100578:	e1520003 	cmp	r2, r3
 c10057c:	0a000001 	beq	c100588 <portG_write+0x90>
		return -1; // indica error
 c100580:	e3e03000 	mvn	r3, #0
 c100584:	ea000016 	b	c1005e4 <portG_write+0xec>

	if (val)
 c100588:	e55b3019 	ldrb	r3, [fp, #-25]	; 0xffffffe7
 c10058c:	e3530000 	cmp	r3, #0
 c100590:	0a000009 	beq	c1005bc <portG_write+0xc4>
		rPDATG|= ~(0x1<<pin);
 c100594:	e59f305c 	ldr	r3, [pc, #92]	; c1005f8 <portG_write+0x100>
 c100598:	e59f2058 	ldr	r2, [pc, #88]	; c1005f8 <portG_write+0x100>
 c10059c:	e5921000 	ldr	r1, [r2]
 c1005a0:	e3a00001 	mov	r0, #1
 c1005a4:	e51b2018 	ldr	r2, [fp, #-24]	; 0xffffffe8
 c1005a8:	e1a02210 	lsl	r2, r0, r2
 c1005ac:	e1e02002 	mvn	r2, r2
 c1005b0:	e1812002 	orr	r2, r1, r2
 c1005b4:	e5832000 	str	r2, [r3]
 c1005b8:	ea000008 	b	c1005e0 <portG_write+0xe8>
		// COMPLETAR: poner en rPDATG el bit indicado por pin a 1
	else
		rPDATG &= ~(0x1<<pin);
 c1005bc:	e59f3034 	ldr	r3, [pc, #52]	; c1005f8 <portG_write+0x100>
 c1005c0:	e59f2030 	ldr	r2, [pc, #48]	; c1005f8 <portG_write+0x100>
 c1005c4:	e5921000 	ldr	r1, [r2]
 c1005c8:	e3a00001 	mov	r0, #1
 c1005cc:	e51b2018 	ldr	r2, [fp, #-24]	; 0xffffffe8
 c1005d0:	e1a02210 	lsl	r2, r0, r2
 c1005d4:	e1e02002 	mvn	r2, r2
 c1005d8:	e0012002 	and	r2, r1, r2
 c1005dc:	e5832000 	str	r2, [r3]
		// COMPLETAR: poner en rPDATG el bit indicado por pin a 0

	return 0;
 c1005e0:	e3a03000 	mov	r3, #0
}
 c1005e4:	e1a00003 	mov	r0, r3
 c1005e8:	e24bd00c 	sub	sp, fp, #12
 c1005ec:	e89d6800 	ldm	sp, {fp, sp, lr}
 c1005f0:	e12fff1e 	bx	lr
 c1005f4:	01d20040 	.word	0x01d20040
 c1005f8:	01d20044 	.word	0x01d20044

0c1005fc <portG_read>:

int portG_read(int pin, enum digital* val)
{
 c1005fc:	e1a0c00d 	mov	ip, sp
 c100600:	e92dd800 	push	{fp, ip, lr, pc}
 c100604:	e24cb004 	sub	fp, ip, #4
 c100608:	e24dd010 	sub	sp, sp, #16
 c10060c:	e50b0018 	str	r0, [fp, #-24]	; 0xffffffe8
 c100610:	e50b101c 	str	r1, [fp, #-28]	; 0xffffffe4
	int pos = pin*2;
 c100614:	e51b3018 	ldr	r3, [fp, #-24]	; 0xffffffe8
 c100618:	e1a03083 	lsl	r3, r3, #1
 c10061c:	e50b3010 	str	r3, [fp, #-16]

	if (pin < 0 || pin > 7)
 c100620:	e51b3018 	ldr	r3, [fp, #-24]	; 0xffffffe8
 c100624:	e3530000 	cmp	r3, #0
 c100628:	ba000002 	blt	c100638 <portG_read+0x3c>
 c10062c:	e51b3018 	ldr	r3, [fp, #-24]	; 0xffffffe8
 c100630:	e3530007 	cmp	r3, #7
 c100634:	da000001 	ble	c100640 <portG_read+0x44>
		return -1; // indica error
 c100638:	e3e03000 	mvn	r3, #0
 c10063c:	ea000019 	b	c1006a8 <portG_read+0xac>

	if (rPCONG & (0x3 << pos))
 c100640:	e59f3070 	ldr	r3, [pc, #112]	; c1006b8 <portG_read+0xbc>
 c100644:	e5932000 	ldr	r2, [r3]
 c100648:	e3a01003 	mov	r1, #3
 c10064c:	e51b3010 	ldr	r3, [fp, #-16]
 c100650:	e1a03311 	lsl	r3, r1, r3
 c100654:	e0023003 	and	r3, r2, r3
 c100658:	e3530000 	cmp	r3, #0
 c10065c:	0a000001 	beq	c100668 <portG_read+0x6c>
		return -1; // indica error
 c100660:	e3e03000 	mvn	r3, #0
 c100664:	ea00000f 	b	c1006a8 <portG_read+0xac>

	if((rPDATG & (0x1 << pin)))
 c100668:	e59f304c 	ldr	r3, [pc, #76]	; c1006bc <portG_read+0xc0>
 c10066c:	e5932000 	ldr	r2, [r3]
 c100670:	e3a01001 	mov	r1, #1
 c100674:	e51b3018 	ldr	r3, [fp, #-24]	; 0xffffffe8
 c100678:	e1a03311 	lsl	r3, r1, r3
 c10067c:	e0023003 	and	r3, r2, r3
 c100680:	e3530000 	cmp	r3, #0
 c100684:	0a000003 	beq	c100698 <portG_read+0x9c>
		*val = HIGH;
 c100688:	e51b301c 	ldr	r3, [fp, #-28]	; 0xffffffe4
 c10068c:	e3a02001 	mov	r2, #1
 c100690:	e5c32000 	strb	r2, [r3]
 c100694:	ea000002 	b	c1006a4 <portG_read+0xa8>
	else
		*val = LOW;
 c100698:	e51b301c 	ldr	r3, [fp, #-28]	; 0xffffffe4
 c10069c:	e3a02000 	mov	r2, #0
 c1006a0:	e5c32000 	strb	r2, [r3]

	return 0;
 c1006a4:	e3a03000 	mov	r3, #0
}
 c1006a8:	e1a00003 	mov	r0, r3
 c1006ac:	e24bd00c 	sub	sp, fp, #12
 c1006b0:	e89d6800 	ldm	sp, {fp, sp, lr}
 c1006b4:	e12fff1e 	bx	lr
 c1006b8:	01d20040 	.word	0x01d20040
 c1006bc:	01d20044 	.word	0x01d20044

0c1006c0 <portG_conf_pup>:

int portG_conf_pup(int pin, enum enable st)
{
 c1006c0:	e1a0c00d 	mov	ip, sp
 c1006c4:	e92dd800 	push	{fp, ip, lr, pc}
 c1006c8:	e24cb004 	sub	fp, ip, #4
 c1006cc:	e24dd008 	sub	sp, sp, #8
 c1006d0:	e50b0010 	str	r0, [fp, #-16]
 c1006d4:	e1a03001 	mov	r3, r1
 c1006d8:	e54b3011 	strb	r3, [fp, #-17]	; 0xffffffef
	if (pin < 0 || pin > 7)
 c1006dc:	e51b3010 	ldr	r3, [fp, #-16]
 c1006e0:	e3530000 	cmp	r3, #0
 c1006e4:	ba000002 	blt	c1006f4 <portG_conf_pup+0x34>
 c1006e8:	e51b3010 	ldr	r3, [fp, #-16]
 c1006ec:	e3530007 	cmp	r3, #7
 c1006f0:	da000001 	ble	c1006fc <portG_conf_pup+0x3c>
		return -1; // indica error
 c1006f4:	e3e03000 	mvn	r3, #0
 c1006f8:	ea00001d 	b	c100774 <portG_conf_pup+0xb4>

	if (st != ENABLE && st != DISABLE)
 c1006fc:	e55b3011 	ldrb	r3, [fp, #-17]	; 0xffffffef
 c100700:	e3530001 	cmp	r3, #1
 c100704:	0a000004 	beq	c10071c <portG_conf_pup+0x5c>
 c100708:	e55b3011 	ldrb	r3, [fp, #-17]	; 0xffffffef
 c10070c:	e3530000 	cmp	r3, #0
 c100710:	0a000001 	beq	c10071c <portG_conf_pup+0x5c>
		return -1; // indica error
 c100714:	e3e03000 	mvn	r3, #0
 c100718:	ea000015 	b	c100774 <portG_conf_pup+0xb4>

	if (st == ENABLE)
 c10071c:	e55b3011 	ldrb	r3, [fp, #-17]	; 0xffffffef
 c100720:	e3530001 	cmp	r3, #1
 c100724:	1a000009 	bne	c100750 <portG_conf_pup+0x90>
		rPUPG &= ~(0x1 << pin);
 c100728:	e59f3054 	ldr	r3, [pc, #84]	; c100784 <portG_conf_pup+0xc4>
 c10072c:	e59f2050 	ldr	r2, [pc, #80]	; c100784 <portG_conf_pup+0xc4>
 c100730:	e5921000 	ldr	r1, [r2]
 c100734:	e3a00001 	mov	r0, #1
 c100738:	e51b2010 	ldr	r2, [fp, #-16]
 c10073c:	e1a02210 	lsl	r2, r0, r2
 c100740:	e1e02002 	mvn	r2, r2
 c100744:	e0012002 	and	r2, r1, r2
 c100748:	e5832000 	str	r2, [r3]
 c10074c:	ea000007 	b	c100770 <portG_conf_pup+0xb0>
		// COMPLETAR: poner el pin de rPUPG indicado por el parametro pin al valor adecuado,
		// para activar la resistencia de pull-up
	else
		rPUPG |= (0x1 << pin);
 c100750:	e59f302c 	ldr	r3, [pc, #44]	; c100784 <portG_conf_pup+0xc4>
 c100754:	e59f2028 	ldr	r2, [pc, #40]	; c100784 <portG_conf_pup+0xc4>
 c100758:	e5921000 	ldr	r1, [r2]
 c10075c:	e3a00001 	mov	r0, #1
 c100760:	e51b2010 	ldr	r2, [fp, #-16]
 c100764:	e1a02210 	lsl	r2, r0, r2
 c100768:	e1812002 	orr	r2, r1, r2
 c10076c:	e5832000 	str	r2, [r3]
		// COMPLETAR: poner el pin de rPUPG indicado por el parametro pin al valor adecuado,
		// para desactivar la resistencia de pull-up

	return 0;
 c100770:	e3a03000 	mov	r3, #0
}
 c100774:	e1a00003 	mov	r0, r3
 c100778:	e24bd00c 	sub	sp, fp, #12
 c10077c:	e89d6800 	ldm	sp, {fp, sp, lr}
 c100780:	e12fff1e 	bx	lr
 c100784:	01d20048 	.word	0x01d20048

0c100788 <start>:
	.equ rINTMSK,    0x1e0000c

start:

	/* Pasa a modo supervisor */
    mrs	r0, cpsr
 c100788:	e10f0000 	mrs	r0, CPSR
    bic	r0, r0, #MODEMASK
 c10078c:	e3c0001f 	bic	r0, r0, #31
    orr	r1, r0, #SVCMODE
 c100790:	e3801013 	orr	r1, r0, #19
    msr	cpsr_c, r1 
 c100794:	e121f001 	msr	CPSR_c, r1

	/* Enmascara interrupciones */
	ldr r0, =rINTMSK
 c100798:	e59f0094 	ldr	r0, [pc, #148]	; c100834 <InitStacks+0x48>
	ldr r1, =0x1fffffff
 c10079c:	e3e0120e 	mvn	r1, #-536870912	; 0xe0000000
    str r1, [r0]
 c1007a0:	e5801000 	str	r1, [r0]

	/* Habilita linea IRQ y FIQ del CPSR */
	mrs r0, cpsr
 c1007a4:	e10f0000 	mrs	r0, CPSR
	bic r0, r0, #0xC0
 c1007a8:	e3c000c0 	bic	r0, r0, #192	; 0xc0
	msr cpsr_c, r0
 c1007ac:	e121f000 	msr	CPSR_c, r0
	
	/* Inicializaci√≥n de la secci√≥n bss a 0, est√°ndar C */
    ldr	    r3, =Image_ZI_Base
 c1007b0:	e59f3080 	ldr	r3, [pc, #128]	; c100838 <InitStacks+0x4c>
	ldr	    r1, =Image_ZI_Limit	/* Top of zero init segment */
 c1007b4:	e59f1080 	ldr	r1, [pc, #128]	; c10083c <InitStacks+0x50>
    mov	    r2, #0
 c1007b8:	e3a02000 	mov	r2, #0

0c1007bc <L0>:
L0:
    cmp	    r3, r1	    		/* Zero init */
 c1007bc:	e1530001 	cmp	r3, r1
    strcc   r2, [r3], #4
 c1007c0:	34832004 	strcc	r2, [r3], #4
    bcc	    L0
 c1007c4:	3afffffc 	bcc	c1007bc <L0>
	/****************************************************/

	/* Desde modo SVC inicializa los SP de todos los modos de ejecuciÔøΩn privilegiados */
    bl InitStacks
 c1007c8:	eb000007 	bl	c1007ec <InitStacks>
	
	/* Desde modo SVC cambia a modo USR e inicializa el SP_usr */
	mrs r0, cpsr
 c1007cc:	e10f0000 	mrs	r0, CPSR
	bic r0, r0, #MODEMASK
 c1007d0:	e3c0001f 	bic	r0, r0, #31
	orr r1, r0, #USRMODE  
 c1007d4:	e3801010 	orr	r1, r0, #16
	msr cpsr_c, r1
 c1007d8:	e121f001 	msr	CPSR_c, r1
	ldr sp, =USRSTACK
 c1007dc:	e59fd05c 	ldr	sp, [pc, #92]	; c100840 <InitStacks+0x54>

    mov fp, #0
 c1007e0:	e3a0b000 	mov	fp, #0

    bl main
 c1007e4:	eb000154 	bl	c100d3c <main>

0c1007e8 <End>:

End:
    B End
 c1007e8:	eafffffe 	b	c1007e8 <End>

0c1007ec <InitStacks>:

InitStacks:
	mrs r0, cpsr
 c1007ec:	e10f0000 	mrs	r0, CPSR
	bic r0, r0, #MODEMASK
 c1007f0:	e3c0001f 	bic	r0, r0, #31

	orr r1, r0, #UNDMODE  /* desde modo SVC cambia a modo UND e inicializa el SP_und */
 c1007f4:	e380101b 	orr	r1, r0, #27
	msr cpsr_c, r1    
 c1007f8:	e121f001 	msr	CPSR_c, r1
	ldr sp, =UNDSTACK
 c1007fc:	e59fd040 	ldr	sp, [pc, #64]	; c100844 <InitStacks+0x58>

	orr r1, r0, #ABTMODE  /* desde modo UND cambia a modo ABT e inicializa el SP_abt */
 c100800:	e3801017 	orr	r1, r0, #23
	msr cpsr_c, r1 
 c100804:	e121f001 	msr	CPSR_c, r1
	ldr sp, =ABTSTACK
 c100808:	e59fd038 	ldr	sp, [pc, #56]	; c100848 <InitStacks+0x5c>

	orr r1, r0, #IRQMODE  /* desde modo ABT cambia a modo IRQ e inicializa el SP_abt */
 c10080c:	e3801012 	orr	r1, r0, #18
	msr cpsr_c, r1
 c100810:	e121f001 	msr	CPSR_c, r1
	ldr sp, =IRQSTACK
 c100814:	e59fd030 	ldr	sp, [pc, #48]	; c10084c <InitStacks+0x60>

	orr r1, r0, #FIQMODE  /* desde modo IRQ cambia a modo FIQ e inicializa el SP_fiq */
 c100818:	e3801011 	orr	r1, r0, #17
	msr cpsr_c, r1
 c10081c:	e121f001 	msr	CPSR_c, r1
	ldr sp, =FIQSTACK
 c100820:	e59fd028 	ldr	sp, [pc, #40]	; c100850 <InitStacks+0x64>

	orr r1, r0, #SVCMODE  /* desde modo FIQ cambia a modo SVC e inicializa el SP_svc */
 c100824:	e3801013 	orr	r1, r0, #19
	msr cpsr_c, r1
 c100828:	e121f001 	msr	CPSR_c, r1
	ldr sp, =SVCSTACK
 c10082c:	e59fd020 	ldr	sp, [pc, #32]	; c100854 <InitStacks+0x68>
	
    mov pc, lr
 c100830:	e1a0f00e 	mov	pc, lr
 c100834:	01e0000c 	.word	0x01e0000c
 c100838:	0c100078 	.word	0x0c100078
 c10083c:	0c100080 	.word	0x0c100080
 c100840:	0c7ff000 	.word	0x0c7ff000
 c100844:	0c7ff200 	.word	0x0c7ff200
 c100848:	0c7ff300 	.word	0x0c7ff300
 c10084c:	0c7ff400 	.word	0x0c7ff400
 c100850:	0c7ff500 	.word	0x0c7ff500
 c100854:	0c7ff100 	.word	0x0c7ff100

0c100858 <leds_init>:
// significativos, cada uno para un led
// 1 encendido y 0 apagado
static unsigned int status = 0;

void leds_init( void )
{
 c100858:	e1a0c00d 	mov	ip, sp
 c10085c:	e92dd800 	push	{fp, ip, lr, pc}
 c100860:	e24cb004 	sub	fp, ip, #4
	//COMPLETAR usando el interfaz del puerto B definido en gpio.h
	// hay que configurar los pines 9 y 10 como pines de salida
	portB_conf(9,1);
 c100864:	e3a00009 	mov	r0, #9
 c100868:	e3a01001 	mov	r1, #1
 c10086c:	ebfffe5b 	bl	c1001e0 <portB_conf>
	portB_conf(10,1);
 c100870:	e3a0000a 	mov	r0, #10
 c100874:	e3a01001 	mov	r1, #1
 c100878:	ebfffe58 	bl	c1001e0 <portB_conf>
	leds_display( status );
 c10087c:	e59f3014 	ldr	r3, [pc, #20]	; c100898 <leds_init+0x40>
 c100880:	e5933000 	ldr	r3, [r3]
 c100884:	e1a00003 	mov	r0, r3
 c100888:	eb000073 	bl	c100a5c <leds_display>
}
 c10088c:	e24bd00c 	sub	sp, fp, #12
 c100890:	e89d6800 	ldm	sp, {fp, sp, lr}
 c100894:	e12fff1e 	bx	lr
 c100898:	0c100078 	.word	0x0c100078

0c10089c <led1_on>:

void led1_on( void )
{
 c10089c:	e1a0c00d 	mov	ip, sp
 c1008a0:	e92dd800 	push	{fp, ip, lr, pc}
 c1008a4:	e24cb004 	sub	fp, ip, #4
	status |=  LED1;
 c1008a8:	e59f3028 	ldr	r3, [pc, #40]	; c1008d8 <led1_on+0x3c>
 c1008ac:	e5933000 	ldr	r3, [r3]
 c1008b0:	e3832001 	orr	r2, r3, #1
 c1008b4:	e59f301c 	ldr	r3, [pc, #28]	; c1008d8 <led1_on+0x3c>
 c1008b8:	e5832000 	str	r2, [r3]
	leds_display( status );
 c1008bc:	e59f3014 	ldr	r3, [pc, #20]	; c1008d8 <led1_on+0x3c>
 c1008c0:	e5933000 	ldr	r3, [r3]
 c1008c4:	e1a00003 	mov	r0, r3
 c1008c8:	eb000063 	bl	c100a5c <leds_display>
}
 c1008cc:	e24bd00c 	sub	sp, fp, #12
 c1008d0:	e89d6800 	ldm	sp, {fp, sp, lr}
 c1008d4:	e12fff1e 	bx	lr
 c1008d8:	0c100078 	.word	0x0c100078

0c1008dc <led1_off>:

void led1_off( void )
{
 c1008dc:	e1a0c00d 	mov	ip, sp
 c1008e0:	e92dd800 	push	{fp, ip, lr, pc}
 c1008e4:	e24cb004 	sub	fp, ip, #4
	status &=  ~LED1;
 c1008e8:	e59f3028 	ldr	r3, [pc, #40]	; c100918 <led1_off+0x3c>
 c1008ec:	e5933000 	ldr	r3, [r3]
 c1008f0:	e3c32001 	bic	r2, r3, #1
 c1008f4:	e59f301c 	ldr	r3, [pc, #28]	; c100918 <led1_off+0x3c>
 c1008f8:	e5832000 	str	r2, [r3]
	leds_display( status );
 c1008fc:	e59f3014 	ldr	r3, [pc, #20]	; c100918 <led1_off+0x3c>
 c100900:	e5933000 	ldr	r3, [r3]
 c100904:	e1a00003 	mov	r0, r3
 c100908:	eb000053 	bl	c100a5c <leds_display>
}
 c10090c:	e24bd00c 	sub	sp, fp, #12
 c100910:	e89d6800 	ldm	sp, {fp, sp, lr}
 c100914:	e12fff1e 	bx	lr
 c100918:	0c100078 	.word	0x0c100078

0c10091c <led2_on>:

void led2_on( void )
{
 c10091c:	e1a0c00d 	mov	ip, sp
 c100920:	e92dd800 	push	{fp, ip, lr, pc}
 c100924:	e24cb004 	sub	fp, ip, #4
	status |=  LED2;
 c100928:	e59f3028 	ldr	r3, [pc, #40]	; c100958 <led2_on+0x3c>
 c10092c:	e5933000 	ldr	r3, [r3]
 c100930:	e3832002 	orr	r2, r3, #2
 c100934:	e59f301c 	ldr	r3, [pc, #28]	; c100958 <led2_on+0x3c>
 c100938:	e5832000 	str	r2, [r3]
	leds_display( status );
 c10093c:	e59f3014 	ldr	r3, [pc, #20]	; c100958 <led2_on+0x3c>
 c100940:	e5933000 	ldr	r3, [r3]
 c100944:	e1a00003 	mov	r0, r3
 c100948:	eb000043 	bl	c100a5c <leds_display>
}
 c10094c:	e24bd00c 	sub	sp, fp, #12
 c100950:	e89d6800 	ldm	sp, {fp, sp, lr}
 c100954:	e12fff1e 	bx	lr
 c100958:	0c100078 	.word	0x0c100078

0c10095c <led2_off>:

void led2_off( void )
{
 c10095c:	e1a0c00d 	mov	ip, sp
 c100960:	e92dd800 	push	{fp, ip, lr, pc}
 c100964:	e24cb004 	sub	fp, ip, #4
	status &=  ~LED2;
 c100968:	e59f3028 	ldr	r3, [pc, #40]	; c100998 <led2_off+0x3c>
 c10096c:	e5933000 	ldr	r3, [r3]
 c100970:	e3c32002 	bic	r2, r3, #2
 c100974:	e59f301c 	ldr	r3, [pc, #28]	; c100998 <led2_off+0x3c>
 c100978:	e5832000 	str	r2, [r3]
	leds_display( status );
 c10097c:	e59f3014 	ldr	r3, [pc, #20]	; c100998 <led2_off+0x3c>
 c100980:	e5933000 	ldr	r3, [r3]
 c100984:	e1a00003 	mov	r0, r3
 c100988:	eb000033 	bl	c100a5c <leds_display>
}
 c10098c:	e24bd00c 	sub	sp, fp, #12
 c100990:	e89d6800 	ldm	sp, {fp, sp, lr}
 c100994:	e12fff1e 	bx	lr
 c100998:	0c100078 	.word	0x0c100078

0c10099c <led1_switch>:

void led1_switch( void )
{
 c10099c:	e1a0c00d 	mov	ip, sp
 c1009a0:	e92dd800 	push	{fp, ip, lr, pc}
 c1009a4:	e24cb004 	sub	fp, ip, #4
	status ^= LED1;
 c1009a8:	e59f3028 	ldr	r3, [pc, #40]	; c1009d8 <led1_switch+0x3c>
 c1009ac:	e5933000 	ldr	r3, [r3]
 c1009b0:	e2232001 	eor	r2, r3, #1
 c1009b4:	e59f301c 	ldr	r3, [pc, #28]	; c1009d8 <led1_switch+0x3c>
 c1009b8:	e5832000 	str	r2, [r3]
	leds_display( status );
 c1009bc:	e59f3014 	ldr	r3, [pc, #20]	; c1009d8 <led1_switch+0x3c>
 c1009c0:	e5933000 	ldr	r3, [r3]
 c1009c4:	e1a00003 	mov	r0, r3
 c1009c8:	eb000023 	bl	c100a5c <leds_display>
}
 c1009cc:	e24bd00c 	sub	sp, fp, #12
 c1009d0:	e89d6800 	ldm	sp, {fp, sp, lr}
 c1009d4:	e12fff1e 	bx	lr
 c1009d8:	0c100078 	.word	0x0c100078

0c1009dc <led2_switch>:

void led2_switch( void )
{
 c1009dc:	e1a0c00d 	mov	ip, sp
 c1009e0:	e92dd800 	push	{fp, ip, lr, pc}
 c1009e4:	e24cb004 	sub	fp, ip, #4
	status ^= LED2;
 c1009e8:	e59f3028 	ldr	r3, [pc, #40]	; c100a18 <led2_switch+0x3c>
 c1009ec:	e5933000 	ldr	r3, [r3]
 c1009f0:	e2232002 	eor	r2, r3, #2
 c1009f4:	e59f301c 	ldr	r3, [pc, #28]	; c100a18 <led2_switch+0x3c>
 c1009f8:	e5832000 	str	r2, [r3]
	leds_display( status );
 c1009fc:	e59f3014 	ldr	r3, [pc, #20]	; c100a18 <led2_switch+0x3c>
 c100a00:	e5933000 	ldr	r3, [r3]
 c100a04:	e1a00003 	mov	r0, r3
 c100a08:	eb000013 	bl	c100a5c <leds_display>
}
 c100a0c:	e24bd00c 	sub	sp, fp, #12
 c100a10:	e89d6800 	ldm	sp, {fp, sp, lr}
 c100a14:	e12fff1e 	bx	lr
 c100a18:	0c100078 	.word	0x0c100078

0c100a1c <leds_switch>:

void leds_switch( void ){
 c100a1c:	e1a0c00d 	mov	ip, sp
 c100a20:	e92dd800 	push	{fp, ip, lr, pc}
 c100a24:	e24cb004 	sub	fp, ip, #4
	status ^= (LED1 | LED2);
 c100a28:	e59f3028 	ldr	r3, [pc, #40]	; c100a58 <leds_switch+0x3c>
 c100a2c:	e5933000 	ldr	r3, [r3]
 c100a30:	e2232003 	eor	r2, r3, #3
 c100a34:	e59f301c 	ldr	r3, [pc, #28]	; c100a58 <leds_switch+0x3c>
 c100a38:	e5832000 	str	r2, [r3]
	leds_display( status );
 c100a3c:	e59f3014 	ldr	r3, [pc, #20]	; c100a58 <leds_switch+0x3c>
 c100a40:	e5933000 	ldr	r3, [r3]
 c100a44:	e1a00003 	mov	r0, r3
 c100a48:	eb000003 	bl	c100a5c <leds_display>
}
 c100a4c:	e24bd00c 	sub	sp, fp, #12
 c100a50:	e89d6800 	ldm	sp, {fp, sp, lr}
 c100a54:	e12fff1e 	bx	lr
 c100a58:	0c100078 	.word	0x0c100078

0c100a5c <leds_display>:

void leds_display( unsigned int leds_status )
{
 c100a5c:	e1a0c00d 	mov	ip, sp
 c100a60:	e92dd800 	push	{fp, ip, lr, pc}
 c100a64:	e24cb004 	sub	fp, ip, #4
 c100a68:	e24dd010 	sub	sp, sp, #16
 c100a6c:	e50b0018 	str	r0, [fp, #-24]	; 0xffffffe8
	status = leds_status;
 c100a70:	e59f30a4 	ldr	r3, [pc, #164]	; c100b1c <leds_display+0xc0>
 c100a74:	e51b2018 	ldr	r2, [fp, #-24]	; 0xffffffe8
 c100a78:	e5832000 	str	r2, [r3]
	enum digital level;
	// LED 1
	if( status & LED1 ){
 c100a7c:	e59f3098 	ldr	r3, [pc, #152]	; c100b1c <leds_display+0xc0>
 c100a80:	e5933000 	ldr	r3, [r3]
 c100a84:	e2033001 	and	r3, r3, #1
 c100a88:	e20330ff 	and	r3, r3, #255	; 0xff
 c100a8c:	e3530000 	cmp	r3, #0
 c100a90:	0a000006 	beq	c100ab0 <leds_display+0x54>
		level = LOW;
 c100a94:	e3a03000 	mov	r3, #0
 c100a98:	e54b300d 	strb	r3, [fp, #-13]
		portB_write(9, level);
 c100a9c:	e55b300d 	ldrb	r3, [fp, #-13]
 c100aa0:	e3a00009 	mov	r0, #9
 c100aa4:	e1a01003 	mov	r1, r3
 c100aa8:	ebfffdfe 	bl	c1002a8 <portB_write>
 c100aac:	ea000001 	b	c100ab8 <leds_display+0x5c>
		//COMPLETAR usando el interfaz del puerto B definido en gpio.h
		//hay que poner a nivel bajo el bit correspondiente al led 1
	}else
		level = HIGH;
 c100ab0:	e3a03001 	mov	r3, #1
 c100ab4:	e54b300d 	strb	r3, [fp, #-13]
		portB_write(9, level);
 c100ab8:	e55b300d 	ldrb	r3, [fp, #-13]
 c100abc:	e3a00009 	mov	r0, #9
 c100ac0:	e1a01003 	mov	r1, r3
 c100ac4:	ebfffdf7 	bl	c1002a8 <portB_write>

		//COMPLETAR usando el interfaz del puerto B definido en gpio.h
		//hay que poner a nivel alto el bit correspondiente al led 1

	// LED 2
	if( status & LED2 ){
 c100ac8:	e59f304c 	ldr	r3, [pc, #76]	; c100b1c <leds_display+0xc0>
 c100acc:	e5933000 	ldr	r3, [r3]
 c100ad0:	e2033002 	and	r3, r3, #2
 c100ad4:	e3530000 	cmp	r3, #0
 c100ad8:	0a000006 	beq	c100af8 <leds_display+0x9c>
		level = LOW;
 c100adc:	e3a03000 	mov	r3, #0
 c100ae0:	e54b300d 	strb	r3, [fp, #-13]
		portB_write(10, level);
 c100ae4:	e55b300d 	ldrb	r3, [fp, #-13]
 c100ae8:	e3a0000a 	mov	r0, #10
 c100aec:	e1a01003 	mov	r1, r3
 c100af0:	ebfffdec 	bl	c1002a8 <portB_write>
 c100af4:	ea000001 	b	c100b00 <leds_display+0xa4>

		//COMPLETAR usando el interfaz del puerto B definido en gpio.h
		//hay que poner a nivel bajo el bit correspondiente al led 2
	}else
		level = HIGH;
 c100af8:	e3a03001 	mov	r3, #1
 c100afc:	e54b300d 	strb	r3, [fp, #-13]
		portB_write(10, level);
 c100b00:	e55b300d 	ldrb	r3, [fp, #-13]
 c100b04:	e3a0000a 	mov	r0, #10
 c100b08:	e1a01003 	mov	r1, r3
 c100b0c:	ebfffde5 	bl	c1002a8 <portB_write>
		//COMPLETAR usando el interfaz del puerto B definido en gpio.h
		//hay que poner a nivel alto el bit correspondiente al led 2
}
 c100b10:	e24bd00c 	sub	sp, fp, #12
 c100b14:	e89d6800 	ldm	sp, {fp, sp, lr}
 c100b18:	e12fff1e 	bx	lr
 c100b1c:	0c100078 	.word	0x0c100078

0c100b20 <setup>:
	.position = 0,
};
int luz;

int setup(void)
{
 c100b20:	e1a0c00d 	mov	ip, sp
 c100b24:	e92dd800 	push	{fp, ip, lr, pc}
 c100b28:	e24cb004 	sub	fp, ip, #4
	leds_init();
 c100b2c:	ebffff49 	bl	c100858 <leds_init>
	led1_on();
 c100b30:	ebffff59 	bl	c10089c <led1_on>
	led1_off();
 c100b34:	ebffff68 	bl	c1008dc <led1_off>
	luz = 0;
 c100b38:	e59f3064 	ldr	r3, [pc, #100]	; c100ba4 <setup+0x84>
 c100b3c:	e3a02000 	mov	r2, #0
 c100b40:	e5832000 	str	r2, [r3]
	//COMPLETAR: utilizando el interfaz para el puerto G definido en gpio.h hay
	//que configurar los pines 6 y 7 del puerto G como pines de entrada y
	//activar las correspondientes resistencias de pull-up
	
	/*******************************************/
	portG_conf(6, INPUT);
 c100b44:	e3a00006 	mov	r0, #6
 c100b48:	e3a01000 	mov	r1, #0
 c100b4c:	ebfffe04 	bl	c100364 <portG_conf>
	portG_conf(7, INPUT);
 c100b50:	e3a00007 	mov	r0, #7
 c100b54:	e3a01000 	mov	r1, #0
 c100b58:	ebfffe01 	bl	c100364 <portG_conf>
	portG_conf_pup(6, ENABLE);
 c100b5c:	e3a00006 	mov	r0, #6
 c100b60:	e3a01001 	mov	r1, #1
 c100b64:	ebfffed5 	bl	c1006c0 <portG_conf_pup>
	portG_conf_pup(7, ENABLE);
 c100b68:	e3a00007 	mov	r0, #7
 c100b6c:	e3a01001 	mov	r1, #1
 c100b70:	ebfffed2 	bl	c1006c0 <portG_conf_pup>
	D8Led_init();
 c100b74:	ebfffd41 	bl	c100080 <D8Led_init>
	D8Led_segment(RL.position);
 c100b78:	e59f3028 	ldr	r3, [pc, #40]	; c100ba8 <setup+0x88>
 c100b7c:	e5933010 	ldr	r3, [r3, #16]
 c100b80:	e1a00003 	mov	r0, r3
 c100b84:	ebfffd46 	bl	c1000a4 <D8Led_segment>
	Delay(0);
 c100b88:	e3a00000 	mov	r0, #0
 c100b8c:	eb000070 	bl	c100d54 <Delay>
	return 0;
 c100b90:	e3a03000 	mov	r3, #0
}
 c100b94:	e1a00003 	mov	r0, r3
 c100b98:	e24bd00c 	sub	sp, fp, #12
 c100b9c:	e89d6800 	ldm	sp, {fp, sp, lr}
 c100ba0:	e12fff1e 	bx	lr
 c100ba4:	0c10007c 	.word	0x0c10007c
 c100ba8:	0c100060 	.word	0x0c100060

0c100bac <loop>:

int loop(void)
{
 c100bac:	e1a0c00d 	mov	ip, sp
 c100bb0:	e92dd800 	push	{fp, ip, lr, pc}
 c100bb4:	e24cb004 	sub	fp, ip, #4
 c100bb8:	e24dd008 	sub	sp, sp, #8
	unsigned int buttons = read_button();
 c100bbc:	ebfffd66 	bl	c10015c <read_button>
 c100bc0:	e50b0010 	str	r0, [fp, #-16]

	if (buttons & BUT1) {
 c100bc4:	e51b3010 	ldr	r3, [fp, #-16]
 c100bc8:	e2033001 	and	r3, r3, #1
 c100bcc:	e20330ff 	and	r3, r3, #255	; 0xff
 c100bd0:	e3530000 	cmp	r3, #0
 c100bd4:	0a00000c 	beq	c100c0c <loop+0x60>
		led1_off();
 c100bd8:	ebffff3f 	bl	c1008dc <led1_off>
		led2_off();
 c100bdc:	ebffff5e 	bl	c10095c <led2_off>
		if (RL.direction){
 c100be0:	e59f314c 	ldr	r3, [pc, #332]	; c100d34 <loop+0x188>
 c100be4:	e593300c 	ldr	r3, [r3, #12]
 c100be8:	e3530000 	cmp	r3, #0
 c100bec:	0a000003 	beq	c100c00 <loop+0x54>
			RL.direction = 0;
 c100bf0:	e59f313c 	ldr	r3, [pc, #316]	; c100d34 <loop+0x188>
 c100bf4:	e3a02000 	mov	r2, #0
 c100bf8:	e583200c 	str	r2, [r3, #12]
 c100bfc:	ea000002 	b	c100c0c <loop+0x60>
		}
		else {
			RL.direction = 1;
 c100c00:	e59f312c 	ldr	r3, [pc, #300]	; c100d34 <loop+0x188>
 c100c04:	e3a02001 	mov	r2, #1
 c100c08:	e583200c 	str	r2, [r3, #12]
		// hay que apagar ambos leds
		// Tambi√©n hay que comutar la direcci√≥n del movimiento del led rotante
		// representado por el campo direction de la variable RL
	}

	if (buttons & BUT2) {
 c100c0c:	e51b3010 	ldr	r3, [fp, #-16]
 c100c10:	e2033002 	and	r3, r3, #2
 c100c14:	e3530000 	cmp	r3, #0
 c100c18:	0a000017 	beq	c100c7c <loop+0xd0>
		if (luz == 0){
 c100c1c:	e59f3114 	ldr	r3, [pc, #276]	; c100d38 <loop+0x18c>
 c100c20:	e5933000 	ldr	r3, [r3]
 c100c24:	e3530000 	cmp	r3, #0
 c100c28:	1a000004 	bne	c100c40 <loop+0x94>
			led1_switch();
 c100c2c:	ebffff5a 	bl	c10099c <led1_switch>
			luz = 1;
 c100c30:	e59f3100 	ldr	r3, [pc, #256]	; c100d38 <loop+0x18c>
 c100c34:	e3a02001 	mov	r2, #1
 c100c38:	e5832000 	str	r2, [r3]
 c100c3c:	ea000003 	b	c100c50 <loop+0xa4>
		}
		else {
			led2_switch();
 c100c40:	ebffff65 	bl	c1009dc <led2_switch>
			luz = 0;
 c100c44:	e59f30ec 	ldr	r3, [pc, #236]	; c100d38 <loop+0x18c>
 c100c48:	e3a02000 	mov	r2, #0
 c100c4c:	e5832000 	str	r2, [r3]
		}
		if (RL.moving){
 c100c50:	e59f30dc 	ldr	r3, [pc, #220]	; c100d34 <loop+0x188>
 c100c54:	e5933000 	ldr	r3, [r3]
 c100c58:	e3530000 	cmp	r3, #0
 c100c5c:	0a000003 	beq	c100c70 <loop+0xc4>
			RL.moving = 0;
 c100c60:	e59f30cc 	ldr	r3, [pc, #204]	; c100d34 <loop+0x188>
 c100c64:	e3a02000 	mov	r2, #0
 c100c68:	e5832000 	str	r2, [r3]
 c100c6c:	ea000002 	b	c100c7c <loop+0xd0>
		}
		else {
			RL.moving = 1;
 c100c70:	e59f30bc 	ldr	r3, [pc, #188]	; c100d34 <loop+0x188>
 c100c74:	e3a02001 	mov	r2, #1
 c100c78:	e5832000 	str	r2, [r3]
		// representado por el campo moving de la variable RL, y en caso de
		// ponerlo en marcha debemos reiniciar el campo iter al valor del campo
		// speed.
	}

	if (RL.moving) {
 c100c7c:	e59f30b0 	ldr	r3, [pc, #176]	; c100d34 <loop+0x188>
 c100c80:	e5933000 	ldr	r3, [r3]
 c100c84:	e3530000 	cmp	r3, #0
 c100c88:	0a00001e 	beq	c100d08 <loop+0x15c>
			if(RL.direction==0){
 c100c8c:	e59f30a0 	ldr	r3, [pc, #160]	; c100d34 <loop+0x188>
 c100c90:	e593300c 	ldr	r3, [r3, #12]
 c100c94:	e3530000 	cmp	r3, #0
 c100c98:	1a00000d 	bne	c100cd4 <loop+0x128>
				if(RL.position == 5)
 c100c9c:	e59f3090 	ldr	r3, [pc, #144]	; c100d34 <loop+0x188>
 c100ca0:	e5933010 	ldr	r3, [r3, #16]
 c100ca4:	e3530005 	cmp	r3, #5
 c100ca8:	1a000003 	bne	c100cbc <loop+0x110>
					RL.position = 0;
 c100cac:	e59f3080 	ldr	r3, [pc, #128]	; c100d34 <loop+0x188>
 c100cb0:	e3a02000 	mov	r2, #0
 c100cb4:	e5832010 	str	r2, [r3, #16]
 c100cb8:	ea000012 	b	c100d08 <loop+0x15c>
				else
					RL.position++;
 c100cbc:	e59f3070 	ldr	r3, [pc, #112]	; c100d34 <loop+0x188>
 c100cc0:	e5933010 	ldr	r3, [r3, #16]
 c100cc4:	e2832001 	add	r2, r3, #1
 c100cc8:	e59f3064 	ldr	r3, [pc, #100]	; c100d34 <loop+0x188>
 c100ccc:	e5832010 	str	r2, [r3, #16]
 c100cd0:	ea00000c 	b	c100d08 <loop+0x15c>
			}
			else{
				if(RL.position == 0)
 c100cd4:	e59f3058 	ldr	r3, [pc, #88]	; c100d34 <loop+0x188>
 c100cd8:	e5933010 	ldr	r3, [r3, #16]
 c100cdc:	e3530000 	cmp	r3, #0
 c100ce0:	1a000003 	bne	c100cf4 <loop+0x148>
					RL.position = 5;
 c100ce4:	e59f3048 	ldr	r3, [pc, #72]	; c100d34 <loop+0x188>
 c100ce8:	e3a02005 	mov	r2, #5
 c100cec:	e5832010 	str	r2, [r3, #16]
 c100cf0:	ea000004 	b	c100d08 <loop+0x15c>
				else
					RL.position--;
 c100cf4:	e59f3038 	ldr	r3, [pc, #56]	; c100d34 <loop+0x188>
 c100cf8:	e5933010 	ldr	r3, [r3, #16]
 c100cfc:	e2432001 	sub	r2, r3, #1
 c100d00:	e59f302c 	ldr	r3, [pc, #44]	; c100d34 <loop+0x188>
 c100d04:	e5832010 	str	r2, [r3, #16]
			}
		}
	D8Led_segment(RL.position);
 c100d08:	e59f3024 	ldr	r3, [pc, #36]	; c100d34 <loop+0x188>
 c100d0c:	e5933010 	ldr	r3, [r3, #16]
 c100d10:	e1a00003 	mov	r0, r3
 c100d14:	ebfffce2 	bl	c1000a4 <D8Led_segment>
			// la direcci√≥n indicada por el campo direction de la variable RL.
			// La posici√≥n actual est√° representada en el campo position.
			// Recordar que queremos un movimiento circular, representado por
			// las 6 primeras posiciones en el array Segmentes del display de 8
			// segmentos, por lo que position debe estar siempre entre 0 y 5.
	Delay(2000); // espera de 200ms para que el bucle se repita 5 veces por segundo
 c100d18:	e3a00e7d 	mov	r0, #2000	; 0x7d0
 c100d1c:	eb00000c 	bl	c100d54 <Delay>
	return 0;
 c100d20:	e3a03000 	mov	r3, #0
}
 c100d24:	e1a00003 	mov	r0, r3
 c100d28:	e24bd00c 	sub	sp, fp, #12
 c100d2c:	e89d6800 	ldm	sp, {fp, sp, lr}
 c100d30:	e12fff1e 	bx	lr
 c100d34:	0c100060 	.word	0x0c100060
 c100d38:	0c10007c 	.word	0x0c10007c

0c100d3c <main>:


int main(void)
{
 c100d3c:	e1a0c00d 	mov	ip, sp
 c100d40:	e92dd800 	push	{fp, ip, lr, pc}
 c100d44:	e24cb004 	sub	fp, ip, #4
	setup();
 c100d48:	ebffff74 	bl	c100b20 <setup>

	while (1) {
		loop();
 c100d4c:	ebffff96 	bl	c100bac <loop>
	}
 c100d50:	eafffffd 	b	c100d4c <main+0x10>

0c100d54 <Delay>:

void Delay(int time)
// time=0: adjust the Delay function by WatchDog timer.//
// time>0: the number of loop time//
// 100us resolution.//
{
 c100d54:	e1a0c00d 	mov	ip, sp
 c100d58:	e92dd800 	push	{fp, ip, lr, pc}
 c100d5c:	e24cb004 	sub	fp, ip, #4
 c100d60:	e24dd010 	sub	sp, sp, #16
 c100d64:	e50b0018 	str	r0, [fp, #-24]	; 0xffffffe8
	int i,adjust=0;
 c100d68:	e3a03000 	mov	r3, #0
 c100d6c:	e50b3014 	str	r3, [fp, #-20]	; 0xffffffec
	if(time==0)
 c100d70:	e51b3018 	ldr	r3, [fp, #-24]	; 0xffffffe8
 c100d74:	e3530000 	cmp	r3, #0
 c100d78:	1a000021 	bne	c100e04 <Delay+0xb0>
	{
		time=200;
 c100d7c:	e3a030c8 	mov	r3, #200	; 0xc8
 c100d80:	e50b3018 	str	r3, [fp, #-24]	; 0xffffffe8
		adjust=1;
 c100d84:	e3a03001 	mov	r3, #1
 c100d88:	e50b3014 	str	r3, [fp, #-20]	; 0xffffffec
		delayLoopCount=400;
 c100d8c:	e59f30d8 	ldr	r3, [pc, #216]	; c100e6c <Delay+0x118>
 c100d90:	e3a02e19 	mov	r2, #400	; 0x190
 c100d94:	e5832000 	str	r2, [r3]
		rWTCON=((MCLK/1000000-1)<<8)|(2<<3);	// 1M/64,Watch-dog,nRESET,interrupt disable//
 c100d98:	e59f30d0 	ldr	r3, [pc, #208]	; c100e70 <Delay+0x11c>
 c100d9c:	e59f20d0 	ldr	r2, [pc, #208]	; c100e74 <Delay+0x120>
 c100da0:	e5832000 	str	r2, [r3]
		rWTDAT=0xffff;
 c100da4:	e59f30cc 	ldr	r3, [pc, #204]	; c100e78 <Delay+0x124>
 c100da8:	e59f20cc 	ldr	r2, [pc, #204]	; c100e7c <Delay+0x128>
 c100dac:	e5832000 	str	r2, [r3]
		rWTCNT=0xffff;
 c100db0:	e59f30c8 	ldr	r3, [pc, #200]	; c100e80 <Delay+0x12c>
 c100db4:	e59f20c0 	ldr	r2, [pc, #192]	; c100e7c <Delay+0x128>
 c100db8:	e5832000 	str	r2, [r3]
		rWTCON=((MCLK/1000000-1)<<8)|(2<<3)|(1<<5); // 1M/64,Watch-dog enable,nRESET,interrupt disable //
 c100dbc:	e59f30ac 	ldr	r3, [pc, #172]	; c100e70 <Delay+0x11c>
 c100dc0:	e59f20bc 	ldr	r2, [pc, #188]	; c100e84 <Delay+0x130>
 c100dc4:	e5832000 	str	r2, [r3]
	}
	for(;time>0;time--)
 c100dc8:	ea00000d 	b	c100e04 <Delay+0xb0>
		for(i=0;i<delayLoopCount;i++);
 c100dcc:	e3a03000 	mov	r3, #0
 c100dd0:	e50b3010 	str	r3, [fp, #-16]
 c100dd4:	ea000002 	b	c100de4 <Delay+0x90>
 c100dd8:	e51b3010 	ldr	r3, [fp, #-16]
 c100ddc:	e2833001 	add	r3, r3, #1
 c100de0:	e50b3010 	str	r3, [fp, #-16]
 c100de4:	e59f3080 	ldr	r3, [pc, #128]	; c100e6c <Delay+0x118>
 c100de8:	e5933000 	ldr	r3, [r3]
 c100dec:	e51b2010 	ldr	r2, [fp, #-16]
 c100df0:	e1520003 	cmp	r2, r3
 c100df4:	bafffff7 	blt	c100dd8 <Delay+0x84>
		rWTCON=((MCLK/1000000-1)<<8)|(2<<3);	// 1M/64,Watch-dog,nRESET,interrupt disable//
		rWTDAT=0xffff;
		rWTCNT=0xffff;
		rWTCON=((MCLK/1000000-1)<<8)|(2<<3)|(1<<5); // 1M/64,Watch-dog enable,nRESET,interrupt disable //
	}
	for(;time>0;time--)
 c100df8:	e51b3018 	ldr	r3, [fp, #-24]	; 0xffffffe8
 c100dfc:	e2433001 	sub	r3, r3, #1
 c100e00:	e50b3018 	str	r3, [fp, #-24]	; 0xffffffe8
 c100e04:	e51b3018 	ldr	r3, [fp, #-24]	; 0xffffffe8
 c100e08:	e3530000 	cmp	r3, #0
 c100e0c:	caffffee 	bgt	c100dcc <Delay+0x78>
		for(i=0;i<delayLoopCount;i++);
	if(adjust==1)
 c100e10:	e51b3014 	ldr	r3, [fp, #-20]	; 0xffffffec
 c100e14:	e3530001 	cmp	r3, #1
 c100e18:	1a000010 	bne	c100e60 <Delay+0x10c>
	{
		rWTCON=((MCLK/1000000-1)<<8)|(2<<3);
 c100e1c:	e59f304c 	ldr	r3, [pc, #76]	; c100e70 <Delay+0x11c>
 c100e20:	e59f204c 	ldr	r2, [pc, #76]	; c100e74 <Delay+0x120>
 c100e24:	e5832000 	str	r2, [r3]
		i=0xffff-rWTCNT;   //  1count/16us?????????//
 c100e28:	e59f3050 	ldr	r3, [pc, #80]	; c100e80 <Delay+0x12c>
 c100e2c:	e5933000 	ldr	r3, [r3]
 c100e30:	e2633cff 	rsb	r3, r3, #65280	; 0xff00
 c100e34:	e28330ff 	add	r3, r3, #255	; 0xff
 c100e38:	e50b3010 	str	r3, [fp, #-16]
		delayLoopCount=8000000/(i*64);	//400*100/(i*64/200)   //
 c100e3c:	e51b3010 	ldr	r3, [fp, #-16]
 c100e40:	e1a03303 	lsl	r3, r3, #6
 c100e44:	e59f003c 	ldr	r0, [pc, #60]	; c100e88 <Delay+0x134>
 c100e48:	e1a01003 	mov	r1, r3
 c100e4c:	eb00000e 	bl	c100e8c <__aeabi_idiv>
 c100e50:	e1a03000 	mov	r3, r0
 c100e54:	e1a02003 	mov	r2, r3
 c100e58:	e59f300c 	ldr	r3, [pc, #12]	; c100e6c <Delay+0x118>
 c100e5c:	e5832000 	str	r2, [r3]
	}
}
 c100e60:	e24bd00c 	sub	sp, fp, #12
 c100e64:	e89d6800 	ldm	sp, {fp, sp, lr}
 c100e68:	e12fff1e 	bx	lr
 c100e6c:	0c100074 	.word	0x0c100074
 c100e70:	01d30000 	.word	0x01d30000
 c100e74:	00003f10 	.word	0x00003f10
 c100e78:	01d30004 	.word	0x01d30004
 c100e7c:	0000ffff 	.word	0x0000ffff
 c100e80:	01d30008 	.word	0x01d30008
 c100e84:	00003f30 	.word	0x00003f30
 c100e88:	007a1200 	.word	0x007a1200

0c100e8c <__aeabi_idiv>:
 c100e8c:	e3510000 	cmp	r1, #0
 c100e90:	0a000043 	beq	c100fa4 <.divsi3_skip_div0_test+0x110>

0c100e94 <.divsi3_skip_div0_test>:
 c100e94:	e020c001 	eor	ip, r0, r1
 c100e98:	42611000 	rsbmi	r1, r1, #0
 c100e9c:	e2512001 	subs	r2, r1, #1
 c100ea0:	0a000027 	beq	c100f44 <.divsi3_skip_div0_test+0xb0>
 c100ea4:	e1b03000 	movs	r3, r0
 c100ea8:	42603000 	rsbmi	r3, r0, #0
 c100eac:	e1530001 	cmp	r3, r1
 c100eb0:	9a000026 	bls	c100f50 <.divsi3_skip_div0_test+0xbc>
 c100eb4:	e1110002 	tst	r1, r2
 c100eb8:	0a000028 	beq	c100f60 <.divsi3_skip_div0_test+0xcc>
 c100ebc:	e311020e 	tst	r1, #-536870912	; 0xe0000000
 c100ec0:	01a01181 	lsleq	r1, r1, #3
 c100ec4:	03a02008 	moveq	r2, #8
 c100ec8:	13a02001 	movne	r2, #1
 c100ecc:	e3510201 	cmp	r1, #268435456	; 0x10000000
 c100ed0:	31510003 	cmpcc	r1, r3
 c100ed4:	31a01201 	lslcc	r1, r1, #4
 c100ed8:	31a02202 	lslcc	r2, r2, #4
 c100edc:	3afffffa 	bcc	c100ecc <.divsi3_skip_div0_test+0x38>
 c100ee0:	e3510102 	cmp	r1, #-2147483648	; 0x80000000
 c100ee4:	31510003 	cmpcc	r1, r3
 c100ee8:	31a01081 	lslcc	r1, r1, #1
 c100eec:	31a02082 	lslcc	r2, r2, #1
 c100ef0:	3afffffa 	bcc	c100ee0 <.divsi3_skip_div0_test+0x4c>
 c100ef4:	e3a00000 	mov	r0, #0
 c100ef8:	e1530001 	cmp	r3, r1
 c100efc:	20433001 	subcs	r3, r3, r1
 c100f00:	21800002 	orrcs	r0, r0, r2
 c100f04:	e15300a1 	cmp	r3, r1, lsr #1
 c100f08:	204330a1 	subcs	r3, r3, r1, lsr #1
 c100f0c:	218000a2 	orrcs	r0, r0, r2, lsr #1
 c100f10:	e1530121 	cmp	r3, r1, lsr #2
 c100f14:	20433121 	subcs	r3, r3, r1, lsr #2
 c100f18:	21800122 	orrcs	r0, r0, r2, lsr #2
 c100f1c:	e15301a1 	cmp	r3, r1, lsr #3
 c100f20:	204331a1 	subcs	r3, r3, r1, lsr #3
 c100f24:	218001a2 	orrcs	r0, r0, r2, lsr #3
 c100f28:	e3530000 	cmp	r3, #0
 c100f2c:	11b02222 	lsrsne	r2, r2, #4
 c100f30:	11a01221 	lsrne	r1, r1, #4
 c100f34:	1affffef 	bne	c100ef8 <.divsi3_skip_div0_test+0x64>
 c100f38:	e35c0000 	cmp	ip, #0
 c100f3c:	42600000 	rsbmi	r0, r0, #0
 c100f40:	e12fff1e 	bx	lr
 c100f44:	e13c0000 	teq	ip, r0
 c100f48:	42600000 	rsbmi	r0, r0, #0
 c100f4c:	e12fff1e 	bx	lr
 c100f50:	33a00000 	movcc	r0, #0
 c100f54:	01a00fcc 	asreq	r0, ip, #31
 c100f58:	03800001 	orreq	r0, r0, #1
 c100f5c:	e12fff1e 	bx	lr
 c100f60:	e3510801 	cmp	r1, #65536	; 0x10000
 c100f64:	21a01821 	lsrcs	r1, r1, #16
 c100f68:	23a02010 	movcs	r2, #16
 c100f6c:	33a02000 	movcc	r2, #0
 c100f70:	e3510c01 	cmp	r1, #256	; 0x100
 c100f74:	21a01421 	lsrcs	r1, r1, #8
 c100f78:	22822008 	addcs	r2, r2, #8
 c100f7c:	e3510010 	cmp	r1, #16
 c100f80:	21a01221 	lsrcs	r1, r1, #4
 c100f84:	22822004 	addcs	r2, r2, #4
 c100f88:	e3510004 	cmp	r1, #4
 c100f8c:	82822003 	addhi	r2, r2, #3
 c100f90:	908220a1 	addls	r2, r2, r1, lsr #1
 c100f94:	e35c0000 	cmp	ip, #0
 c100f98:	e1a00233 	lsr	r0, r3, r2
 c100f9c:	42600000 	rsbmi	r0, r0, #0
 c100fa0:	e12fff1e 	bx	lr
 c100fa4:	e3500000 	cmp	r0, #0
 c100fa8:	c3e00102 	mvngt	r0, #-2147483648	; 0x80000000
 c100fac:	b3a00102 	movlt	r0, #-2147483648	; 0x80000000
 c100fb0:	ea000007 	b	c100fd4 <__aeabi_idiv0>

0c100fb4 <__aeabi_idivmod>:
 c100fb4:	e3510000 	cmp	r1, #0
 c100fb8:	0afffff9 	beq	c100fa4 <.divsi3_skip_div0_test+0x110>
 c100fbc:	e92d4003 	push	{r0, r1, lr}
 c100fc0:	ebffffb3 	bl	c100e94 <.divsi3_skip_div0_test>
 c100fc4:	e8bd4006 	pop	{r1, r2, lr}
 c100fc8:	e0030092 	mul	r3, r2, r0
 c100fcc:	e0411003 	sub	r1, r1, r3
 c100fd0:	e12fff1e 	bx	lr

0c100fd4 <__aeabi_idiv0>:
 c100fd4:	e12fff1e 	bx	lr
