!SESSION 2020-03-03 11:42:03.762 -----------------------------------------------
eclipse.buildId=M20130204-1200
java.version=1.7.0_25
java.vendor=Oracle Corporation
BootLoader constants: OS=win32, ARCH=x86, WS=win32, NL=es_ES
Framework arguments:  -product org.eclipse.epp.package.cpp.product -product org.eclipse.epp.package.cpp.product -product org.eclipse.epp.package.cpp.product -product org.eclipse.epp.package.cpp.product
Command-line arguments:  -os win32 -ws win32 -arch x86 -product org.eclipse.epp.package.cpp.product -product org.eclipse.epp.package.cpp.product -product org.eclipse.epp.package.cpp.product -data D:\EC\PracticasEC\P3 -product org.eclipse.epp.package.cpp.product

!ENTRY org.eclipse.egit.ui 2 0 2020-03-03 11:42:11.884
!MESSAGE Warning: EGit couldn't detect the installation path "gitPrefix" of native Git. Hence EGit can't respect system level
Git settings which might be configured in ${gitPrefix}/etc/gitconfig under the native Git installation directory.
The most important of these settings is core.autocrlf. Git for Windows by default sets this parameter to true in
this system level configuration. The Git installation location can be configured on the
Team > Git > Configuration preference page's 'System Settings' tab.
This warning can be switched off on the Team > Git > Confirmations and Warnings preference page.

!ENTRY org.eclipse.egit.ui 2 0 2020-03-03 11:42:11.893
!MESSAGE Warning: The environment variable HOME is not set. The following directory will be used to store the Git
user global configuration and to define the default location to store repositories: 'C:\Users\ignac'. If this is
not correct please set the HOME environment variable and restart Eclipse. Otherwise Git for Windows and
EGit might behave differently since they see different configuration options.
This warning can be switched off on the Team > Git > Confirmations and Warnings preference page.

!ENTRY org.eclipse.cdt.core 1 0 2020-03-03 11:44:16.989
!MESSAGE Indexed 'P3' (0 sources, 9 headers) in 0,40 sec: 157 declarations; 32 references; 0 unresolved inclusions; 0 syntax errors; 0 unresolved names (0,00%)

!ENTRY org.eclipse.jface 2 0 2020-03-03 11:45:08.995
!MESSAGE Keybinding conflicts occurred.  They may interfere with normal accelerator operation.
!SUBENTRY 1 org.eclipse.jface 2 0 2020-03-03 11:45:08.995
!MESSAGE A conflict occurred for ALT+CTRL+I:
Binding(ALT+CTRL+I,
	ParameterizedCommand(Command(org.eclipse.cdt.ui.edit.open.include.browser,Open Include Browser,
		Open an include browser on the selected element,
		Category(org.eclipse.ui.category.navigate,Navigate,null,true),
		org.eclipse.ui.internal.MakeHandlersGo@da73dd,
		,,true),null),
	org.eclipse.ui.defaultAcceleratorConfiguration,
	org.eclipse.cdt.ui.cEditorScope,,,system)
Binding(ALT+CTRL+I,
	ParameterizedCommand(Command(org.eclipse.cdt.ui.edit.open.include.browser,Open Include Browser,
		Open an include browser on the selected element,
		Category(org.eclipse.ui.category.navigate,Navigate,null,true),
		org.eclipse.ui.internal.MakeHandlersGo@da73dd,
		,,true),null),
	org.eclipse.ui.defaultAcceleratorConfiguration,
	org.eclipse.cdt.ui.cViewScope,,,system)
!SUBENTRY 1 org.eclipse.jface 2 0 2020-03-03 11:45:08.995
!MESSAGE A conflict occurred for ALT+SHIFT+R:
Binding(ALT+SHIFT+R,
	ParameterizedCommand(Command(org.eclipse.cdt.ui.edit.text.rename.element,Rename - Refactoring ,
		Rename the selected element,
		Category(org.eclipse.cdt.ui.category.refactoring,Refactor - C++,C/C++ Refactorings,true),
		org.eclipse.ui.internal.MakeHandlersGo@1ecd57b,
		,,true),null),
	org.eclipse.ui.defaultAcceleratorConfiguration,
	org.eclipse.cdt.ui.cEditorScope,,,system)
Binding(ALT+SHIFT+R,
	ParameterizedCommand(Command(org.eclipse.cdt.ui.edit.text.rename.element,Rename - Refactoring ,
		Rename the selected element,
		Category(org.eclipse.cdt.ui.category.refactoring,Refactor - C++,C/C++ Refactorings,true),
		org.eclipse.ui.internal.MakeHandlersGo@1ecd57b,
		,,true),null),
	org.eclipse.ui.defaultAcceleratorConfiguration,
	org.eclipse.cdt.ui.cViewScope,,,system)
!SUBENTRY 1 org.eclipse.jface 2 0 2020-03-03 11:45:08.995
!MESSAGE A conflict occurred for F3:
Binding(F3,
	ParameterizedCommand(Command(org.eclipse.cdt.ui.edit.opendecl,Open Declaration,
		Open an editor on the selected element's declaration(s),
		Category(org.eclipse.cdt.ui.category.source,Source,Source commands,true),
		org.eclipse.ui.internal.MakeHandlersGo@1b3b077,
		,,true),null),
	org.eclipse.ui.defaultAcceleratorConfiguration,
	org.eclipse.cdt.ui.cEditorScope,,,system)
Binding(F3,
	ParameterizedCommand(Command(org.eclipse.cdt.ui.edit.opendecl,Open Declaration,
		Open an editor on the selected element's declaration(s),
		Category(org.eclipse.cdt.ui.category.source,Source,Source commands,true),
		org.eclipse.ui.internal.MakeHandlersGo@1b3b077,
		,,true),null),
	org.eclipse.ui.defaultAcceleratorConfiguration,
	org.eclipse.cdt.ui.cViewScope,,,system)
!SUBENTRY 1 org.eclipse.jface 2 0 2020-03-03 11:45:08.995
!MESSAGE A conflict occurred for CTRL+SHIFT+T:
Binding(CTRL+SHIFT+T,
	ParameterizedCommand(Command(org.eclipse.cdt.ui.navigate.opentype,Open Element,
		Open an element in an Editor,
		Category(org.eclipse.cdt.ui.category.source,Source,Source commands,true),
		org.eclipse.ui.internal.MakeHandlersGo@65687,
		,,true),null),
	org.eclipse.ui.defaultAcceleratorConfiguration,
	org.eclipse.cdt.ui.cEditorScope,,,system)
Binding(CTRL+SHIFT+T,
	ParameterizedCommand(Command(org.eclipse.cdt.ui.navigate.opentype,Open Element,
		Open an element in an Editor,
		Category(org.eclipse.cdt.ui.category.source,Source,Source commands,true),
		org.eclipse.ui.internal.MakeHandlersGo@65687,
		,,true),null),
	org.eclipse.ui.defaultAcceleratorConfiguration,
	org.eclipse.cdt.ui.cViewScope,,,system)
!SUBENTRY 1 org.eclipse.jface 2 0 2020-03-03 11:45:08.995
!MESSAGE A conflict occurred for F4:
Binding(F4,
	ParameterizedCommand(Command(org.eclipse.cdt.ui.edit.open.type.hierarchy,Open Type Hierarchy,
		Open a type hierarchy on the selected element,
		Category(org.eclipse.ui.category.navigate,Navigate,null,true),
		org.eclipse.ui.internal.MakeHandlersGo@1abe35,
		,,true),null),
	org.eclipse.ui.defaultAcceleratorConfiguration,
	org.eclipse.cdt.ui.cEditorScope,,,system)
Binding(F4,
	ParameterizedCommand(Command(org.eclipse.cdt.ui.edit.open.type.hierarchy,Open Type Hierarchy,
		Open a type hierarchy on the selected element,
		Category(org.eclipse.ui.category.navigate,Navigate,null,true),
		org.eclipse.ui.internal.MakeHandlersGo@1abe35,
		,,true),null),
	org.eclipse.ui.defaultAcceleratorConfiguration,
	org.eclipse.cdt.ui.cViewScope,,,system)
!SUBENTRY 1 org.eclipse.jface 2 0 2020-03-03 11:45:08.995
!MESSAGE A conflict occurred for CTRL+G:
Binding(CTRL+G,
	ParameterizedCommand(Command(org.eclipse.cdt.ui.search.finddecl,Declaration,
		Search for declarations of the selected element in the workspace,
		Category(org.eclipse.cdt.ui.category.source,Source,Source commands,true),
		org.eclipse.ui.internal.MakeHandlersGo@1bd9d1e,
		,,true),null),
	org.eclipse.ui.defaultAcceleratorConfiguration,
	org.eclipse.cdt.ui.cEditorScope,,,system)
Binding(CTRL+G,
	ParameterizedCommand(Command(org.eclipse.cdt.ui.search.finddecl,Declaration,
		Search for declarations of the selected element in the workspace,
		Category(org.eclipse.cdt.ui.category.source,Source,Source commands,true),
		org.eclipse.ui.internal.MakeHandlersGo@1bd9d1e,
		,,true),null),
	org.eclipse.ui.defaultAcceleratorConfiguration,
	org.eclipse.cdt.ui.cViewScope,,,system)
!SUBENTRY 1 org.eclipse.jface 2 0 2020-03-03 11:45:08.995
!MESSAGE A conflict occurred for CTRL+SHIFT+G:
Binding(CTRL+SHIFT+G,
	ParameterizedCommand(Command(org.eclipse.cdt.ui.search.findrefs,References,
		Search for references to the selected element in the workspace,
		Category(org.eclipse.cdt.ui.category.source,Source,Source commands,true),
		org.eclipse.ui.internal.MakeHandlersGo@1962fed,
		,,true),null),
	org.eclipse.ui.defaultAcceleratorConfiguration,
	org.eclipse.cdt.ui.cEditorScope,,,system)
Binding(CTRL+SHIFT+G,
	ParameterizedCommand(Command(org.eclipse.cdt.ui.search.findrefs,References,
		Search for references to the selected element in the workspace,
		Category(org.eclipse.cdt.ui.category.source,Source,Source commands,true),
		org.eclipse.ui.internal.MakeHandlersGo@1962fed,
		,,true),null),
	org.eclipse.ui.defaultAcceleratorConfiguration,
	org.eclipse.cdt.ui.cViewScope,,,system)
!SUBENTRY 1 org.eclipse.jface 2 0 2020-03-03 11:45:08.995
!MESSAGE A conflict occurred for ALT+CTRL+H:
Binding(ALT+CTRL+H,
	ParameterizedCommand(Command(org.eclipse.cdt.ui.edit.open.call.hierarchy,Open Call Hierarchy,
		Open the call hierarchy for the selected element,
		Category(org.eclipse.ui.category.navigate,Navigate,null,true),
		org.eclipse.ui.internal.MakeHandlersGo@1249345,
		,,true),null),
	org.eclipse.ui.defaultAcceleratorConfiguration,
	org.eclipse.cdt.ui.cEditorScope,,,system)
Binding(ALT+CTRL+H,
	ParameterizedCommand(Command(org.eclipse.cdt.ui.edit.open.call.hierarchy,Open Call Hierarchy,
		Open the call hierarchy for the selected element,
		Category(org.eclipse.ui.category.navigate,Navigate,null,true),
		org.eclipse.ui.internal.MakeHandlersGo@1249345,
		,,true),null),
	org.eclipse.ui.defaultAcceleratorConfiguration,
	org.eclipse.cdt.ui.cViewScope,,,system)
!SUBENTRY 1 org.eclipse.jface 2 0 2020-03-03 11:45:08.995
!MESSAGE A conflict occurred for CTRL+SHIFT+H:
Binding(CTRL+SHIFT+H,
	ParameterizedCommand(Command(org.eclipse.cdt.ui.navigate.open.type.in.hierarchy,Open Type in Hierarchy,
		Open a type in the type hierarchy view,
		Category(org.eclipse.ui.category.navigate,Navigate,null,true),
		org.eclipse.ui.internal.MakeHandlersGo@40b452,
		,,true),null),
	org.eclipse.ui.defaultAcceleratorConfiguration,
	org.eclipse.cdt.ui.cEditorScope,,,system)
Binding(CTRL+SHIFT+H,
	ParameterizedCommand(Command(org.eclipse.cdt.ui.navigate.open.type.in.hierarchy,Open Type in Hierarchy,
		Open a type in the type hierarchy view,
		Category(org.eclipse.ui.category.navigate,Navigate,null,true),
		org.eclipse.ui.internal.MakeHandlersGo@40b452,
		,,true),null),
	org.eclipse.ui.defaultAcceleratorConfiguration,
	org.eclipse.cdt.ui.cViewScope,,,system)
!SESSION 2020-03-09 11:10:27.573 -----------------------------------------------
eclipse.buildId=M20130204-1200
java.version=1.7.0_25
java.vendor=Oracle Corporation
BootLoader constants: OS=win32, ARCH=x86, WS=win32, NL=es_ES
Framework arguments:  -product org.eclipse.epp.package.cpp.product
Command-line arguments:  -os win32 -ws win32 -arch x86 -product org.eclipse.epp.package.cpp.product

!ENTRY org.eclipse.egit.ui 2 0 2020-03-09 11:10:50.185
!MESSAGE Warning: EGit couldn't detect the installation path "gitPrefix" of native Git. Hence EGit can't respect system level
Git settings which might be configured in ${gitPrefix}/etc/gitconfig under the native Git installation directory.
The most important of these settings is core.autocrlf. Git for Windows by default sets this parameter to true in
this system level configuration. The Git installation location can be configured on the
Team > Git > Configuration preference page's 'System Settings' tab.
This warning can be switched off on the Team > Git > Confirmations and Warnings preference page.

!ENTRY org.eclipse.egit.ui 2 0 2020-03-09 11:10:50.232
!MESSAGE Warning: The environment variable HOME is not set. The following directory will be used to store the Git
user global configuration and to define the default location to store repositories: 'C:\Users\ignac'. If this is
not correct please set the HOME environment variable and restart Eclipse. Otherwise Git for Windows and
EGit might behave differently since they see different configuration options.
This warning can be switched off on the Team > Git > Confirmations and Warnings preference page.

!ENTRY org.eclipse.jface 2 0 2020-03-09 12:16:48.164
!MESSAGE Keybinding conflicts occurred.  They may interfere with normal accelerator operation.
!SUBENTRY 1 org.eclipse.jface 2 0 2020-03-09 12:16:48.164
!MESSAGE A conflict occurred for ALT+CTRL+I:
Binding(ALT+CTRL+I,
	ParameterizedCommand(Command(org.eclipse.cdt.ui.edit.open.include.browser,Open Include Browser,
		Open an include browser on the selected element,
		Category(org.eclipse.ui.category.navigate,Navigate,null,true),
		org.eclipse.ui.internal.MakeHandlersGo@1a341cb,
		,,true),null),
	org.eclipse.ui.defaultAcceleratorConfiguration,
	org.eclipse.cdt.ui.cEditorScope,,,system)
Binding(ALT+CTRL+I,
	ParameterizedCommand(Command(org.eclipse.cdt.ui.edit.open.include.browser,Open Include Browser,
		Open an include browser on the selected element,
		Category(org.eclipse.ui.category.navigate,Navigate,null,true),
		org.eclipse.ui.internal.MakeHandlersGo@1a341cb,
		,,true),null),
	org.eclipse.ui.defaultAcceleratorConfiguration,
	org.eclipse.cdt.ui.cViewScope,,,system)
!SUBENTRY 1 org.eclipse.jface 2 0 2020-03-09 12:16:48.164
!MESSAGE A conflict occurred for ALT+SHIFT+R:
Binding(ALT+SHIFT+R,
	ParameterizedCommand(Command(org.eclipse.cdt.ui.edit.text.rename.element,Rename - Refactoring ,
		Rename the selected element,
		Category(org.eclipse.cdt.ui.category.refactoring,Refactor - C++,C/C++ Refactorings,true),
		org.eclipse.ui.internal.MakeHandlersGo@1347b5e,
		,,true),null),
	org.eclipse.ui.defaultAcceleratorConfiguration,
	org.eclipse.cdt.ui.cEditorScope,,,system)
Binding(ALT+SHIFT+R,
	ParameterizedCommand(Command(org.eclipse.cdt.ui.edit.text.rename.element,Rename - Refactoring ,
		Rename the selected element,
		Category(org.eclipse.cdt.ui.category.refactoring,Refactor - C++,C/C++ Refactorings,true),
		org.eclipse.ui.internal.MakeHandlersGo@1347b5e,
		,,true),null),
	org.eclipse.ui.defaultAcceleratorConfiguration,
	org.eclipse.cdt.ui.cViewScope,,,system)
!SUBENTRY 1 org.eclipse.jface 2 0 2020-03-09 12:16:48.164
!MESSAGE A conflict occurred for F3:
Binding(F3,
	ParameterizedCommand(Command(org.eclipse.cdt.ui.edit.opendecl,Open Declaration,
		Open an editor on the selected element's declaration(s),
		Category(org.eclipse.cdt.ui.category.source,Source,Source commands,true),
		org.eclipse.ui.internal.MakeHandlersGo@8f77b6,
		,,true),null),
	org.eclipse.ui.defaultAcceleratorConfiguration,
	org.eclipse.cdt.ui.cEditorScope,,,system)
Binding(F3,
	ParameterizedCommand(Command(org.eclipse.cdt.ui.edit.opendecl,Open Declaration,
		Open an editor on the selected element's declaration(s),
		Category(org.eclipse.cdt.ui.category.source,Source,Source commands,true),
		org.eclipse.ui.internal.MakeHandlersGo@8f77b6,
		,,true),null),
	org.eclipse.ui.defaultAcceleratorConfiguration,
	org.eclipse.cdt.ui.cViewScope,,,system)
!SUBENTRY 1 org.eclipse.jface 2 0 2020-03-09 12:16:48.164
!MESSAGE A conflict occurred for CTRL+SHIFT+T:
Binding(CTRL+SHIFT+T,
	ParameterizedCommand(Command(org.eclipse.cdt.ui.navigate.opentype,Open Element,
		Open an element in an Editor,
		Category(org.eclipse.cdt.ui.category.source,Source,Source commands,true),
		org.eclipse.ui.internal.MakeHandlersGo@fc6ed7,
		,,true),null),
	org.eclipse.ui.defaultAcceleratorConfiguration,
	org.eclipse.cdt.ui.cEditorScope,,,system)
Binding(CTRL+SHIFT+T,
	ParameterizedCommand(Command(org.eclipse.cdt.ui.navigate.opentype,Open Element,
		Open an element in an Editor,
		Category(org.eclipse.cdt.ui.category.source,Source,Source commands,true),
		org.eclipse.ui.internal.MakeHandlersGo@fc6ed7,
		,,true),null),
	org.eclipse.ui.defaultAcceleratorConfiguration,
	org.eclipse.cdt.ui.cViewScope,,,system)
!SUBENTRY 1 org.eclipse.jface 2 0 2020-03-09 12:16:48.164
!MESSAGE A conflict occurred for F4:
Binding(F4,
	ParameterizedCommand(Command(org.eclipse.cdt.ui.edit.open.type.hierarchy,Open Type Hierarchy,
		Open a type hierarchy on the selected element,
		Category(org.eclipse.ui.category.navigate,Navigate,null,true),
		org.eclipse.ui.internal.MakeHandlersGo@d0eae3,
		,,true),null),
	org.eclipse.ui.defaultAcceleratorConfiguration,
	org.eclipse.cdt.ui.cEditorScope,,,system)
Binding(F4,
	ParameterizedCommand(Command(org.eclipse.cdt.ui.edit.open.type.hierarchy,Open Type Hierarchy,
		Open a type hierarchy on the selected element,
		Category(org.eclipse.ui.category.navigate,Navigate,null,true),
		org.eclipse.ui.internal.MakeHandlersGo@d0eae3,
		,,true),null),
	org.eclipse.ui.defaultAcceleratorConfiguration,
	org.eclipse.cdt.ui.cViewScope,,,system)
!SUBENTRY 1 org.eclipse.jface 2 0 2020-03-09 12:16:48.164
!MESSAGE A conflict occurred for CTRL+G:
Binding(CTRL+G,
	ParameterizedCommand(Command(org.eclipse.cdt.ui.search.finddecl,Declaration,
		Search for declarations of the selected element in the workspace,
		Category(org.eclipse.cdt.ui.category.source,Source,Source commands,true),
		org.eclipse.ui.internal.MakeHandlersGo@1ecff5a,
		,,true),null),
	org.eclipse.ui.defaultAcceleratorConfiguration,
	org.eclipse.cdt.ui.cEditorScope,,,system)
Binding(CTRL+G,
	ParameterizedCommand(Command(org.eclipse.cdt.ui.search.finddecl,Declaration,
		Search for declarations of the selected element in the workspace,
		Category(org.eclipse.cdt.ui.category.source,Source,Source commands,true),
		org.eclipse.ui.internal.MakeHandlersGo@1ecff5a,
		,,true),null),
	org.eclipse.ui.defaultAcceleratorConfiguration,
	org.eclipse.cdt.ui.cViewScope,,,system)
!SUBENTRY 1 org.eclipse.jface 2 0 2020-03-09 12:16:48.164
!MESSAGE A conflict occurred for CTRL+SHIFT+G:
Binding(CTRL+SHIFT+G,
	ParameterizedCommand(Command(org.eclipse.cdt.ui.search.findrefs,References,
		Search for references to the selected element in the workspace,
		Category(org.eclipse.cdt.ui.category.source,Source,Source commands,true),
		org.eclipse.ui.internal.MakeHandlersGo@707f1c,
		,,true),null),
	org.eclipse.ui.defaultAcceleratorConfiguration,
	org.eclipse.cdt.ui.cEditorScope,,,system)
Binding(CTRL+SHIFT+G,
	ParameterizedCommand(Command(org.eclipse.cdt.ui.search.findrefs,References,
		Search for references to the selected element in the workspace,
		Category(org.eclipse.cdt.ui.category.source,Source,Source commands,true),
		org.eclipse.ui.internal.MakeHandlersGo@707f1c,
		,,true),null),
	org.eclipse.ui.defaultAcceleratorConfiguration,
	org.eclipse.cdt.ui.cViewScope,,,system)
!SUBENTRY 1 org.eclipse.jface 2 0 2020-03-09 12:16:48.164
!MESSAGE A conflict occurred for ALT+CTRL+H:
Binding(ALT+CTRL+H,
	ParameterizedCommand(Command(org.eclipse.cdt.ui.edit.open.call.hierarchy,Open Call Hierarchy,
		Open the call hierarchy for the selected element,
		Category(org.eclipse.ui.category.navigate,Navigate,null,true),
		org.eclipse.ui.internal.MakeHandlersGo@1a92f7f,
		,,true),null),
	org.eclipse.ui.defaultAcceleratorConfiguration,
	org.eclipse.cdt.ui.cEditorScope,,,system)
Binding(ALT+CTRL+H,
	ParameterizedCommand(Command(org.eclipse.cdt.ui.edit.open.call.hierarchy,Open Call Hierarchy,
		Open the call hierarchy for the selected element,
		Category(org.eclipse.ui.category.navigate,Navigate,null,true),
		org.eclipse.ui.internal.MakeHandlersGo@1a92f7f,
		,,true),null),
	org.eclipse.ui.defaultAcceleratorConfiguration,
	org.eclipse.cdt.ui.cViewScope,,,system)
!SUBENTRY 1 org.eclipse.jface 2 0 2020-03-09 12:16:48.164
!MESSAGE A conflict occurred for CTRL+SHIFT+H:
Binding(CTRL+SHIFT+H,
	ParameterizedCommand(Command(org.eclipse.cdt.ui.navigate.open.type.in.hierarchy,Open Type in Hierarchy,
		Open a type in the type hierarchy view,
		Category(org.eclipse.ui.category.navigate,Navigate,null,true),
		org.eclipse.ui.internal.MakeHandlersGo@6d5972,
		,,true),null),
	org.eclipse.ui.defaultAcceleratorConfiguration,
	org.eclipse.cdt.ui.cEditorScope,,,system)
Binding(CTRL+SHIFT+H,
	ParameterizedCommand(Command(org.eclipse.cdt.ui.navigate.open.type.in.hierarchy,Open Type in Hierarchy,
		Open a type in the type hierarchy view,
		Category(org.eclipse.ui.category.navigate,Navigate,null,true),
		org.eclipse.ui.internal.MakeHandlersGo@6d5972,
		,,true),null),
	org.eclipse.ui.defaultAcceleratorConfiguration,
	org.eclipse.cdt.ui.cViewScope,,,system)

!ENTRY org.eclipse.cdt.debug.gdbjtag.core 4 150 2020-03-09 12:26:22.196
!MESSAGE Failed command
!STACK 0
org.eclipse.cdt.debug.mi.core.MIException: Error finishing flash operation
	at org.eclipse.cdt.debug.mi.core.command.Command.throwMIException(Command.java:105)
	at org.eclipse.cdt.debug.mi.core.command.Command.getMIInfo(Command.java:79)
	at org.eclipse.cdt.debug.gdbjtag.core.GDBJtagDebugger.executeGDBScript(GDBJtagDebugger.java:355)
	at org.eclipse.cdt.debug.gdbjtag.core.GDBJtagDebugger.doStartSession(GDBJtagDebugger.java:262)
	at org.eclipse.cdt.debug.mi.core.AbstractGDBCDIDebugger.createSession(AbstractGDBCDIDebugger.java:86)
	at org.eclipse.cdt.debug.gdbjtag.core.GDBJtagDebugger.createSession(GDBJtagDebugger.java:69)
	at org.eclipse.cdt.debug.gdbjtag.core.GDBJtagLaunchConfigurationDelegate.launch(GDBJtagLaunchConfigurationDelegate.java:54)
	at org.eclipse.debug.internal.core.LaunchConfiguration.launch(LaunchConfiguration.java:855)
	at org.eclipse.debug.internal.core.LaunchConfiguration.launch(LaunchConfiguration.java:704)
	at org.eclipse.debug.internal.ui.DebugUIPlugin.buildAndLaunch(DebugUIPlugin.java:1047)
	at org.eclipse.debug.internal.ui.DebugUIPlugin$8.run(DebugUIPlugin.java:1251)
	at org.eclipse.core.internal.jobs.Worker.run(Worker.java:53)
!SUBENTRY 1 org.eclipse.cdt.debug.gdbjtag.core 4 150 2020-03-09 12:26:22.228
!MESSAGE Error finishing flash operation
!STACK 0
org.eclipse.cdt.debug.mi.core.MIException: Error finishing flash operation
	at org.eclipse.cdt.debug.mi.core.command.Command.throwMIException(Command.java:105)
	at org.eclipse.cdt.debug.mi.core.command.Command.getMIInfo(Command.java:79)
	at org.eclipse.cdt.debug.gdbjtag.core.GDBJtagDebugger.executeGDBScript(GDBJtagDebugger.java:355)
	at org.eclipse.cdt.debug.gdbjtag.core.GDBJtagDebugger.doStartSession(GDBJtagDebugger.java:262)
	at org.eclipse.cdt.debug.mi.core.AbstractGDBCDIDebugger.createSession(AbstractGDBCDIDebugger.java:86)
	at org.eclipse.cdt.debug.gdbjtag.core.GDBJtagDebugger.createSession(GDBJtagDebugger.java:69)
	at org.eclipse.cdt.debug.gdbjtag.core.GDBJtagLaunchConfigurationDelegate.launch(GDBJtagLaunchConfigurationDelegate.java:54)
	at org.eclipse.debug.internal.core.LaunchConfiguration.launch(LaunchConfiguration.java:855)
	at org.eclipse.debug.internal.core.LaunchConfiguration.launch(LaunchConfiguration.java:704)
	at org.eclipse.debug.internal.ui.DebugUIPlugin.buildAndLaunch(DebugUIPlugin.java:1047)
	at org.eclipse.debug.internal.ui.DebugUIPlugin$8.run(DebugUIPlugin.java:1251)
	at org.eclipse.core.internal.jobs.Worker.run(Worker.java:53)

!ENTRY org.eclipse.cdt.debug.gdbjtag.core 4 150 2020-03-09 12:27:40.419
!MESSAGE Failed command
!STACK 0
org.eclipse.cdt.debug.mi.core.MIException: Error finishing flash operation
	at org.eclipse.cdt.debug.mi.core.command.Command.throwMIException(Command.java:105)
	at org.eclipse.cdt.debug.mi.core.command.Command.getMIInfo(Command.java:79)
	at org.eclipse.cdt.debug.gdbjtag.core.GDBJtagDebugger.executeGDBScript(GDBJtagDebugger.java:355)
	at org.eclipse.cdt.debug.gdbjtag.core.GDBJtagDebugger.doStartSession(GDBJtagDebugger.java:262)
	at org.eclipse.cdt.debug.mi.core.AbstractGDBCDIDebugger.createSession(AbstractGDBCDIDebugger.java:86)
	at org.eclipse.cdt.debug.gdbjtag.core.GDBJtagDebugger.createSession(GDBJtagDebugger.java:69)
	at org.eclipse.cdt.debug.gdbjtag.core.GDBJtagLaunchConfigurationDelegate.launch(GDBJtagLaunchConfigurationDelegate.java:54)
	at org.eclipse.debug.internal.core.LaunchConfiguration.launch(LaunchConfiguration.java:855)
	at org.eclipse.debug.internal.core.LaunchConfiguration.launch(LaunchConfiguration.java:704)
	at org.eclipse.debug.internal.ui.DebugUIPlugin.buildAndLaunch(DebugUIPlugin.java:1047)
	at org.eclipse.debug.internal.ui.DebugUIPlugin$8.run(DebugUIPlugin.java:1251)
	at org.eclipse.core.internal.jobs.Worker.run(Worker.java:53)
!SUBENTRY 1 org.eclipse.cdt.debug.gdbjtag.core 4 150 2020-03-09 12:27:40.419
!MESSAGE Error finishing flash operation
!STACK 0
org.eclipse.cdt.debug.mi.core.MIException: Error finishing flash operation
	at org.eclipse.cdt.debug.mi.core.command.Command.throwMIException(Command.java:105)
	at org.eclipse.cdt.debug.mi.core.command.Command.getMIInfo(Command.java:79)
	at org.eclipse.cdt.debug.gdbjtag.core.GDBJtagDebugger.executeGDBScript(GDBJtagDebugger.java:355)
	at org.eclipse.cdt.debug.gdbjtag.core.GDBJtagDebugger.doStartSession(GDBJtagDebugger.java:262)
	at org.eclipse.cdt.debug.mi.core.AbstractGDBCDIDebugger.createSession(AbstractGDBCDIDebugger.java:86)
	at org.eclipse.cdt.debug.gdbjtag.core.GDBJtagDebugger.createSession(GDBJtagDebugger.java:69)
	at org.eclipse.cdt.debug.gdbjtag.core.GDBJtagLaunchConfigurationDelegate.launch(GDBJtagLaunchConfigurationDelegate.java:54)
	at org.eclipse.debug.internal.core.LaunchConfiguration.launch(LaunchConfiguration.java:855)
	at org.eclipse.debug.internal.core.LaunchConfiguration.launch(LaunchConfiguration.java:704)
	at org.eclipse.debug.internal.ui.DebugUIPlugin.buildAndLaunch(DebugUIPlugin.java:1047)
	at org.eclipse.debug.internal.ui.DebugUIPlugin$8.run(DebugUIPlugin.java:1251)
	at org.eclipse.core.internal.jobs.Worker.run(Worker.java:53)

!ENTRY org.eclipse.cdt.debug.gdbjtag.core 4 150 2020-03-09 12:28:29.236
!MESSAGE Failed command
!STACK 0
org.eclipse.cdt.debug.mi.core.MIException: Error finishing flash operation
	at org.eclipse.cdt.debug.mi.core.command.Command.throwMIException(Command.java:105)
	at org.eclipse.cdt.debug.mi.core.command.Command.getMIInfo(Command.java:79)
	at org.eclipse.cdt.debug.gdbjtag.core.GDBJtagDebugger.executeGDBScript(GDBJtagDebugger.java:355)
	at org.eclipse.cdt.debug.gdbjtag.core.GDBJtagDebugger.doStartSession(GDBJtagDebugger.java:262)
	at org.eclipse.cdt.debug.mi.core.AbstractGDBCDIDebugger.createSession(AbstractGDBCDIDebugger.java:86)
	at org.eclipse.cdt.debug.gdbjtag.core.GDBJtagDebugger.createSession(GDBJtagDebugger.java:69)
	at org.eclipse.cdt.debug.gdbjtag.core.GDBJtagLaunchConfigurationDelegate.launch(GDBJtagLaunchConfigurationDelegate.java:54)
	at org.eclipse.debug.internal.core.LaunchConfiguration.launch(LaunchConfiguration.java:855)
	at org.eclipse.debug.internal.core.LaunchConfiguration.launch(LaunchConfiguration.java:704)
	at org.eclipse.debug.internal.ui.DebugUIPlugin.buildAndLaunch(DebugUIPlugin.java:1047)
	at org.eclipse.debug.internal.ui.DebugUIPlugin$8.run(DebugUIPlugin.java:1251)
	at org.eclipse.core.internal.jobs.Worker.run(Worker.java:53)
!SUBENTRY 1 org.eclipse.cdt.debug.gdbjtag.core 4 150 2020-03-09 12:28:29.237
!MESSAGE Error finishing flash operation
!STACK 0
org.eclipse.cdt.debug.mi.core.MIException: Error finishing flash operation
	at org.eclipse.cdt.debug.mi.core.command.Command.throwMIException(Command.java:105)
	at org.eclipse.cdt.debug.mi.core.command.Command.getMIInfo(Command.java:79)
	at org.eclipse.cdt.debug.gdbjtag.core.GDBJtagDebugger.executeGDBScript(GDBJtagDebugger.java:355)
	at org.eclipse.cdt.debug.gdbjtag.core.GDBJtagDebugger.doStartSession(GDBJtagDebugger.java:262)
	at org.eclipse.cdt.debug.mi.core.AbstractGDBCDIDebugger.createSession(AbstractGDBCDIDebugger.java:86)
	at org.eclipse.cdt.debug.gdbjtag.core.GDBJtagDebugger.createSession(GDBJtagDebugger.java:69)
	at org.eclipse.cdt.debug.gdbjtag.core.GDBJtagLaunchConfigurationDelegate.launch(GDBJtagLaunchConfigurationDelegate.java:54)
	at org.eclipse.debug.internal.core.LaunchConfiguration.launch(LaunchConfiguration.java:855)
	at org.eclipse.debug.internal.core.LaunchConfiguration.launch(LaunchConfiguration.java:704)
	at org.eclipse.debug.internal.ui.DebugUIPlugin.buildAndLaunch(DebugUIPlugin.java:1047)
	at org.eclipse.debug.internal.ui.DebugUIPlugin$8.run(DebugUIPlugin.java:1251)
	at org.eclipse.core.internal.jobs.Worker.run(Worker.java:53)

!ENTRY org.eclipse.debug.core 4 5012 2020-03-09 12:28:29.472
!MESSAGE Breakpoint does not have an associated marker.

!ENTRY org.eclipse.cdt.debug.gdbjtag.core 4 150 2020-03-09 12:29:09.075
!MESSAGE Failed command
!STACK 0
org.eclipse.cdt.debug.mi.core.MIException: Error finishing flash operation
	at org.eclipse.cdt.debug.mi.core.command.Command.throwMIException(Command.java:105)
	at org.eclipse.cdt.debug.mi.core.command.Command.getMIInfo(Command.java:79)
	at org.eclipse.cdt.debug.gdbjtag.core.GDBJtagDebugger.executeGDBScript(GDBJtagDebugger.java:355)
	at org.eclipse.cdt.debug.gdbjtag.core.GDBJtagDebugger.doStartSession(GDBJtagDebugger.java:262)
	at org.eclipse.cdt.debug.mi.core.AbstractGDBCDIDebugger.createSession(AbstractGDBCDIDebugger.java:86)
	at org.eclipse.cdt.debug.gdbjtag.core.GDBJtagDebugger.createSession(GDBJtagDebugger.java:69)
	at org.eclipse.cdt.debug.gdbjtag.core.GDBJtagLaunchConfigurationDelegate.launch(GDBJtagLaunchConfigurationDelegate.java:54)
	at org.eclipse.debug.internal.core.LaunchConfiguration.launch(LaunchConfiguration.java:855)
	at org.eclipse.debug.internal.core.LaunchConfiguration.launch(LaunchConfiguration.java:704)
	at org.eclipse.debug.internal.ui.DebugUIPlugin.buildAndLaunch(DebugUIPlugin.java:1047)
	at org.eclipse.debug.internal.ui.DebugUIPlugin$8.run(DebugUIPlugin.java:1251)
	at org.eclipse.core.internal.jobs.Worker.run(Worker.java:53)
!SUBENTRY 1 org.eclipse.cdt.debug.gdbjtag.core 4 150 2020-03-09 12:29:09.075
!MESSAGE Error finishing flash operation
!STACK 0
org.eclipse.cdt.debug.mi.core.MIException: Error finishing flash operation
	at org.eclipse.cdt.debug.mi.core.command.Command.throwMIException(Command.java:105)
	at org.eclipse.cdt.debug.mi.core.command.Command.getMIInfo(Command.java:79)
	at org.eclipse.cdt.debug.gdbjtag.core.GDBJtagDebugger.executeGDBScript(GDBJtagDebugger.java:355)
	at org.eclipse.cdt.debug.gdbjtag.core.GDBJtagDebugger.doStartSession(GDBJtagDebugger.java:262)
	at org.eclipse.cdt.debug.mi.core.AbstractGDBCDIDebugger.createSession(AbstractGDBCDIDebugger.java:86)
	at org.eclipse.cdt.debug.gdbjtag.core.GDBJtagDebugger.createSession(GDBJtagDebugger.java:69)
	at org.eclipse.cdt.debug.gdbjtag.core.GDBJtagLaunchConfigurationDelegate.launch(GDBJtagLaunchConfigurationDelegate.java:54)
	at org.eclipse.debug.internal.core.LaunchConfiguration.launch(LaunchConfiguration.java:855)
	at org.eclipse.debug.internal.core.LaunchConfiguration.launch(LaunchConfiguration.java:704)
	at org.eclipse.debug.internal.ui.DebugUIPlugin.buildAndLaunch(DebugUIPlugin.java:1047)
	at org.eclipse.debug.internal.ui.DebugUIPlugin$8.run(DebugUIPlugin.java:1251)
	at org.eclipse.core.internal.jobs.Worker.run(Worker.java:53)

!ENTRY org.eclipse.cdt.debug.gdbjtag.core 4 150 2020-03-09 12:29:58.344
!MESSAGE Failed command
!STACK 0
org.eclipse.cdt.debug.mi.core.MIException: Error finishing flash operation
	at org.eclipse.cdt.debug.mi.core.command.Command.throwMIException(Command.java:105)
	at org.eclipse.cdt.debug.mi.core.command.Command.getMIInfo(Command.java:79)
	at org.eclipse.cdt.debug.gdbjtag.core.GDBJtagDebugger.executeGDBScript(GDBJtagDebugger.java:355)
	at org.eclipse.cdt.debug.gdbjtag.core.GDBJtagDebugger.doStartSession(GDBJtagDebugger.java:262)
	at org.eclipse.cdt.debug.mi.core.AbstractGDBCDIDebugger.createSession(AbstractGDBCDIDebugger.java:86)
	at org.eclipse.cdt.debug.gdbjtag.core.GDBJtagDebugger.createSession(GDBJtagDebugger.java:69)
	at org.eclipse.cdt.debug.gdbjtag.core.GDBJtagLaunchConfigurationDelegate.launch(GDBJtagLaunchConfigurationDelegate.java:54)
	at org.eclipse.debug.internal.core.LaunchConfiguration.launch(LaunchConfiguration.java:855)
	at org.eclipse.debug.internal.core.LaunchConfiguration.launch(LaunchConfiguration.java:704)
	at org.eclipse.debug.internal.ui.DebugUIPlugin.buildAndLaunch(DebugUIPlugin.java:1047)
	at org.eclipse.debug.internal.ui.DebugUIPlugin$8.run(DebugUIPlugin.java:1251)
	at org.eclipse.core.internal.jobs.Worker.run(Worker.java:53)
!SUBENTRY 1 org.eclipse.cdt.debug.gdbjtag.core 4 150 2020-03-09 12:29:58.344
!MESSAGE Error finishing flash operation
!STACK 0
org.eclipse.cdt.debug.mi.core.MIException: Error finishing flash operation
	at org.eclipse.cdt.debug.mi.core.command.Command.throwMIException(Command.java:105)
	at org.eclipse.cdt.debug.mi.core.command.Command.getMIInfo(Command.java:79)
	at org.eclipse.cdt.debug.gdbjtag.core.GDBJtagDebugger.executeGDBScript(GDBJtagDebugger.java:355)
	at org.eclipse.cdt.debug.gdbjtag.core.GDBJtagDebugger.doStartSession(GDBJtagDebugger.java:262)
	at org.eclipse.cdt.debug.mi.core.AbstractGDBCDIDebugger.createSession(AbstractGDBCDIDebugger.java:86)
	at org.eclipse.cdt.debug.gdbjtag.core.GDBJtagDebugger.createSession(GDBJtagDebugger.java:69)
	at org.eclipse.cdt.debug.gdbjtag.core.GDBJtagLaunchConfigurationDelegate.launch(GDBJtagLaunchConfigurationDelegate.java:54)
	at org.eclipse.debug.internal.core.LaunchConfiguration.launch(LaunchConfiguration.java:855)
	at org.eclipse.debug.internal.core.LaunchConfiguration.launch(LaunchConfiguration.java:704)
	at org.eclipse.debug.internal.ui.DebugUIPlugin.buildAndLaunch(DebugUIPlugin.java:1047)
	at org.eclipse.debug.internal.ui.DebugUIPlugin$8.run(DebugUIPlugin.java:1251)
	at org.eclipse.core.internal.jobs.Worker.run(Worker.java:53)
!SESSION 2020-03-10 09:16:27.100 -----------------------------------------------
eclipse.buildId=M20130204-1200
java.version=1.7.0_25
java.vendor=Oracle Corporation
BootLoader constants: OS=win32, ARCH=x86, WS=win32, NL=es_ES
Framework arguments:  -product org.eclipse.epp.package.cpp.product
Command-line arguments:  -os win32 -ws win32 -arch x86 -product org.eclipse.epp.package.cpp.product

!ENTRY org.eclipse.egit.ui 2 0 2020-03-10 09:16:59.432
!MESSAGE Warning: EGit couldn't detect the installation path "gitPrefix" of native Git. Hence EGit can't respect system level
Git settings which might be configured in ${gitPrefix}/etc/gitconfig under the native Git installation directory.
The most important of these settings is core.autocrlf. Git for Windows by default sets this parameter to true in
this system level configuration. The Git installation location can be configured on the
Team > Git > Configuration preference page's 'System Settings' tab.
This warning can be switched off on the Team > Git > Confirmations and Warnings preference page.

!ENTRY org.eclipse.egit.ui 2 0 2020-03-10 09:16:59.466
!MESSAGE Warning: The environment variable HOME is not set. The following directory will be used to store the Git
user global configuration and to define the default location to store repositories: 'C:\Users\ignac'. If this is
not correct please set the HOME environment variable and restart Eclipse. Otherwise Git for Windows and
EGit might behave differently since they see different configuration options.
This warning can be switched off on the Team > Git > Confirmations and Warnings preference page.

!ENTRY org.eclipse.jface 2 0 2020-03-10 09:17:07.265
!MESSAGE Keybinding conflicts occurred.  They may interfere with normal accelerator operation.
!SUBENTRY 1 org.eclipse.jface 2 0 2020-03-10 09:17:07.265
!MESSAGE A conflict occurred for ALT+CTRL+I:
Binding(ALT+CTRL+I,
	ParameterizedCommand(Command(org.eclipse.cdt.ui.edit.open.include.browser,Open Include Browser,
		Open an include browser on the selected element,
		Category(org.eclipse.ui.category.navigate,Navigate,null,true),
		org.eclipse.ui.internal.MakeHandlersGo@1520ffb,
		,,true),null),
	org.eclipse.ui.defaultAcceleratorConfiguration,
	org.eclipse.cdt.ui.cEditorScope,,,system)
Binding(ALT+CTRL+I,
	ParameterizedCommand(Command(org.eclipse.cdt.ui.edit.open.include.browser,Open Include Browser,
		Open an include browser on the selected element,
		Category(org.eclipse.ui.category.navigate,Navigate,null,true),
		org.eclipse.ui.internal.MakeHandlersGo@1520ffb,
		,,true),null),
	org.eclipse.ui.defaultAcceleratorConfiguration,
	org.eclipse.cdt.ui.cViewScope,,,system)
!SUBENTRY 1 org.eclipse.jface 2 0 2020-03-10 09:17:07.265
!MESSAGE A conflict occurred for ALT+SHIFT+R:
Binding(ALT+SHIFT+R,
	ParameterizedCommand(Command(org.eclipse.cdt.ui.edit.text.rename.element,Rename - Refactoring ,
		Rename the selected element,
		Category(org.eclipse.cdt.ui.category.refactoring,Refactor - C++,C/C++ Refactorings,true),
		org.eclipse.ui.internal.MakeHandlersGo@97537f,
		,,true),null),
	org.eclipse.ui.defaultAcceleratorConfiguration,
	org.eclipse.cdt.ui.cEditorScope,,,system)
Binding(ALT+SHIFT+R,
	ParameterizedCommand(Command(org.eclipse.cdt.ui.edit.text.rename.element,Rename - Refactoring ,
		Rename the selected element,
		Category(org.eclipse.cdt.ui.category.refactoring,Refactor - C++,C/C++ Refactorings,true),
		org.eclipse.ui.internal.MakeHandlersGo@97537f,
		,,true),null),
	org.eclipse.ui.defaultAcceleratorConfiguration,
	org.eclipse.cdt.ui.cViewScope,,,system)
!SUBENTRY 1 org.eclipse.jface 2 0 2020-03-10 09:17:07.265
!MESSAGE A conflict occurred for F3:
Binding(F3,
	ParameterizedCommand(Command(org.eclipse.cdt.ui.edit.opendecl,Open Declaration,
		Open an editor on the selected element's declaration(s),
		Category(org.eclipse.cdt.ui.category.source,Source,Source commands,true),
		org.eclipse.ui.internal.MakeHandlersGo@eaf7c7,
		,,true),null),
	org.eclipse.ui.defaultAcceleratorConfiguration,
	org.eclipse.cdt.ui.cEditorScope,,,system)
Binding(F3,
	ParameterizedCommand(Command(org.eclipse.cdt.ui.edit.opendecl,Open Declaration,
		Open an editor on the selected element's declaration(s),
		Category(org.eclipse.cdt.ui.category.source,Source,Source commands,true),
		org.eclipse.ui.internal.MakeHandlersGo@eaf7c7,
		,,true),null),
	org.eclipse.ui.defaultAcceleratorConfiguration,
	org.eclipse.cdt.ui.cViewScope,,,system)
!SUBENTRY 1 org.eclipse.jface 2 0 2020-03-10 09:17:07.265
!MESSAGE A conflict occurred for CTRL+SHIFT+T:
Binding(CTRL+SHIFT+T,
	ParameterizedCommand(Command(org.eclipse.cdt.ui.navigate.opentype,Open Element,
		Open an element in an Editor,
		Category(org.eclipse.cdt.ui.category.source,Source,Source commands,true),
		org.eclipse.ui.internal.MakeHandlersGo@312a49,
		,,true),null),
	org.eclipse.ui.defaultAcceleratorConfiguration,
	org.eclipse.cdt.ui.cEditorScope,,,system)
Binding(CTRL+SHIFT+T,
	ParameterizedCommand(Command(org.eclipse.cdt.ui.navigate.opentype,Open Element,
		Open an element in an Editor,
		Category(org.eclipse.cdt.ui.category.source,Source,Source commands,true),
		org.eclipse.ui.internal.MakeHandlersGo@312a49,
		,,true),null),
	org.eclipse.ui.defaultAcceleratorConfiguration,
	org.eclipse.cdt.ui.cViewScope,,,system)
!SUBENTRY 1 org.eclipse.jface 2 0 2020-03-10 09:17:07.265
!MESSAGE A conflict occurred for F4:
Binding(F4,
	ParameterizedCommand(Command(org.eclipse.cdt.ui.edit.open.type.hierarchy,Open Type Hierarchy,
		Open a type hierarchy on the selected element,
		Category(org.eclipse.ui.category.navigate,Navigate,null,true),
		org.eclipse.ui.internal.MakeHandlersGo@1cf4092,
		,,true),null),
	org.eclipse.ui.defaultAcceleratorConfiguration,
	org.eclipse.cdt.ui.cEditorScope,,,system)
Binding(F4,
	ParameterizedCommand(Command(org.eclipse.cdt.ui.edit.open.type.hierarchy,Open Type Hierarchy,
		Open a type hierarchy on the selected element,
		Category(org.eclipse.ui.category.navigate,Navigate,null,true),
		org.eclipse.ui.internal.MakeHandlersGo@1cf4092,
		,,true),null),
	org.eclipse.ui.defaultAcceleratorConfiguration,
	org.eclipse.cdt.ui.cViewScope,,,system)
!SUBENTRY 1 org.eclipse.jface 2 0 2020-03-10 09:17:07.265
!MESSAGE A conflict occurred for CTRL+G:
Binding(CTRL+G,
	ParameterizedCommand(Command(org.eclipse.cdt.ui.search.finddecl,Declaration,
		Search for declarations of the selected element in the workspace,
		Category(org.eclipse.cdt.ui.category.source,Source,Source commands,true),
		org.eclipse.ui.internal.MakeHandlersGo@19846af,
		,,true),null),
	org.eclipse.ui.defaultAcceleratorConfiguration,
	org.eclipse.cdt.ui.cEditorScope,,,system)
Binding(CTRL+G,
	ParameterizedCommand(Command(org.eclipse.cdt.ui.search.finddecl,Declaration,
		Search for declarations of the selected element in the workspace,
		Category(org.eclipse.cdt.ui.category.source,Source,Source commands,true),
		org.eclipse.ui.internal.MakeHandlersGo@19846af,
		,,true),null),
	org.eclipse.ui.defaultAcceleratorConfiguration,
	org.eclipse.cdt.ui.cViewScope,,,system)
!SUBENTRY 1 org.eclipse.jface 2 0 2020-03-10 09:17:07.265
!MESSAGE A conflict occurred for CTRL+SHIFT+G:
Binding(CTRL+SHIFT+G,
	ParameterizedCommand(Command(org.eclipse.cdt.ui.search.findrefs,References,
		Search for references to the selected element in the workspace,
		Category(org.eclipse.cdt.ui.category.source,Source,Source commands,true),
		org.eclipse.ui.internal.MakeHandlersGo@48bf44,
		,,true),null),
	org.eclipse.ui.defaultAcceleratorConfiguration,
	org.eclipse.cdt.ui.cEditorScope,,,system)
Binding(CTRL+SHIFT+G,
	ParameterizedCommand(Command(org.eclipse.cdt.ui.search.findrefs,References,
		Search for references to the selected element in the workspace,
		Category(org.eclipse.cdt.ui.category.source,Source,Source commands,true),
		org.eclipse.ui.internal.MakeHandlersGo@48bf44,
		,,true),null),
	org.eclipse.ui.defaultAcceleratorConfiguration,
	org.eclipse.cdt.ui.cViewScope,,,system)
!SUBENTRY 1 org.eclipse.jface 2 0 2020-03-10 09:17:07.265
!MESSAGE A conflict occurred for ALT+CTRL+H:
Binding(ALT+CTRL+H,
	ParameterizedCommand(Command(org.eclipse.cdt.ui.edit.open.call.hierarchy,Open Call Hierarchy,
		Open the call hierarchy for the selected element,
		Category(org.eclipse.ui.category.navigate,Navigate,null,true),
		org.eclipse.ui.internal.MakeHandlersGo@542f3,
		,,true),null),
	org.eclipse.ui.defaultAcceleratorConfiguration,
	org.eclipse.cdt.ui.cEditorScope,,,system)
Binding(ALT+CTRL+H,
	ParameterizedCommand(Command(org.eclipse.cdt.ui.edit.open.call.hierarchy,Open Call Hierarchy,
		Open the call hierarchy for the selected element,
		Category(org.eclipse.ui.category.navigate,Navigate,null,true),
		org.eclipse.ui.internal.MakeHandlersGo@542f3,
		,,true),null),
	org.eclipse.ui.defaultAcceleratorConfiguration,
	org.eclipse.cdt.ui.cViewScope,,,system)
!SUBENTRY 1 org.eclipse.jface 2 0 2020-03-10 09:17:07.265
!MESSAGE A conflict occurred for CTRL+SHIFT+H:
Binding(CTRL+SHIFT+H,
	ParameterizedCommand(Command(org.eclipse.cdt.ui.navigate.open.type.in.hierarchy,Open Type in Hierarchy,
		Open a type in the type hierarchy view,
		Category(org.eclipse.ui.category.navigate,Navigate,null,true),
		org.eclipse.ui.internal.MakeHandlersGo@16e7c40,
		,,true),null),
	org.eclipse.ui.defaultAcceleratorConfiguration,
	org.eclipse.cdt.ui.cEditorScope,,,system)
Binding(CTRL+SHIFT+H,
	ParameterizedCommand(Command(org.eclipse.cdt.ui.navigate.open.type.in.hierarchy,Open Type in Hierarchy,
		Open a type in the type hierarchy view,
		Category(org.eclipse.ui.category.navigate,Navigate,null,true),
		org.eclipse.ui.internal.MakeHandlersGo@16e7c40,
		,,true),null),
	org.eclipse.ui.defaultAcceleratorConfiguration,
	org.eclipse.cdt.ui.cViewScope,,,system)

!ENTRY org.eclipse.cdt.debug.gdbjtag.core 4 150 2020-03-10 10:51:48.827
!MESSAGE Failed command
!STACK 0
org.eclipse.cdt.debug.mi.core.MIException: Error finishing flash operation
	at org.eclipse.cdt.debug.mi.core.command.Command.throwMIException(Command.java:105)
	at org.eclipse.cdt.debug.mi.core.command.Command.getMIInfo(Command.java:79)
	at org.eclipse.cdt.debug.gdbjtag.core.GDBJtagDebugger.executeGDBScript(GDBJtagDebugger.java:355)
	at org.eclipse.cdt.debug.gdbjtag.core.GDBJtagDebugger.doStartSession(GDBJtagDebugger.java:262)
	at org.eclipse.cdt.debug.mi.core.AbstractGDBCDIDebugger.createSession(AbstractGDBCDIDebugger.java:86)
	at org.eclipse.cdt.debug.gdbjtag.core.GDBJtagDebugger.createSession(GDBJtagDebugger.java:69)
	at org.eclipse.cdt.debug.gdbjtag.core.GDBJtagLaunchConfigurationDelegate.launch(GDBJtagLaunchConfigurationDelegate.java:54)
	at org.eclipse.debug.internal.core.LaunchConfiguration.launch(LaunchConfiguration.java:855)
	at org.eclipse.debug.internal.core.LaunchConfiguration.launch(LaunchConfiguration.java:704)
	at org.eclipse.debug.internal.ui.DebugUIPlugin.buildAndLaunch(DebugUIPlugin.java:1047)
	at org.eclipse.debug.internal.ui.DebugUIPlugin$8.run(DebugUIPlugin.java:1251)
	at org.eclipse.core.internal.jobs.Worker.run(Worker.java:53)
!SUBENTRY 1 org.eclipse.cdt.debug.gdbjtag.core 4 150 2020-03-10 10:51:48.834
!MESSAGE Error finishing flash operation
!STACK 0
org.eclipse.cdt.debug.mi.core.MIException: Error finishing flash operation
	at org.eclipse.cdt.debug.mi.core.command.Command.throwMIException(Command.java:105)
	at org.eclipse.cdt.debug.mi.core.command.Command.getMIInfo(Command.java:79)
	at org.eclipse.cdt.debug.gdbjtag.core.GDBJtagDebugger.executeGDBScript(GDBJtagDebugger.java:355)
	at org.eclipse.cdt.debug.gdbjtag.core.GDBJtagDebugger.doStartSession(GDBJtagDebugger.java:262)
	at org.eclipse.cdt.debug.mi.core.AbstractGDBCDIDebugger.createSession(AbstractGDBCDIDebugger.java:86)
	at org.eclipse.cdt.debug.gdbjtag.core.GDBJtagDebugger.createSession(GDBJtagDebugger.java:69)
	at org.eclipse.cdt.debug.gdbjtag.core.GDBJtagLaunchConfigurationDelegate.launch(GDBJtagLaunchConfigurationDelegate.java:54)
	at org.eclipse.debug.internal.core.LaunchConfiguration.launch(LaunchConfiguration.java:855)
	at org.eclipse.debug.internal.core.LaunchConfiguration.launch(LaunchConfiguration.java:704)
	at org.eclipse.debug.internal.ui.DebugUIPlugin.buildAndLaunch(DebugUIPlugin.java:1047)
	at org.eclipse.debug.internal.ui.DebugUIPlugin$8.run(DebugUIPlugin.java:1251)
	at org.eclipse.core.internal.jobs.Worker.run(Worker.java:53)

!ENTRY org.eclipse.cdt.debug.gdbjtag.core 4 150 2020-03-10 10:52:38.023
!MESSAGE Failed command
!STACK 0
org.eclipse.cdt.debug.mi.core.MIException: Error finishing flash operation
	at org.eclipse.cdt.debug.mi.core.command.Command.throwMIException(Command.java:105)
	at org.eclipse.cdt.debug.mi.core.command.Command.getMIInfo(Command.java:79)
	at org.eclipse.cdt.debug.gdbjtag.core.GDBJtagDebugger.executeGDBScript(GDBJtagDebugger.java:355)
	at org.eclipse.cdt.debug.gdbjtag.core.GDBJtagDebugger.doStartSession(GDBJtagDebugger.java:262)
	at org.eclipse.cdt.debug.mi.core.AbstractGDBCDIDebugger.createSession(AbstractGDBCDIDebugger.java:86)
	at org.eclipse.cdt.debug.gdbjtag.core.GDBJtagDebugger.createSession(GDBJtagDebugger.java:69)
	at org.eclipse.cdt.debug.gdbjtag.core.GDBJtagLaunchConfigurationDelegate.launch(GDBJtagLaunchConfigurationDelegate.java:54)
	at org.eclipse.debug.internal.core.LaunchConfiguration.launch(LaunchConfiguration.java:855)
	at org.eclipse.debug.internal.core.LaunchConfiguration.launch(LaunchConfiguration.java:704)
	at org.eclipse.debug.internal.ui.DebugUIPlugin.buildAndLaunch(DebugUIPlugin.java:1047)
	at org.eclipse.debug.internal.ui.DebugUIPlugin$8.run(DebugUIPlugin.java:1251)
	at org.eclipse.core.internal.jobs.Worker.run(Worker.java:53)
!SUBENTRY 1 org.eclipse.cdt.debug.gdbjtag.core 4 150 2020-03-10 10:52:38.023
!MESSAGE Error finishing flash operation
!STACK 0
org.eclipse.cdt.debug.mi.core.MIException: Error finishing flash operation
	at org.eclipse.cdt.debug.mi.core.command.Command.throwMIException(Command.java:105)
	at org.eclipse.cdt.debug.mi.core.command.Command.getMIInfo(Command.java:79)
	at org.eclipse.cdt.debug.gdbjtag.core.GDBJtagDebugger.executeGDBScript(GDBJtagDebugger.java:355)
	at org.eclipse.cdt.debug.gdbjtag.core.GDBJtagDebugger.doStartSession(GDBJtagDebugger.java:262)
	at org.eclipse.cdt.debug.mi.core.AbstractGDBCDIDebugger.createSession(AbstractGDBCDIDebugger.java:86)
	at org.eclipse.cdt.debug.gdbjtag.core.GDBJtagDebugger.createSession(GDBJtagDebugger.java:69)
	at org.eclipse.cdt.debug.gdbjtag.core.GDBJtagLaunchConfigurationDelegate.launch(GDBJtagLaunchConfigurationDelegate.java:54)
	at org.eclipse.debug.internal.core.LaunchConfiguration.launch(LaunchConfiguration.java:855)
	at org.eclipse.debug.internal.core.LaunchConfiguration.launch(LaunchConfiguration.java:704)
	at org.eclipse.debug.internal.ui.DebugUIPlugin.buildAndLaunch(DebugUIPlugin.java:1047)
	at org.eclipse.debug.internal.ui.DebugUIPlugin$8.run(DebugUIPlugin.java:1251)
	at org.eclipse.core.internal.jobs.Worker.run(Worker.java:53)

!ENTRY org.eclipse.cdt.debug.gdbjtag.core 4 150 2020-03-10 10:52:38.084
!MESSAGE Failed command
!STACK 0
org.eclipse.cdt.debug.mi.core.MIException: No symbol "start" in current context.
	at org.eclipse.cdt.debug.mi.core.command.Command.throwMIException(Command.java:105)
	at org.eclipse.cdt.debug.mi.core.command.Command.getMIInfo(Command.java:79)
	at org.eclipse.cdt.debug.gdbjtag.core.GDBJtagDebugger.executeGDBScript(GDBJtagDebugger.java:355)
	at org.eclipse.cdt.debug.gdbjtag.core.GDBJtagDebugger.doRunSession(GDBJtagDebugger.java:312)
	at org.eclipse.cdt.debug.gdbjtag.core.GDBJtagLaunchConfigurationDelegate.launch(GDBJtagLaunchConfigurationDelegate.java:74)
	at org.eclipse.debug.internal.core.LaunchConfiguration.launch(LaunchConfiguration.java:855)
	at org.eclipse.debug.internal.core.LaunchConfiguration.launch(LaunchConfiguration.java:704)
	at org.eclipse.debug.internal.ui.DebugUIPlugin.buildAndLaunch(DebugUIPlugin.java:1047)
	at org.eclipse.debug.internal.ui.DebugUIPlugin$8.run(DebugUIPlugin.java:1251)
	at org.eclipse.core.internal.jobs.Worker.run(Worker.java:53)
!SUBENTRY 1 org.eclipse.cdt.debug.gdbjtag.core 4 150 2020-03-10 10:52:38.084
!MESSAGE No symbol "start" in current context.
!STACK 0
org.eclipse.cdt.debug.mi.core.MIException: No symbol "start" in current context.
	at org.eclipse.cdt.debug.mi.core.command.Command.throwMIException(Command.java:105)
	at org.eclipse.cdt.debug.mi.core.command.Command.getMIInfo(Command.java:79)
	at org.eclipse.cdt.debug.gdbjtag.core.GDBJtagDebugger.executeGDBScript(GDBJtagDebugger.java:355)
	at org.eclipse.cdt.debug.gdbjtag.core.GDBJtagDebugger.doRunSession(GDBJtagDebugger.java:312)
	at org.eclipse.cdt.debug.gdbjtag.core.GDBJtagLaunchConfigurationDelegate.launch(GDBJtagLaunchConfigurationDelegate.java:74)
	at org.eclipse.debug.internal.core.LaunchConfiguration.launch(LaunchConfiguration.java:855)
	at org.eclipse.debug.internal.core.LaunchConfiguration.launch(LaunchConfiguration.java:704)
	at org.eclipse.debug.internal.ui.DebugUIPlugin.buildAndLaunch(DebugUIPlugin.java:1047)
	at org.eclipse.debug.internal.ui.DebugUIPlugin$8.run(DebugUIPlugin.java:1251)
	at org.eclipse.core.internal.jobs.Worker.run(Worker.java:53)

!ENTRY org.eclipse.cdt.debug.gdbjtag.core 4 150 2020-03-10 10:53:30.816
!MESSAGE Failed command
!STACK 0
org.eclipse.cdt.debug.mi.core.MIException: Error finishing flash operation
	at org.eclipse.cdt.debug.mi.core.command.Command.throwMIException(Command.java:105)
	at org.eclipse.cdt.debug.mi.core.command.Command.getMIInfo(Command.java:79)
	at org.eclipse.cdt.debug.gdbjtag.core.GDBJtagDebugger.executeGDBScript(GDBJtagDebugger.java:355)
	at org.eclipse.cdt.debug.gdbjtag.core.GDBJtagDebugger.doStartSession(GDBJtagDebugger.java:262)
	at org.eclipse.cdt.debug.mi.core.AbstractGDBCDIDebugger.createSession(AbstractGDBCDIDebugger.java:86)
	at org.eclipse.cdt.debug.gdbjtag.core.GDBJtagDebugger.createSession(GDBJtagDebugger.java:69)
	at org.eclipse.cdt.debug.gdbjtag.core.GDBJtagLaunchConfigurationDelegate.launch(GDBJtagLaunchConfigurationDelegate.java:54)
	at org.eclipse.debug.internal.core.LaunchConfiguration.launch(LaunchConfiguration.java:855)
	at org.eclipse.debug.internal.core.LaunchConfiguration.launch(LaunchConfiguration.java:704)
	at org.eclipse.debug.internal.ui.DebugUIPlugin.buildAndLaunch(DebugUIPlugin.java:1047)
	at org.eclipse.debug.internal.ui.DebugUIPlugin$8.run(DebugUIPlugin.java:1251)
	at org.eclipse.core.internal.jobs.Worker.run(Worker.java:53)
!SUBENTRY 1 org.eclipse.cdt.debug.gdbjtag.core 4 150 2020-03-10 10:53:30.817
!MESSAGE Error finishing flash operation
!STACK 0
org.eclipse.cdt.debug.mi.core.MIException: Error finishing flash operation
	at org.eclipse.cdt.debug.mi.core.command.Command.throwMIException(Command.java:105)
	at org.eclipse.cdt.debug.mi.core.command.Command.getMIInfo(Command.java:79)
	at org.eclipse.cdt.debug.gdbjtag.core.GDBJtagDebugger.executeGDBScript(GDBJtagDebugger.java:355)
	at org.eclipse.cdt.debug.gdbjtag.core.GDBJtagDebugger.doStartSession(GDBJtagDebugger.java:262)
	at org.eclipse.cdt.debug.mi.core.AbstractGDBCDIDebugger.createSession(AbstractGDBCDIDebugger.java:86)
	at org.eclipse.cdt.debug.gdbjtag.core.GDBJtagDebugger.createSession(GDBJtagDebugger.java:69)
	at org.eclipse.cdt.debug.gdbjtag.core.GDBJtagLaunchConfigurationDelegate.launch(GDBJtagLaunchConfigurationDelegate.java:54)
	at org.eclipse.debug.internal.core.LaunchConfiguration.launch(LaunchConfiguration.java:855)
	at org.eclipse.debug.internal.core.LaunchConfiguration.launch(LaunchConfiguration.java:704)
	at org.eclipse.debug.internal.ui.DebugUIPlugin.buildAndLaunch(DebugUIPlugin.java:1047)
	at org.eclipse.debug.internal.ui.DebugUIPlugin$8.run(DebugUIPlugin.java:1251)
	at org.eclipse.core.internal.jobs.Worker.run(Worker.java:53)
!SESSION 2020-03-10 10:59:32.307 -----------------------------------------------
eclipse.buildId=M20130204-1200
java.version=1.7.0_25
java.vendor=Oracle Corporation
BootLoader constants: OS=win32, ARCH=x86, WS=win32, NL=es_ES
Framework arguments:  -product org.eclipse.epp.package.cpp.product -product org.eclipse.epp.package.cpp.product -product org.eclipse.epp.package.cpp.product -product org.eclipse.epp.package.cpp.product
Command-line arguments:  -os win32 -ws win32 -arch x86 -product org.eclipse.epp.package.cpp.product -product org.eclipse.epp.package.cpp.product -product org.eclipse.epp.package.cpp.product -data D:\EC\PracticasEC\P3 -product org.eclipse.epp.package.cpp.product

!ENTRY org.eclipse.egit.ui 2 0 2020-03-10 10:59:41.653
!MESSAGE Warning: EGit couldn't detect the installation path "gitPrefix" of native Git. Hence EGit can't respect system level
Git settings which might be configured in ${gitPrefix}/etc/gitconfig under the native Git installation directory.
The most important of these settings is core.autocrlf. Git for Windows by default sets this parameter to true in
this system level configuration. The Git installation location can be configured on the
Team > Git > Configuration preference page's 'System Settings' tab.
This warning can be switched off on the Team > Git > Confirmations and Warnings preference page.

!ENTRY org.eclipse.egit.ui 2 0 2020-03-10 10:59:41.665
!MESSAGE Warning: The environment variable HOME is not set. The following directory will be used to store the Git
user global configuration and to define the default location to store repositories: 'C:\Users\ignac'. If this is
not correct please set the HOME environment variable and restart Eclipse. Otherwise Git for Windows and
EGit might behave differently since they see different configuration options.
This warning can be switched off on the Team > Git > Confirmations and Warnings preference page.

!ENTRY org.eclipse.cdt.debug.gdbjtag.core 4 150 2020-03-10 11:01:18.002
!MESSAGE Failed command
!STACK 0
org.eclipse.cdt.debug.mi.core.MIException: Error finishing flash operation
	at org.eclipse.cdt.debug.mi.core.command.Command.throwMIException(Command.java:105)
	at org.eclipse.cdt.debug.mi.core.command.Command.getMIInfo(Command.java:79)
	at org.eclipse.cdt.debug.gdbjtag.core.GDBJtagDebugger.executeGDBScript(GDBJtagDebugger.java:355)
	at org.eclipse.cdt.debug.gdbjtag.core.GDBJtagDebugger.doStartSession(GDBJtagDebugger.java:262)
	at org.eclipse.cdt.debug.mi.core.AbstractGDBCDIDebugger.createSession(AbstractGDBCDIDebugger.java:86)
	at org.eclipse.cdt.debug.gdbjtag.core.GDBJtagDebugger.createSession(GDBJtagDebugger.java:69)
	at org.eclipse.cdt.debug.gdbjtag.core.GDBJtagLaunchConfigurationDelegate.launch(GDBJtagLaunchConfigurationDelegate.java:54)
	at org.eclipse.debug.internal.core.LaunchConfiguration.launch(LaunchConfiguration.java:855)
	at org.eclipse.debug.internal.core.LaunchConfiguration.launch(LaunchConfiguration.java:704)
	at org.eclipse.debug.internal.ui.DebugUIPlugin.buildAndLaunch(DebugUIPlugin.java:1047)
	at org.eclipse.debug.internal.ui.DebugUIPlugin$8.run(DebugUIPlugin.java:1251)
	at org.eclipse.core.internal.jobs.Worker.run(Worker.java:53)
!SUBENTRY 1 org.eclipse.cdt.debug.gdbjtag.core 4 150 2020-03-10 11:01:18.004
!MESSAGE Error finishing flash operation
!STACK 0
org.eclipse.cdt.debug.mi.core.MIException: Error finishing flash operation
	at org.eclipse.cdt.debug.mi.core.command.Command.throwMIException(Command.java:105)
	at org.eclipse.cdt.debug.mi.core.command.Command.getMIInfo(Command.java:79)
	at org.eclipse.cdt.debug.gdbjtag.core.GDBJtagDebugger.executeGDBScript(GDBJtagDebugger.java:355)
	at org.eclipse.cdt.debug.gdbjtag.core.GDBJtagDebugger.doStartSession(GDBJtagDebugger.java:262)
	at org.eclipse.cdt.debug.mi.core.AbstractGDBCDIDebugger.createSession(AbstractGDBCDIDebugger.java:86)
	at org.eclipse.cdt.debug.gdbjtag.core.GDBJtagDebugger.createSession(GDBJtagDebugger.java:69)
	at org.eclipse.cdt.debug.gdbjtag.core.GDBJtagLaunchConfigurationDelegate.launch(GDBJtagLaunchConfigurationDelegate.java:54)
	at org.eclipse.debug.internal.core.LaunchConfiguration.launch(LaunchConfiguration.java:855)
	at org.eclipse.debug.internal.core.LaunchConfiguration.launch(LaunchConfiguration.java:704)
	at org.eclipse.debug.internal.ui.DebugUIPlugin.buildAndLaunch(DebugUIPlugin.java:1047)
	at org.eclipse.debug.internal.ui.DebugUIPlugin$8.run(DebugUIPlugin.java:1251)
	at org.eclipse.core.internal.jobs.Worker.run(Worker.java:53)

!ENTRY org.eclipse.jface 2 0 2020-03-10 11:05:03.600
!MESSAGE Keybinding conflicts occurred.  They may interfere with normal accelerator operation.
!SUBENTRY 1 org.eclipse.jface 2 0 2020-03-10 11:05:03.600
!MESSAGE A conflict occurred for ALT+CTRL+I:
Binding(ALT+CTRL+I,
	ParameterizedCommand(Command(org.eclipse.cdt.ui.edit.open.include.browser,Open Include Browser,
		Open an include browser on the selected element,
		Category(org.eclipse.ui.category.navigate,Navigate,null,true),
		org.eclipse.ui.internal.MakeHandlersGo@1f239df,
		,,true),null),
	org.eclipse.ui.defaultAcceleratorConfiguration,
	org.eclipse.cdt.ui.cEditorScope,,,system)
Binding(ALT+CTRL+I,
	ParameterizedCommand(Command(org.eclipse.cdt.ui.edit.open.include.browser,Open Include Browser,
		Open an include browser on the selected element,
		Category(org.eclipse.ui.category.navigate,Navigate,null,true),
		org.eclipse.ui.internal.MakeHandlersGo@1f239df,
		,,true),null),
	org.eclipse.ui.defaultAcceleratorConfiguration,
	org.eclipse.cdt.ui.cViewScope,,,system)
!SUBENTRY 1 org.eclipse.jface 2 0 2020-03-10 11:05:03.600
!MESSAGE A conflict occurred for ALT+SHIFT+R:
Binding(ALT+SHIFT+R,
	ParameterizedCommand(Command(org.eclipse.cdt.ui.edit.text.rename.element,Rename - Refactoring ,
		Rename the selected element,
		Category(org.eclipse.cdt.ui.category.refactoring,Refactor - C++,C/C++ Refactorings,true),
		org.eclipse.ui.internal.MakeHandlersGo@1b5617f,
		,,true),null),
	org.eclipse.ui.defaultAcceleratorConfiguration,
	org.eclipse.cdt.ui.cEditorScope,,,system)
Binding(ALT+SHIFT+R,
	ParameterizedCommand(Command(org.eclipse.cdt.ui.edit.text.rename.element,Rename - Refactoring ,
		Rename the selected element,
		Category(org.eclipse.cdt.ui.category.refactoring,Refactor - C++,C/C++ Refactorings,true),
		org.eclipse.ui.internal.MakeHandlersGo@1b5617f,
		,,true),null),
	org.eclipse.ui.defaultAcceleratorConfiguration,
	org.eclipse.cdt.ui.cViewScope,,,system)
!SUBENTRY 1 org.eclipse.jface 2 0 2020-03-10 11:05:03.600
!MESSAGE A conflict occurred for F3:
Binding(F3,
	ParameterizedCommand(Command(org.eclipse.cdt.ui.edit.opendecl,Open Declaration,
		Open an editor on the selected element's declaration(s),
		Category(org.eclipse.cdt.ui.category.source,Source,Source commands,true),
		org.eclipse.ui.internal.MakeHandlersGo@113e2f4,
		,,true),null),
	org.eclipse.ui.defaultAcceleratorConfiguration,
	org.eclipse.cdt.ui.cEditorScope,,,system)
Binding(F3,
	ParameterizedCommand(Command(org.eclipse.cdt.ui.edit.opendecl,Open Declaration,
		Open an editor on the selected element's declaration(s),
		Category(org.eclipse.cdt.ui.category.source,Source,Source commands,true),
		org.eclipse.ui.internal.MakeHandlersGo@113e2f4,
		,,true),null),
	org.eclipse.ui.defaultAcceleratorConfiguration,
	org.eclipse.cdt.ui.cViewScope,,,system)
!SUBENTRY 1 org.eclipse.jface 2 0 2020-03-10 11:05:03.600
!MESSAGE A conflict occurred for CTRL+SHIFT+T:
Binding(CTRL+SHIFT+T,
	ParameterizedCommand(Command(org.eclipse.cdt.ui.navigate.opentype,Open Element,
		Open an element in an Editor,
		Category(org.eclipse.cdt.ui.category.source,Source,Source commands,true),
		org.eclipse.ui.internal.MakeHandlersGo@993711,
		,,true),null),
	org.eclipse.ui.defaultAcceleratorConfiguration,
	org.eclipse.cdt.ui.cEditorScope,,,system)
Binding(CTRL+SHIFT+T,
	ParameterizedCommand(Command(org.eclipse.cdt.ui.navigate.opentype,Open Element,
		Open an element in an Editor,
		Category(org.eclipse.cdt.ui.category.source,Source,Source commands,true),
		org.eclipse.ui.internal.MakeHandlersGo@993711,
		,,true),null),
	org.eclipse.ui.defaultAcceleratorConfiguration,
	org.eclipse.cdt.ui.cViewScope,,,system)
!SUBENTRY 1 org.eclipse.jface 2 0 2020-03-10 11:05:03.601
!MESSAGE A conflict occurred for F4:
Binding(F4,
	ParameterizedCommand(Command(org.eclipse.cdt.ui.edit.open.type.hierarchy,Open Type Hierarchy,
		Open a type hierarchy on the selected element,
		Category(org.eclipse.ui.category.navigate,Navigate,null,true),
		org.eclipse.ui.internal.MakeHandlersGo@ee49b4,
		,,true),null),
	org.eclipse.ui.defaultAcceleratorConfiguration,
	org.eclipse.cdt.ui.cEditorScope,,,system)
Binding(F4,
	ParameterizedCommand(Command(org.eclipse.cdt.ui.edit.open.type.hierarchy,Open Type Hierarchy,
		Open a type hierarchy on the selected element,
		Category(org.eclipse.ui.category.navigate,Navigate,null,true),
		org.eclipse.ui.internal.MakeHandlersGo@ee49b4,
		,,true),null),
	org.eclipse.ui.defaultAcceleratorConfiguration,
	org.eclipse.cdt.ui.cViewScope,,,system)
!SUBENTRY 1 org.eclipse.jface 2 0 2020-03-10 11:05:03.601
!MESSAGE A conflict occurred for CTRL+G:
Binding(CTRL+G,
	ParameterizedCommand(Command(org.eclipse.cdt.ui.search.finddecl,Declaration,
		Search for declarations of the selected element in the workspace,
		Category(org.eclipse.cdt.ui.category.source,Source,Source commands,true),
		org.eclipse.ui.internal.MakeHandlersGo@29035e,
		,,true),null),
	org.eclipse.ui.defaultAcceleratorConfiguration,
	org.eclipse.cdt.ui.cEditorScope,,,system)
Binding(CTRL+G,
	ParameterizedCommand(Command(org.eclipse.cdt.ui.search.finddecl,Declaration,
		Search for declarations of the selected element in the workspace,
		Category(org.eclipse.cdt.ui.category.source,Source,Source commands,true),
		org.eclipse.ui.internal.MakeHandlersGo@29035e,
		,,true),null),
	org.eclipse.ui.defaultAcceleratorConfiguration,
	org.eclipse.cdt.ui.cViewScope,,,system)
!SUBENTRY 1 org.eclipse.jface 2 0 2020-03-10 11:05:03.601
!MESSAGE A conflict occurred for CTRL+SHIFT+G:
Binding(CTRL+SHIFT+G,
	ParameterizedCommand(Command(org.eclipse.cdt.ui.search.findrefs,References,
		Search for references to the selected element in the workspace,
		Category(org.eclipse.cdt.ui.category.source,Source,Source commands,true),
		org.eclipse.ui.internal.MakeHandlersGo@9c4efa,
		,,true),null),
	org.eclipse.ui.defaultAcceleratorConfiguration,
	org.eclipse.cdt.ui.cEditorScope,,,system)
Binding(CTRL+SHIFT+G,
	ParameterizedCommand(Command(org.eclipse.cdt.ui.search.findrefs,References,
		Search for references to the selected element in the workspace,
		Category(org.eclipse.cdt.ui.category.source,Source,Source commands,true),
		org.eclipse.ui.internal.MakeHandlersGo@9c4efa,
		,,true),null),
	org.eclipse.ui.defaultAcceleratorConfiguration,
	org.eclipse.cdt.ui.cViewScope,,,system)
!SUBENTRY 1 org.eclipse.jface 2 0 2020-03-10 11:05:03.601
!MESSAGE A conflict occurred for ALT+CTRL+H:
Binding(ALT+CTRL+H,
	ParameterizedCommand(Command(org.eclipse.cdt.ui.edit.open.call.hierarchy,Open Call Hierarchy,
		Open the call hierarchy for the selected element,
		Category(org.eclipse.ui.category.navigate,Navigate,null,true),
		org.eclipse.ui.internal.MakeHandlersGo@50cbc,
		,,true),null),
	org.eclipse.ui.defaultAcceleratorConfiguration,
	org.eclipse.cdt.ui.cEditorScope,,,system)
Binding(ALT+CTRL+H,
	ParameterizedCommand(Command(org.eclipse.cdt.ui.edit.open.call.hierarchy,Open Call Hierarchy,
		Open the call hierarchy for the selected element,
		Category(org.eclipse.ui.category.navigate,Navigate,null,true),
		org.eclipse.ui.internal.MakeHandlersGo@50cbc,
		,,true),null),
	org.eclipse.ui.defaultAcceleratorConfiguration,
	org.eclipse.cdt.ui.cViewScope,,,system)
!SUBENTRY 1 org.eclipse.jface 2 0 2020-03-10 11:05:03.601
!MESSAGE A conflict occurred for CTRL+SHIFT+H:
Binding(CTRL+SHIFT+H,
	ParameterizedCommand(Command(org.eclipse.cdt.ui.navigate.open.type.in.hierarchy,Open Type in Hierarchy,
		Open a type in the type hierarchy view,
		Category(org.eclipse.ui.category.navigate,Navigate,null,true),
		org.eclipse.ui.internal.MakeHandlersGo@18710ce,
		,,true),null),
	org.eclipse.ui.defaultAcceleratorConfiguration,
	org.eclipse.cdt.ui.cEditorScope,,,system)
Binding(CTRL+SHIFT+H,
	ParameterizedCommand(Command(org.eclipse.cdt.ui.navigate.open.type.in.hierarchy,Open Type in Hierarchy,
		Open a type in the type hierarchy view,
		Category(org.eclipse.ui.category.navigate,Navigate,null,true),
		org.eclipse.ui.internal.MakeHandlersGo@18710ce,
		,,true),null),
	org.eclipse.ui.defaultAcceleratorConfiguration,
	org.eclipse.cdt.ui.cViewScope,,,system)
