
Practica2.elf:     file format elf32-littlearm

Sections:
Idx Name          Size      VMA       LMA       File off  Algn
  0 .data         00000078  0c100000  0c100000  00008000  2**2
                  CONTENTS, ALLOC, LOAD, DATA
  1 .bss          00000004  0c100078  0c100078  00008078  2**2
                  ALLOC
  2 .text         00000e8c  0c10007c  0c10007c  0000807c  2**2
                  CONTENTS, ALLOC, LOAD, READONLY, CODE
  3 .debug_abbrev 0000037c  00000000  00000000  00008f08  2**0
                  CONTENTS, READONLY, DEBUGGING
  4 .debug_info   00000772  00000000  00000000  00009284  2**0
                  CONTENTS, READONLY, DEBUGGING
  5 .debug_line   0000065b  00000000  00000000  000099f6  2**0
                  CONTENTS, READONLY, DEBUGGING
  6 .debug_macinfo 0001f6b0  00000000  00000000  0000a051  2**0
                  CONTENTS, READONLY, DEBUGGING
  7 .debug_loc    00000420  00000000  00000000  00029701  2**0
                  CONTENTS, READONLY, DEBUGGING
  8 .debug_pubnames 000001c8  00000000  00000000  00029b21  2**0
                  CONTENTS, READONLY, DEBUGGING
  9 .debug_pubtypes 000000d9  00000000  00000000  00029ce9  2**0
                  CONTENTS, READONLY, DEBUGGING
 10 .debug_aranges 000000e0  00000000  00000000  00029dc8  2**3
                  CONTENTS, READONLY, DEBUGGING
 11 .debug_str    0000029c  00000000  00000000  00029ea8  2**0
                  CONTENTS, READONLY, DEBUGGING
 12 .comment      0000002a  00000000  00000000  0002a144  2**0
                  CONTENTS, READONLY
 13 .ARM.attributes 00000030  00000000  00000000  0002a16e  2**0
                  CONTENTS, READONLY
 14 .debug_frame  00000380  00000000  00000000  0002a1a0  2**2
                  CONTENTS, READONLY, DEBUGGING

Disassembly of section .text:

0c10007c <D8Led_init>:
	 							 DIGIT_4, DIGIT_5, DIGIT_6, DIGIT_7, 
								 DIGIT_8, DIGIT_9, DIGIT_A, DIGIT_B,
								 DIGIT_C, DIGIT_D, DIGIT_E, DIGIT_F };
			  					  
void D8Led_init(void)
{
 c10007c:	e1a0c00d 	mov	ip, sp
 c100080:	e92dd800 	push	{fp, ip, lr, pc}
 c100084:	e24cb004 	sub	fp, ip, #4
    LED8ADDR = ~0 ;
 c100088:	e3a03785 	mov	r3, #34865152	; 0x2140000
 c10008c:	e3e02000 	mvn	r2, #0
 c100090:	e5c32000 	strb	r2, [r3]
}
 c100094:	e24bd00c 	sub	sp, fp, #12
 c100098:	e89d6800 	ldm	sp, {fp, sp, lr}
 c10009c:	e12fff1e 	bx	lr

0c1000a0 <D8Led_segment>:

void D8Led_segment(int value)
{
 c1000a0:	e1a0c00d 	mov	ip, sp
 c1000a4:	e92dd800 	push	{fp, ip, lr, pc}
 c1000a8:	e24cb004 	sub	fp, ip, #4
 c1000ac:	e24dd008 	sub	sp, sp, #8
 c1000b0:	e50b0010 	str	r0, [fp, #-16]
	if( (value >= 0) && (value < 8) )
 c1000b4:	e51b3010 	ldr	r3, [fp, #-16]
 c1000b8:	e3530000 	cmp	r3, #0
 c1000bc:	ba00000a 	blt	c1000ec <D8Led_segment+0x4c>
 c1000c0:	e51b3010 	ldr	r3, [fp, #-16]
 c1000c4:	e3530007 	cmp	r3, #7
 c1000c8:	ca000007 	bgt	c1000ec <D8Led_segment+0x4c>
		// COMPLETAR: debemos escribir en el display (LED8ADDR) el valor
		// correcto para que se ilumine el segmento que est· en la posiciÛn
		// value del array Segmentes. Hay que tener en cuente que el display
		// usa lÛgica invertida (0 enciende, 1 apaga).
		LED8ADDR = ~Segments[value];
 c1000cc:	e3a03785 	mov	r3, #34865152	; 0x2140000
 c1000d0:	e59f2020 	ldr	r2, [pc, #32]	; c1000f8 <D8Led_segment+0x58>
 c1000d4:	e51b1010 	ldr	r1, [fp, #-16]
 c1000d8:	e7922101 	ldr	r2, [r2, r1, lsl #2]
 c1000dc:	e20220ff 	and	r2, r2, #255	; 0xff
 c1000e0:	e1e02002 	mvn	r2, r2
 c1000e4:	e20220ff 	and	r2, r2, #255	; 0xff
 c1000e8:	e5c32000 	strb	r2, [r3]
}
 c1000ec:	e24bd00c 	sub	sp, fp, #12
 c1000f0:	e89d6800 	ldm	sp, {fp, sp, lr}
 c1000f4:	e12fff1e 	bx	lr
 c1000f8:	0c100000 	.word	0x0c100000

0c1000fc <D8Led_digit>:

void D8Led_digit(int value)
{
 c1000fc:	e1a0c00d 	mov	ip, sp
 c100100:	e92dd800 	push	{fp, ip, lr, pc}
 c100104:	e24cb004 	sub	fp, ip, #4
 c100108:	e24dd008 	sub	sp, sp, #8
 c10010c:	e50b0010 	str	r0, [fp, #-16]
	if( (value >= 0) && (value < 16) )
 c100110:	e51b3010 	ldr	r3, [fp, #-16]
 c100114:	e3530000 	cmp	r3, #0
 c100118:	ba00000a 	blt	c100148 <D8Led_digit+0x4c>
 c10011c:	e51b3010 	ldr	r3, [fp, #-16]
 c100120:	e353000f 	cmp	r3, #15
 c100124:	ca000007 	bgt	c100148 <D8Led_digit+0x4c>
		// COMPLETAR: debemos escribir en el display (LED8ADDR) el valor
		// correcto para que se ilumine el dÌgito que est· en la posiciÛn
		// value del array Digits. Hay que tener en cuente que el display
		// usa lÛgica invertida (0 enciende, 1 apaga).
		LED8ADDR = ~Digits[value];
 c100128:	e3a03785 	mov	r3, #34865152	; 0x2140000
 c10012c:	e59f2020 	ldr	r2, [pc, #32]	; c100154 <D8Led_digit+0x58>
 c100130:	e51b1010 	ldr	r1, [fp, #-16]
 c100134:	e7922101 	ldr	r2, [r2, r1, lsl #2]
 c100138:	e20220ff 	and	r2, r2, #255	; 0xff
 c10013c:	e1e02002 	mvn	r2, r2
 c100140:	e20220ff 	and	r2, r2, #255	; 0xff
 c100144:	e5c32000 	strb	r2, [r3]
}
 c100148:	e24bd00c 	sub	sp, fp, #12
 c10014c:	e89d6800 	ldm	sp, {fp, sp, lr}
 c100150:	e12fff1e 	bx	lr
 c100154:	0c100020 	.word	0x0c100020

0c100158 <read_button>:
#include "button.h"
#include "leds.h"
#include "gpio.h"

unsigned int read_button(void)
{
 c100158:	e1a0c00d 	mov	ip, sp
 c10015c:	e92dd800 	push	{fp, ip, lr, pc}
 c100160:	e24cb004 	sub	fp, ip, #4
 c100164:	e24dd008 	sub	sp, sp, #8
	unsigned int buttons = 0;
 c100168:	e3a03000 	mov	r3, #0
 c10016c:	e50b3010 	str	r3, [fp, #-16]
	//COMPLETAR utilizando el interfaz del puerto G de gpio.h debemos leer los
	//pines 6 y 7 del puerto G (portG_read) debemos devolver un valor (buttons)
	//en el que el bit 0 (el menos significativo) representa el estado del bot√≥n
	//del pin 6 y el bit 1 representa el estado del bot√≥n del pin 7 (a 1 si
	//est√°n pulsados a 0 si no lo est√°n).
	buttons = portG_read(6, &val);
 c100170:	e24b3011 	sub	r3, fp, #17
 c100174:	e3a00006 	mov	r0, #6
 c100178:	e1a01003 	mov	r1, r3
 c10017c:	eb00011d 	bl	c1005f8 <portG_read>
 c100180:	e1a03000 	mov	r3, r0
 c100184:	e50b3010 	str	r3, [fp, #-16]
			if(val == LOW)
 c100188:	e55b3011 	ldrb	r3, [fp, #-17]	; 0xffffffef
 c10018c:	e3530000 	cmp	r3, #0
 c100190:	1a000001 	bne	c10019c <read_button+0x44>
				return BUT1;
 c100194:	e3a03001 	mov	r3, #1
 c100198:	ea00000b 	b	c1001cc <read_button+0x74>
			buttons = portG_read(7, &val);
 c10019c:	e24b3011 	sub	r3, fp, #17
 c1001a0:	e3a00007 	mov	r0, #7
 c1001a4:	e1a01003 	mov	r1, r3
 c1001a8:	eb000112 	bl	c1005f8 <portG_read>
 c1001ac:	e1a03000 	mov	r3, r0
 c1001b0:	e50b3010 	str	r3, [fp, #-16]
			if(val == LOW)
 c1001b4:	e55b3011 	ldrb	r3, [fp, #-17]	; 0xffffffef
 c1001b8:	e3530000 	cmp	r3, #0
 c1001bc:	1a000001 	bne	c1001c8 <read_button+0x70>
				return BUT2;
 c1001c0:	e3a03002 	mov	r3, #2
 c1001c4:	ea000000 	b	c1001cc <read_button+0x74>


	return buttons;
 c1001c8:	e51b3010 	ldr	r3, [fp, #-16]
}
 c1001cc:	e1a00003 	mov	r0, r3
 c1001d0:	e24bd00c 	sub	sp, fp, #12
 c1001d4:	e89d6800 	ldm	sp, {fp, sp, lr}
 c1001d8:	e12fff1e 	bx	lr

0c1001dc <portB_conf>:
#include "gpio.h"

/* Port B interface implementation */

int portB_conf(int pin, enum port_mode mode)
{
 c1001dc:	e1a0c00d 	mov	ip, sp
 c1001e0:	e92dd800 	push	{fp, ip, lr, pc}
 c1001e4:	e24cb004 	sub	fp, ip, #4
 c1001e8:	e24dd010 	sub	sp, sp, #16
 c1001ec:	e50b0018 	str	r0, [fp, #-24]	; 0xffffffe8
 c1001f0:	e1a03001 	mov	r3, r1
 c1001f4:	e54b3019 	strb	r3, [fp, #-25]	; 0xffffffe7
	int ret = 0;
 c1001f8:	e3a03000 	mov	r3, #0
 c1001fc:	e50b3010 	str	r3, [fp, #-16]
	if (pin < 0 || pin > 10)
 c100200:	e51b3018 	ldr	r3, [fp, #-24]	; 0xffffffe8
 c100204:	e3530000 	cmp	r3, #0
 c100208:	ba000002 	blt	c100218 <portB_conf+0x3c>
 c10020c:	e51b3018 	ldr	r3, [fp, #-24]	; 0xffffffe8
 c100210:	e353000a 	cmp	r3, #10
 c100214:	da000001 	ble	c100220 <portB_conf+0x44>
		return -1; // indica error
 c100218:	e3e03000 	mvn	r3, #0
 c10021c:	ea00001b 	b	c100290 <portB_conf+0xb4>


	if (mode == SIGOUT)
 c100220:	e55b3019 	ldrb	r3, [fp, #-25]	; 0xffffffe7
 c100224:	e3530002 	cmp	r3, #2
 c100228:	1a000008 	bne	c100250 <portB_conf+0x74>
		rPCONB |= (0x1 << pin);
 c10022c:	e59f306c 	ldr	r3, [pc, #108]	; c1002a0 <portB_conf+0xc4>
 c100230:	e59f2068 	ldr	r2, [pc, #104]	; c1002a0 <portB_conf+0xc4>
 c100234:	e5921000 	ldr	r1, [r2]
 c100238:	e3a00001 	mov	r0, #1
 c10023c:	e51b2018 	ldr	r2, [fp, #-24]	; 0xffffffe8
 c100240:	e1a02210 	lsl	r2, r0, r2
 c100244:	e1812002 	orr	r2, r1, r2
 c100248:	e5832000 	str	r2, [r3]
 c10024c:	ea00000e 	b	c10028c <portB_conf+0xb0>
		// COMPLETAR: poner en rPCONB el bit indicado por pin a 1 para que por
		// dicho pin en el puerto B salga la se√É¬±al correspondiente del
		// controlador de memoria
	else if (mode == OUTPUT)
 c100250:	e55b3019 	ldrb	r3, [fp, #-25]	; 0xffffffe7
 c100254:	e3530001 	cmp	r3, #1
 c100258:	1a000009 	bne	c100284 <portB_conf+0xa8>
		rPCONB &= ~(0x1 << pin);
 c10025c:	e59f303c 	ldr	r3, [pc, #60]	; c1002a0 <portB_conf+0xc4>
 c100260:	e59f2038 	ldr	r2, [pc, #56]	; c1002a0 <portB_conf+0xc4>
 c100264:	e5921000 	ldr	r1, [r2]
 c100268:	e3a00001 	mov	r0, #1
 c10026c:	e51b2018 	ldr	r2, [fp, #-24]	; 0xffffffe8
 c100270:	e1a02210 	lsl	r2, r0, r2
 c100274:	e1e02002 	mvn	r2, r2
 c100278:	e0012002 	and	r2, r1, r2
 c10027c:	e5832000 	str	r2, [r3]
 c100280:	ea000001 	b	c10028c <portB_conf+0xb0>

		// COMPLETAR: poner en rPCONB el bit indicado por pin a 0 para que dicho
		// pin sea un pin de salida
	else
		ret = -1; // indica error
 c100284:	e3e03000 	mvn	r3, #0
 c100288:	e50b3010 	str	r3, [fp, #-16]

	return ret;
 c10028c:	e51b3010 	ldr	r3, [fp, #-16]
}
 c100290:	e1a00003 	mov	r0, r3
 c100294:	e24bd00c 	sub	sp, fp, #12
 c100298:	e89d6800 	ldm	sp, {fp, sp, lr}
 c10029c:	e12fff1e 	bx	lr
 c1002a0:	01d20008 	.word	0x01d20008

0c1002a4 <portB_write>:

int portB_write(int pin, enum digital val)
{
 c1002a4:	e1a0c00d 	mov	ip, sp
 c1002a8:	e92dd800 	push	{fp, ip, lr, pc}
 c1002ac:	e24cb004 	sub	fp, ip, #4
 c1002b0:	e24dd008 	sub	sp, sp, #8
 c1002b4:	e50b0010 	str	r0, [fp, #-16]
 c1002b8:	e1a03001 	mov	r3, r1
 c1002bc:	e54b3011 	strb	r3, [fp, #-17]	; 0xffffffef
	if (pin < 0 || pin > 10)
 c1002c0:	e51b3010 	ldr	r3, [fp, #-16]
 c1002c4:	e3530000 	cmp	r3, #0
 c1002c8:	ba000002 	blt	c1002d8 <portB_write+0x34>
 c1002cc:	e51b3010 	ldr	r3, [fp, #-16]
 c1002d0:	e353000a 	cmp	r3, #10
 c1002d4:	da000001 	ble	c1002e0 <portB_write+0x3c>
		return -1; // indica error
 c1002d8:	e3e03000 	mvn	r3, #0
 c1002dc:	ea00001a 	b	c10034c <portB_write+0xa8>

	if (val < 0 || val > 1)
 c1002e0:	e55b3011 	ldrb	r3, [fp, #-17]	; 0xffffffef
 c1002e4:	e3530001 	cmp	r3, #1
 c1002e8:	9a000001 	bls	c1002f4 <portB_write+0x50>
		return -1; // indica error
 c1002ec:	e3e03000 	mvn	r3, #0
 c1002f0:	ea000015 	b	c10034c <portB_write+0xa8>

	if (val)
 c1002f4:	e55b3011 	ldrb	r3, [fp, #-17]	; 0xffffffef
 c1002f8:	e3530000 	cmp	r3, #0
 c1002fc:	0a000008 	beq	c100324 <portB_write+0x80>
		// COMPLETAR: poner en rPDATB el bit indicado por pin a 1
		rPDATB |= (0x1 << pin);
 c100300:	e59f3054 	ldr	r3, [pc, #84]	; c10035c <portB_write+0xb8>
 c100304:	e59f2050 	ldr	r2, [pc, #80]	; c10035c <portB_write+0xb8>
 c100308:	e5921000 	ldr	r1, [r2]
 c10030c:	e3a00001 	mov	r0, #1
 c100310:	e51b2010 	ldr	r2, [fp, #-16]
 c100314:	e1a02210 	lsl	r2, r0, r2
 c100318:	e1812002 	orr	r2, r1, r2
 c10031c:	e5832000 	str	r2, [r3]
 c100320:	ea000008 	b	c100348 <portB_write+0xa4>

	else
		// COMPLETAR: poner en rPDATB el bit indicado por pin a 0
		rPDATB &= ~(0x1 << pin);
 c100324:	e59f3030 	ldr	r3, [pc, #48]	; c10035c <portB_write+0xb8>
 c100328:	e59f202c 	ldr	r2, [pc, #44]	; c10035c <portB_write+0xb8>
 c10032c:	e5921000 	ldr	r1, [r2]
 c100330:	e3a00001 	mov	r0, #1
 c100334:	e51b2010 	ldr	r2, [fp, #-16]
 c100338:	e1a02210 	lsl	r2, r0, r2
 c10033c:	e1e02002 	mvn	r2, r2
 c100340:	e0012002 	and	r2, r1, r2
 c100344:	e5832000 	str	r2, [r3]
	return 0;
 c100348:	e3a03000 	mov	r3, #0
}
 c10034c:	e1a00003 	mov	r0, r3
 c100350:	e24bd00c 	sub	sp, fp, #12
 c100354:	e89d6800 	ldm	sp, {fp, sp, lr}
 c100358:	e12fff1e 	bx	lr
 c10035c:	01d2000c 	.word	0x01d2000c

0c100360 <portG_conf>:

/* Port G interface implementation */

int portG_conf(int pin, enum port_mode mode)
{
 c100360:	e1a0c00d 	mov	ip, sp
 c100364:	e92dd800 	push	{fp, ip, lr, pc}
 c100368:	e24cb004 	sub	fp, ip, #4
 c10036c:	e24dd010 	sub	sp, sp, #16
 c100370:	e50b0018 	str	r0, [fp, #-24]	; 0xffffffe8
 c100374:	e1a03001 	mov	r3, r1
 c100378:	e54b3019 	strb	r3, [fp, #-25]	; 0xffffffe7
	int pos  = pin*2;
 c10037c:	e51b3018 	ldr	r3, [fp, #-24]	; 0xffffffe8
 c100380:	e1a03083 	lsl	r3, r3, #1
 c100384:	e50b3010 	str	r3, [fp, #-16]

	if (pin < 0 || pin > 7)
 c100388:	e51b3018 	ldr	r3, [fp, #-24]	; 0xffffffe8
 c10038c:	e3530000 	cmp	r3, #0
 c100390:	ba000002 	blt	c1003a0 <portG_conf+0x40>
 c100394:	e51b3018 	ldr	r3, [fp, #-24]	; 0xffffffe8
 c100398:	e3530007 	cmp	r3, #7
 c10039c:	da000001 	ble	c1003a8 <portG_conf+0x48>
		return -1; // indica error
 c1003a0:	e3e03000 	mvn	r3, #0
 c1003a4:	ea000041 	b	c1004b0 <portG_conf+0x150>

	switch (mode) {
 c1003a8:	e55b3019 	ldrb	r3, [fp, #-25]	; 0xffffffe7
 c1003ac:	e3530003 	cmp	r3, #3
 c1003b0:	979ff103 	ldrls	pc, [pc, r3, lsl #2]
 c1003b4:	ea00003a 	b	c1004a4 <portG_conf+0x144>
 c1003b8:	0c1003c8 	.word	0x0c1003c8
 c1003bc:	0c1003f0 	.word	0x0c1003f0
 c1003c0:	0c100438 	.word	0x0c100438
 c1003c4:	0c100480 	.word	0x0c100480
		case INPUT:
			rPCONG &= ~(0x3 << pos);
 c1003c8:	e59f30f0 	ldr	r3, [pc, #240]	; c1004c0 <portG_conf+0x160>
 c1003cc:	e59f20ec 	ldr	r2, [pc, #236]	; c1004c0 <portG_conf+0x160>
 c1003d0:	e5921000 	ldr	r1, [r2]
 c1003d4:	e3a00003 	mov	r0, #3
 c1003d8:	e51b2010 	ldr	r2, [fp, #-16]
 c1003dc:	e1a02210 	lsl	r2, r0, r2
 c1003e0:	e1e02002 	mvn	r2, r2
 c1003e4:	e0012002 	and	r2, r1, r2
 c1003e8:	e5832000 	str	r2, [r3]
			// COMPLETAR: poner en rPCONG 00 a partir de la posici√É¬≥n pos para
			// configurar como pin de entrada el pin indicado por el par√É¬°metro pin
			break;
 c1003ec:	ea00002e 	b	c1004ac <portG_conf+0x14c>
		case OUTPUT:
			rPCONG &= ~(0x3 << pos);
 c1003f0:	e59f30c8 	ldr	r3, [pc, #200]	; c1004c0 <portG_conf+0x160>
 c1003f4:	e59f20c4 	ldr	r2, [pc, #196]	; c1004c0 <portG_conf+0x160>
 c1003f8:	e5921000 	ldr	r1, [r2]
 c1003fc:	e3a00003 	mov	r0, #3
 c100400:	e51b2010 	ldr	r2, [fp, #-16]
 c100404:	e1a02210 	lsl	r2, r0, r2
 c100408:	e1e02002 	mvn	r2, r2
 c10040c:	e0012002 	and	r2, r1, r2
 c100410:	e5832000 	str	r2, [r3]
			rPCONG |= (0x1 << pos);
 c100414:	e59f30a4 	ldr	r3, [pc, #164]	; c1004c0 <portG_conf+0x160>
 c100418:	e59f20a0 	ldr	r2, [pc, #160]	; c1004c0 <portG_conf+0x160>
 c10041c:	e5921000 	ldr	r1, [r2]
 c100420:	e3a00001 	mov	r0, #1
 c100424:	e51b2010 	ldr	r2, [fp, #-16]
 c100428:	e1a02210 	lsl	r2, r0, r2
 c10042c:	e1812002 	orr	r2, r1, r2
 c100430:	e5832000 	str	r2, [r3]
			// COMPLETAR: poner en rPCONG 01 a partir de la posici√É¬≥n pos para
			// configurar como pin de salida el pin indicado por el par√É¬°metro pin
			break;
 c100434:	ea00001c 	b	c1004ac <portG_conf+0x14c>
		case SIGOUT:
			rPCONG &= ~(0x3 << pos);
 c100438:	e59f3080 	ldr	r3, [pc, #128]	; c1004c0 <portG_conf+0x160>
 c10043c:	e59f207c 	ldr	r2, [pc, #124]	; c1004c0 <portG_conf+0x160>
 c100440:	e5921000 	ldr	r1, [r2]
 c100444:	e3a00003 	mov	r0, #3
 c100448:	e51b2010 	ldr	r2, [fp, #-16]
 c10044c:	e1a02210 	lsl	r2, r0, r2
 c100450:	e1e02002 	mvn	r2, r2
 c100454:	e0012002 	and	r2, r1, r2
 c100458:	e5832000 	str	r2, [r3]
			rPCONG |= (0x2 << pos);
 c10045c:	e59f305c 	ldr	r3, [pc, #92]	; c1004c0 <portG_conf+0x160>
 c100460:	e59f2058 	ldr	r2, [pc, #88]	; c1004c0 <portG_conf+0x160>
 c100464:	e5921000 	ldr	r1, [r2]
 c100468:	e3a00002 	mov	r0, #2
 c10046c:	e51b2010 	ldr	r2, [fp, #-16]
 c100470:	e1a02210 	lsl	r2, r0, r2
 c100474:	e1812002 	orr	r2, r1, r2
 c100478:	e5832000 	str	r2, [r3]
			// COMPLETAR: poner en rPCONG 10 a partir de la posici√É¬≥n pos para
			// que salga la se√É¬±al interna correspondiente por el pin indicado
			// por el par√É¬°metro piSn
			break;
 c10047c:	ea00000a 	b	c1004ac <portG_conf+0x14c>
		case EINT:
			rPCONG |= (0x3 << pos);
 c100480:	e59f3038 	ldr	r3, [pc, #56]	; c1004c0 <portG_conf+0x160>
 c100484:	e59f2034 	ldr	r2, [pc, #52]	; c1004c0 <portG_conf+0x160>
 c100488:	e5921000 	ldr	r1, [r2]
 c10048c:	e3a00003 	mov	r0, #3
 c100490:	e51b2010 	ldr	r2, [fp, #-16]
 c100494:	e1a02210 	lsl	r2, r0, r2
 c100498:	e1812002 	orr	r2, r1, r2
 c10049c:	e5832000 	str	r2, [r3]
			// COMPLETAR: poner en rPCONG 11 a partir de la posici√É¬≥n pos para
			// habilitar la generaci√É¬≥n de interrupciones externas por el pin
			// indicado por el par√É¬°metro pin
			break;
 c1004a0:	ea000001 	b	c1004ac <portG_conf+0x14c>
		default:
			return -1;
 c1004a4:	e3e03000 	mvn	r3, #0
 c1004a8:	ea000000 	b	c1004b0 <portG_conf+0x150>
	}

	return 0;
 c1004ac:	e3a03000 	mov	r3, #0
}
 c1004b0:	e1a00003 	mov	r0, r3
 c1004b4:	e24bd00c 	sub	sp, fp, #12
 c1004b8:	e89d6800 	ldm	sp, {fp, sp, lr}
 c1004bc:	e12fff1e 	bx	lr
 c1004c0:	01d20040 	.word	0x01d20040

0c1004c4 <portG_eint_trig>:

int portG_eint_trig(int pin, enum trigger trig)
{
 c1004c4:	e1a0c00d 	mov	ip, sp
 c1004c8:	e92dd800 	push	{fp, ip, lr, pc}
 c1004cc:	e24cb004 	sub	fp, ip, #4
 c1004d0:	e24dd008 	sub	sp, sp, #8
 c1004d4:	e50b0010 	str	r0, [fp, #-16]
 c1004d8:	e1a03001 	mov	r3, r1
 c1004dc:	e54b3011 	strb	r3, [fp, #-17]	; 0xffffffef
	// A COMPLETAR EN LA SEGUNDA PARTE DE LA PR√ÉÔøΩCTICA
	return 0;
 c1004e0:	e3a03000 	mov	r3, #0
}
 c1004e4:	e1a00003 	mov	r0, r3
 c1004e8:	e24bd00c 	sub	sp, fp, #12
 c1004ec:	e89d6800 	ldm	sp, {fp, sp, lr}
 c1004f0:	e12fff1e 	bx	lr

0c1004f4 <portG_write>:

int portG_write(int pin, enum digital val)
{
 c1004f4:	e1a0c00d 	mov	ip, sp
 c1004f8:	e92dd800 	push	{fp, ip, lr, pc}
 c1004fc:	e24cb004 	sub	fp, ip, #4
 c100500:	e24dd010 	sub	sp, sp, #16
 c100504:	e50b0018 	str	r0, [fp, #-24]	; 0xffffffe8
 c100508:	e1a03001 	mov	r3, r1
 c10050c:	e54b3019 	strb	r3, [fp, #-25]	; 0xffffffe7
	int pos = pin*2;
 c100510:	e51b3018 	ldr	r3, [fp, #-24]	; 0xffffffe8
 c100514:	e1a03083 	lsl	r3, r3, #1
 c100518:	e50b3010 	str	r3, [fp, #-16]

	if (pin < 0 || pin > 7)
 c10051c:	e51b3018 	ldr	r3, [fp, #-24]	; 0xffffffe8
 c100520:	e3530000 	cmp	r3, #0
 c100524:	ba000002 	blt	c100534 <portG_write+0x40>
 c100528:	e51b3018 	ldr	r3, [fp, #-24]	; 0xffffffe8
 c10052c:	e3530007 	cmp	r3, #7
 c100530:	da000001 	ble	c10053c <portG_write+0x48>
		return -1; // indica error
 c100534:	e3e03000 	mvn	r3, #0
 c100538:	ea000028 	b	c1005e0 <portG_write+0xec>

	if (val < 0 || val > 1)
 c10053c:	e55b3019 	ldrb	r3, [fp, #-25]	; 0xffffffe7
 c100540:	e3530001 	cmp	r3, #1
 c100544:	9a000001 	bls	c100550 <portG_write+0x5c>
		return -1; // indica error
 c100548:	e3e03000 	mvn	r3, #0
 c10054c:	ea000023 	b	c1005e0 <portG_write+0xec>

	if ((rPCONG & (0x3 << pos)) != (0x1 << pos))
 c100550:	e59f3098 	ldr	r3, [pc, #152]	; c1005f0 <portG_write+0xfc>
 c100554:	e5932000 	ldr	r2, [r3]
 c100558:	e3a01003 	mov	r1, #3
 c10055c:	e51b3010 	ldr	r3, [fp, #-16]
 c100560:	e1a03311 	lsl	r3, r1, r3
 c100564:	e0022003 	and	r2, r2, r3
 c100568:	e3a01001 	mov	r1, #1
 c10056c:	e51b3010 	ldr	r3, [fp, #-16]
 c100570:	e1a03311 	lsl	r3, r1, r3
 c100574:	e1520003 	cmp	r2, r3
 c100578:	0a000001 	beq	c100584 <portG_write+0x90>
		return -1; // indica error
 c10057c:	e3e03000 	mvn	r3, #0
 c100580:	ea000016 	b	c1005e0 <portG_write+0xec>

	if (val)
 c100584:	e55b3019 	ldrb	r3, [fp, #-25]	; 0xffffffe7
 c100588:	e3530000 	cmp	r3, #0
 c10058c:	0a000009 	beq	c1005b8 <portG_write+0xc4>
		rPDATG|= ~(0x1<<pin);
 c100590:	e59f305c 	ldr	r3, [pc, #92]	; c1005f4 <portG_write+0x100>
 c100594:	e59f2058 	ldr	r2, [pc, #88]	; c1005f4 <portG_write+0x100>
 c100598:	e5921000 	ldr	r1, [r2]
 c10059c:	e3a00001 	mov	r0, #1
 c1005a0:	e51b2018 	ldr	r2, [fp, #-24]	; 0xffffffe8
 c1005a4:	e1a02210 	lsl	r2, r0, r2
 c1005a8:	e1e02002 	mvn	r2, r2
 c1005ac:	e1812002 	orr	r2, r1, r2
 c1005b0:	e5832000 	str	r2, [r3]
 c1005b4:	ea000008 	b	c1005dc <portG_write+0xe8>
		// COMPLETAR: poner en rPDATG el bit indicado por pin a 1
	else
		rPDATG &= ~(0x1<<pin);
 c1005b8:	e59f3034 	ldr	r3, [pc, #52]	; c1005f4 <portG_write+0x100>
 c1005bc:	e59f2030 	ldr	r2, [pc, #48]	; c1005f4 <portG_write+0x100>
 c1005c0:	e5921000 	ldr	r1, [r2]
 c1005c4:	e3a00001 	mov	r0, #1
 c1005c8:	e51b2018 	ldr	r2, [fp, #-24]	; 0xffffffe8
 c1005cc:	e1a02210 	lsl	r2, r0, r2
 c1005d0:	e1e02002 	mvn	r2, r2
 c1005d4:	e0012002 	and	r2, r1, r2
 c1005d8:	e5832000 	str	r2, [r3]
		// COMPLETAR: poner en rPDATG el bit indicado por pin a 0

	return 0;
 c1005dc:	e3a03000 	mov	r3, #0
}
 c1005e0:	e1a00003 	mov	r0, r3
 c1005e4:	e24bd00c 	sub	sp, fp, #12
 c1005e8:	e89d6800 	ldm	sp, {fp, sp, lr}
 c1005ec:	e12fff1e 	bx	lr
 c1005f0:	01d20040 	.word	0x01d20040
 c1005f4:	01d20044 	.word	0x01d20044

0c1005f8 <portG_read>:

int portG_read(int pin, enum digital* val)
{
 c1005f8:	e1a0c00d 	mov	ip, sp
 c1005fc:	e92dd800 	push	{fp, ip, lr, pc}
 c100600:	e24cb004 	sub	fp, ip, #4
 c100604:	e24dd010 	sub	sp, sp, #16
 c100608:	e50b0018 	str	r0, [fp, #-24]	; 0xffffffe8
 c10060c:	e50b101c 	str	r1, [fp, #-28]	; 0xffffffe4
	int pos = pin*2;
 c100610:	e51b3018 	ldr	r3, [fp, #-24]	; 0xffffffe8
 c100614:	e1a03083 	lsl	r3, r3, #1
 c100618:	e50b3010 	str	r3, [fp, #-16]

	if (pin < 0 || pin > 7)
 c10061c:	e51b3018 	ldr	r3, [fp, #-24]	; 0xffffffe8
 c100620:	e3530000 	cmp	r3, #0
 c100624:	ba000002 	blt	c100634 <portG_read+0x3c>
 c100628:	e51b3018 	ldr	r3, [fp, #-24]	; 0xffffffe8
 c10062c:	e3530007 	cmp	r3, #7
 c100630:	da000001 	ble	c10063c <portG_read+0x44>
		return -1; // indica error
 c100634:	e3e03000 	mvn	r3, #0
 c100638:	ea000019 	b	c1006a4 <portG_read+0xac>

	if (rPCONG & (0x3 << pos))
 c10063c:	e59f3070 	ldr	r3, [pc, #112]	; c1006b4 <portG_read+0xbc>
 c100640:	e5932000 	ldr	r2, [r3]
 c100644:	e3a01003 	mov	r1, #3
 c100648:	e51b3010 	ldr	r3, [fp, #-16]
 c10064c:	e1a03311 	lsl	r3, r1, r3
 c100650:	e0023003 	and	r3, r2, r3
 c100654:	e3530000 	cmp	r3, #0
 c100658:	0a000001 	beq	c100664 <portG_read+0x6c>
		return -1; // indica error
 c10065c:	e3e03000 	mvn	r3, #0
 c100660:	ea00000f 	b	c1006a4 <portG_read+0xac>

	if((rPDATG & (0x1 << pin)))
 c100664:	e59f304c 	ldr	r3, [pc, #76]	; c1006b8 <portG_read+0xc0>
 c100668:	e5932000 	ldr	r2, [r3]
 c10066c:	e3a01001 	mov	r1, #1
 c100670:	e51b3018 	ldr	r3, [fp, #-24]	; 0xffffffe8
 c100674:	e1a03311 	lsl	r3, r1, r3
 c100678:	e0023003 	and	r3, r2, r3
 c10067c:	e3530000 	cmp	r3, #0
 c100680:	0a000003 	beq	c100694 <portG_read+0x9c>
		*val = HIGH;
 c100684:	e51b301c 	ldr	r3, [fp, #-28]	; 0xffffffe4
 c100688:	e3a02001 	mov	r2, #1
 c10068c:	e5c32000 	strb	r2, [r3]
 c100690:	ea000002 	b	c1006a0 <portG_read+0xa8>
	else
		*val = LOW;
 c100694:	e51b301c 	ldr	r3, [fp, #-28]	; 0xffffffe4
 c100698:	e3a02000 	mov	r2, #0
 c10069c:	e5c32000 	strb	r2, [r3]

	return 0;
 c1006a0:	e3a03000 	mov	r3, #0
}
 c1006a4:	e1a00003 	mov	r0, r3
 c1006a8:	e24bd00c 	sub	sp, fp, #12
 c1006ac:	e89d6800 	ldm	sp, {fp, sp, lr}
 c1006b0:	e12fff1e 	bx	lr
 c1006b4:	01d20040 	.word	0x01d20040
 c1006b8:	01d20044 	.word	0x01d20044

0c1006bc <portG_conf_pup>:

int portG_conf_pup(int pin, enum enable st)
{
 c1006bc:	e1a0c00d 	mov	ip, sp
 c1006c0:	e92dd800 	push	{fp, ip, lr, pc}
 c1006c4:	e24cb004 	sub	fp, ip, #4
 c1006c8:	e24dd008 	sub	sp, sp, #8
 c1006cc:	e50b0010 	str	r0, [fp, #-16]
 c1006d0:	e1a03001 	mov	r3, r1
 c1006d4:	e54b3011 	strb	r3, [fp, #-17]	; 0xffffffef
	if (pin < 0 || pin > 7)
 c1006d8:	e51b3010 	ldr	r3, [fp, #-16]
 c1006dc:	e3530000 	cmp	r3, #0
 c1006e0:	ba000002 	blt	c1006f0 <portG_conf_pup+0x34>
 c1006e4:	e51b3010 	ldr	r3, [fp, #-16]
 c1006e8:	e3530007 	cmp	r3, #7
 c1006ec:	da000001 	ble	c1006f8 <portG_conf_pup+0x3c>
		return -1; // indica error
 c1006f0:	e3e03000 	mvn	r3, #0
 c1006f4:	ea00001d 	b	c100770 <portG_conf_pup+0xb4>

	if (st != ENABLE && st != DISABLE)
 c1006f8:	e55b3011 	ldrb	r3, [fp, #-17]	; 0xffffffef
 c1006fc:	e3530001 	cmp	r3, #1
 c100700:	0a000004 	beq	c100718 <portG_conf_pup+0x5c>
 c100704:	e55b3011 	ldrb	r3, [fp, #-17]	; 0xffffffef
 c100708:	e3530000 	cmp	r3, #0
 c10070c:	0a000001 	beq	c100718 <portG_conf_pup+0x5c>
		return -1; // indica error
 c100710:	e3e03000 	mvn	r3, #0
 c100714:	ea000015 	b	c100770 <portG_conf_pup+0xb4>

	if (st == ENABLE)
 c100718:	e55b3011 	ldrb	r3, [fp, #-17]	; 0xffffffef
 c10071c:	e3530001 	cmp	r3, #1
 c100720:	1a000009 	bne	c10074c <portG_conf_pup+0x90>
		rPUPG &= ~(0x1 << pin);
 c100724:	e59f3054 	ldr	r3, [pc, #84]	; c100780 <portG_conf_pup+0xc4>
 c100728:	e59f2050 	ldr	r2, [pc, #80]	; c100780 <portG_conf_pup+0xc4>
 c10072c:	e5921000 	ldr	r1, [r2]
 c100730:	e3a00001 	mov	r0, #1
 c100734:	e51b2010 	ldr	r2, [fp, #-16]
 c100738:	e1a02210 	lsl	r2, r0, r2
 c10073c:	e1e02002 	mvn	r2, r2
 c100740:	e0012002 	and	r2, r1, r2
 c100744:	e5832000 	str	r2, [r3]
 c100748:	ea000007 	b	c10076c <portG_conf_pup+0xb0>
		// COMPLETAR: poner el pin de rPUPG indicado por el parametro pin al valor adecuado,
		// para activar la resistencia de pull-up
	else
		rPUPG |= (0x1 << pin);
 c10074c:	e59f302c 	ldr	r3, [pc, #44]	; c100780 <portG_conf_pup+0xc4>
 c100750:	e59f2028 	ldr	r2, [pc, #40]	; c100780 <portG_conf_pup+0xc4>
 c100754:	e5921000 	ldr	r1, [r2]
 c100758:	e3a00001 	mov	r0, #1
 c10075c:	e51b2010 	ldr	r2, [fp, #-16]
 c100760:	e1a02210 	lsl	r2, r0, r2
 c100764:	e1812002 	orr	r2, r1, r2
 c100768:	e5832000 	str	r2, [r3]
		// COMPLETAR: poner el pin de rPUPG indicado por el parametro pin al valor adecuado,
		// para desactivar la resistencia de pull-up

	return 0;
 c10076c:	e3a03000 	mov	r3, #0
}
 c100770:	e1a00003 	mov	r0, r3
 c100774:	e24bd00c 	sub	sp, fp, #12
 c100778:	e89d6800 	ldm	sp, {fp, sp, lr}
 c10077c:	e12fff1e 	bx	lr
 c100780:	01d20048 	.word	0x01d20048

0c100784 <start>:
	.equ rINTMSK,    0x1e0000c

start:

	/* Pasa a modo supervisor */
    mrs	r0, cpsr
 c100784:	e10f0000 	mrs	r0, CPSR
    bic	r0, r0, #MODEMASK
 c100788:	e3c0001f 	bic	r0, r0, #31
    orr	r1, r0, #SVCMODE
 c10078c:	e3801013 	orr	r1, r0, #19
    msr	cpsr_c, r1 
 c100790:	e121f001 	msr	CPSR_c, r1

	/* Enmascara interrupciones */
	ldr r0, =rINTMSK
 c100794:	e59f0094 	ldr	r0, [pc, #148]	; c100830 <InitStacks+0x48>
	ldr r1, =0x1fffffff
 c100798:	e3e0120e 	mvn	r1, #-536870912	; 0xe0000000
    str r1, [r0]
 c10079c:	e5801000 	str	r1, [r0]

	/* Habilita linea IRQ y FIQ del CPSR */
	mrs r0, cpsr
 c1007a0:	e10f0000 	mrs	r0, CPSR
	bic r0, r0, #0xC0
 c1007a4:	e3c000c0 	bic	r0, r0, #192	; 0xc0
	msr cpsr_c, r0
 c1007a8:	e121f000 	msr	CPSR_c, r0
	
	/* Inicializaci√≥n de la secci√≥n bss a 0, est√°ndar C */
    ldr	    r3, =Image_ZI_Base
 c1007ac:	e59f3080 	ldr	r3, [pc, #128]	; c100834 <InitStacks+0x4c>
	ldr	    r1, =Image_ZI_Limit	/* Top of zero init segment */
 c1007b0:	e59f1080 	ldr	r1, [pc, #128]	; c100838 <InitStacks+0x50>
    mov	    r2, #0
 c1007b4:	e3a02000 	mov	r2, #0

0c1007b8 <L0>:
L0:
    cmp	    r3, r1	    		/* Zero init */
 c1007b8:	e1530001 	cmp	r3, r1
    strcc   r2, [r3], #4
 c1007bc:	34832004 	strcc	r2, [r3], #4
    bcc	    L0
 c1007c0:	3afffffc 	bcc	c1007b8 <L0>
	/****************************************************/

	/* Desde modo SVC inicializa los SP de todos los modos de ejecuciÔøΩn privilegiados */
    bl InitStacks
 c1007c4:	eb000007 	bl	c1007e8 <InitStacks>
	
	/* Desde modo SVC cambia a modo USR e inicializa el SP_usr */
	mrs r0, cpsr
 c1007c8:	e10f0000 	mrs	r0, CPSR
	bic r0, r0, #MODEMASK
 c1007cc:	e3c0001f 	bic	r0, r0, #31
	orr r1, r0, #USRMODE  
 c1007d0:	e3801010 	orr	r1, r0, #16
	msr cpsr_c, r1
 c1007d4:	e121f001 	msr	CPSR_c, r1
	ldr sp, =USRSTACK
 c1007d8:	e59fd05c 	ldr	sp, [pc, #92]	; c10083c <InitStacks+0x54>

    mov fp, #0
 c1007dc:	e3a0b000 	mov	fp, #0

    bl main
 c1007e0:	eb000121 	bl	c100c6c <main>

0c1007e4 <End>:

End:
    B End
 c1007e4:	eafffffe 	b	c1007e4 <End>

0c1007e8 <InitStacks>:

InitStacks:
	mrs r0, cpsr
 c1007e8:	e10f0000 	mrs	r0, CPSR
	bic r0, r0, #MODEMASK
 c1007ec:	e3c0001f 	bic	r0, r0, #31

	orr r1, r0, #UNDMODE  /* desde modo SVC cambia a modo UND e inicializa el SP_und */
 c1007f0:	e380101b 	orr	r1, r0, #27
	msr cpsr_c, r1    
 c1007f4:	e121f001 	msr	CPSR_c, r1
	ldr sp, =UNDSTACK
 c1007f8:	e59fd040 	ldr	sp, [pc, #64]	; c100840 <InitStacks+0x58>

	orr r1, r0, #ABTMODE  /* desde modo UND cambia a modo ABT e inicializa el SP_abt */
 c1007fc:	e3801017 	orr	r1, r0, #23
	msr cpsr_c, r1 
 c100800:	e121f001 	msr	CPSR_c, r1
	ldr sp, =ABTSTACK
 c100804:	e59fd038 	ldr	sp, [pc, #56]	; c100844 <InitStacks+0x5c>

	orr r1, r0, #IRQMODE  /* desde modo ABT cambia a modo IRQ e inicializa el SP_abt */
 c100808:	e3801012 	orr	r1, r0, #18
	msr cpsr_c, r1
 c10080c:	e121f001 	msr	CPSR_c, r1
	ldr sp, =IRQSTACK
 c100810:	e59fd030 	ldr	sp, [pc, #48]	; c100848 <InitStacks+0x60>

	orr r1, r0, #FIQMODE  /* desde modo IRQ cambia a modo FIQ e inicializa el SP_fiq */
 c100814:	e3801011 	orr	r1, r0, #17
	msr cpsr_c, r1
 c100818:	e121f001 	msr	CPSR_c, r1
	ldr sp, =FIQSTACK
 c10081c:	e59fd028 	ldr	sp, [pc, #40]	; c10084c <InitStacks+0x64>

	orr r1, r0, #SVCMODE  /* desde modo FIQ cambia a modo SVC e inicializa el SP_svc */
 c100820:	e3801013 	orr	r1, r0, #19
	msr cpsr_c, r1
 c100824:	e121f001 	msr	CPSR_c, r1
	ldr sp, =SVCSTACK
 c100828:	e59fd020 	ldr	sp, [pc, #32]	; c100850 <InitStacks+0x68>
	
    mov pc, lr
 c10082c:	e1a0f00e 	mov	pc, lr
 c100830:	01e0000c 	.word	0x01e0000c
 c100834:	0c100078 	.word	0x0c100078
 c100838:	0c10007c 	.word	0x0c10007c
 c10083c:	0c7ff000 	.word	0x0c7ff000
 c100840:	0c7ff200 	.word	0x0c7ff200
 c100844:	0c7ff300 	.word	0x0c7ff300
 c100848:	0c7ff400 	.word	0x0c7ff400
 c10084c:	0c7ff500 	.word	0x0c7ff500
 c100850:	0c7ff100 	.word	0x0c7ff100

0c100854 <leds_init>:
// significativos, cada uno para un led
// 1 encendido y 0 apagado
static unsigned int status = 0;

void leds_init( void )
{
 c100854:	e1a0c00d 	mov	ip, sp
 c100858:	e92dd800 	push	{fp, ip, lr, pc}
 c10085c:	e24cb004 	sub	fp, ip, #4
	//COMPLETAR usando el interfaz del puerto B definido en gpio.h
	// hay que configurar los pines 9 y 10 como pines de salida
	portB_conf(9,1);
 c100860:	e3a00009 	mov	r0, #9
 c100864:	e3a01001 	mov	r1, #1
 c100868:	ebfffe5b 	bl	c1001dc <portB_conf>
	portB_conf(10,1);
 c10086c:	e3a0000a 	mov	r0, #10
 c100870:	e3a01001 	mov	r1, #1
 c100874:	ebfffe58 	bl	c1001dc <portB_conf>
	leds_display( status );
 c100878:	e59f3014 	ldr	r3, [pc, #20]	; c100894 <leds_init+0x40>
 c10087c:	e5933000 	ldr	r3, [r3]
 c100880:	e1a00003 	mov	r0, r3
 c100884:	eb000073 	bl	c100a58 <leds_display>
}
 c100888:	e24bd00c 	sub	sp, fp, #12
 c10088c:	e89d6800 	ldm	sp, {fp, sp, lr}
 c100890:	e12fff1e 	bx	lr
 c100894:	0c100078 	.word	0x0c100078

0c100898 <led1_on>:

void led1_on( void )
{
 c100898:	e1a0c00d 	mov	ip, sp
 c10089c:	e92dd800 	push	{fp, ip, lr, pc}
 c1008a0:	e24cb004 	sub	fp, ip, #4
	status |=  LED1;
 c1008a4:	e59f3028 	ldr	r3, [pc, #40]	; c1008d4 <led1_on+0x3c>
 c1008a8:	e5933000 	ldr	r3, [r3]
 c1008ac:	e3832001 	orr	r2, r3, #1
 c1008b0:	e59f301c 	ldr	r3, [pc, #28]	; c1008d4 <led1_on+0x3c>
 c1008b4:	e5832000 	str	r2, [r3]
	leds_display( status );
 c1008b8:	e59f3014 	ldr	r3, [pc, #20]	; c1008d4 <led1_on+0x3c>
 c1008bc:	e5933000 	ldr	r3, [r3]
 c1008c0:	e1a00003 	mov	r0, r3
 c1008c4:	eb000063 	bl	c100a58 <leds_display>
}
 c1008c8:	e24bd00c 	sub	sp, fp, #12
 c1008cc:	e89d6800 	ldm	sp, {fp, sp, lr}
 c1008d0:	e12fff1e 	bx	lr
 c1008d4:	0c100078 	.word	0x0c100078

0c1008d8 <led1_off>:

void led1_off( void )
{
 c1008d8:	e1a0c00d 	mov	ip, sp
 c1008dc:	e92dd800 	push	{fp, ip, lr, pc}
 c1008e0:	e24cb004 	sub	fp, ip, #4
	status &=  ~LED1;
 c1008e4:	e59f3028 	ldr	r3, [pc, #40]	; c100914 <led1_off+0x3c>
 c1008e8:	e5933000 	ldr	r3, [r3]
 c1008ec:	e3c32001 	bic	r2, r3, #1
 c1008f0:	e59f301c 	ldr	r3, [pc, #28]	; c100914 <led1_off+0x3c>
 c1008f4:	e5832000 	str	r2, [r3]
	leds_display( status );
 c1008f8:	e59f3014 	ldr	r3, [pc, #20]	; c100914 <led1_off+0x3c>
 c1008fc:	e5933000 	ldr	r3, [r3]
 c100900:	e1a00003 	mov	r0, r3
 c100904:	eb000053 	bl	c100a58 <leds_display>
}
 c100908:	e24bd00c 	sub	sp, fp, #12
 c10090c:	e89d6800 	ldm	sp, {fp, sp, lr}
 c100910:	e12fff1e 	bx	lr
 c100914:	0c100078 	.word	0x0c100078

0c100918 <led2_on>:

void led2_on( void )
{
 c100918:	e1a0c00d 	mov	ip, sp
 c10091c:	e92dd800 	push	{fp, ip, lr, pc}
 c100920:	e24cb004 	sub	fp, ip, #4
	status |=  LED2;
 c100924:	e59f3028 	ldr	r3, [pc, #40]	; c100954 <led2_on+0x3c>
 c100928:	e5933000 	ldr	r3, [r3]
 c10092c:	e3832002 	orr	r2, r3, #2
 c100930:	e59f301c 	ldr	r3, [pc, #28]	; c100954 <led2_on+0x3c>
 c100934:	e5832000 	str	r2, [r3]
	leds_display( status );
 c100938:	e59f3014 	ldr	r3, [pc, #20]	; c100954 <led2_on+0x3c>
 c10093c:	e5933000 	ldr	r3, [r3]
 c100940:	e1a00003 	mov	r0, r3
 c100944:	eb000043 	bl	c100a58 <leds_display>
}
 c100948:	e24bd00c 	sub	sp, fp, #12
 c10094c:	e89d6800 	ldm	sp, {fp, sp, lr}
 c100950:	e12fff1e 	bx	lr
 c100954:	0c100078 	.word	0x0c100078

0c100958 <led2_off>:

void led2_off( void )
{
 c100958:	e1a0c00d 	mov	ip, sp
 c10095c:	e92dd800 	push	{fp, ip, lr, pc}
 c100960:	e24cb004 	sub	fp, ip, #4
	status &=  ~LED2;
 c100964:	e59f3028 	ldr	r3, [pc, #40]	; c100994 <led2_off+0x3c>
 c100968:	e5933000 	ldr	r3, [r3]
 c10096c:	e3c32002 	bic	r2, r3, #2
 c100970:	e59f301c 	ldr	r3, [pc, #28]	; c100994 <led2_off+0x3c>
 c100974:	e5832000 	str	r2, [r3]
	leds_display( status );
 c100978:	e59f3014 	ldr	r3, [pc, #20]	; c100994 <led2_off+0x3c>
 c10097c:	e5933000 	ldr	r3, [r3]
 c100980:	e1a00003 	mov	r0, r3
 c100984:	eb000033 	bl	c100a58 <leds_display>
}
 c100988:	e24bd00c 	sub	sp, fp, #12
 c10098c:	e89d6800 	ldm	sp, {fp, sp, lr}
 c100990:	e12fff1e 	bx	lr
 c100994:	0c100078 	.word	0x0c100078

0c100998 <led1_switch>:

void led1_switch( void )
{
 c100998:	e1a0c00d 	mov	ip, sp
 c10099c:	e92dd800 	push	{fp, ip, lr, pc}
 c1009a0:	e24cb004 	sub	fp, ip, #4
	status ^= LED1;
 c1009a4:	e59f3028 	ldr	r3, [pc, #40]	; c1009d4 <led1_switch+0x3c>
 c1009a8:	e5933000 	ldr	r3, [r3]
 c1009ac:	e2232001 	eor	r2, r3, #1
 c1009b0:	e59f301c 	ldr	r3, [pc, #28]	; c1009d4 <led1_switch+0x3c>
 c1009b4:	e5832000 	str	r2, [r3]
	leds_display( status );
 c1009b8:	e59f3014 	ldr	r3, [pc, #20]	; c1009d4 <led1_switch+0x3c>
 c1009bc:	e5933000 	ldr	r3, [r3]
 c1009c0:	e1a00003 	mov	r0, r3
 c1009c4:	eb000023 	bl	c100a58 <leds_display>
}
 c1009c8:	e24bd00c 	sub	sp, fp, #12
 c1009cc:	e89d6800 	ldm	sp, {fp, sp, lr}
 c1009d0:	e12fff1e 	bx	lr
 c1009d4:	0c100078 	.word	0x0c100078

0c1009d8 <led2_switch>:

void led2_switch( void )
{
 c1009d8:	e1a0c00d 	mov	ip, sp
 c1009dc:	e92dd800 	push	{fp, ip, lr, pc}
 c1009e0:	e24cb004 	sub	fp, ip, #4
	status ^= LED2;
 c1009e4:	e59f3028 	ldr	r3, [pc, #40]	; c100a14 <led2_switch+0x3c>
 c1009e8:	e5933000 	ldr	r3, [r3]
 c1009ec:	e2232002 	eor	r2, r3, #2
 c1009f0:	e59f301c 	ldr	r3, [pc, #28]	; c100a14 <led2_switch+0x3c>
 c1009f4:	e5832000 	str	r2, [r3]
	leds_display( status );
 c1009f8:	e59f3014 	ldr	r3, [pc, #20]	; c100a14 <led2_switch+0x3c>
 c1009fc:	e5933000 	ldr	r3, [r3]
 c100a00:	e1a00003 	mov	r0, r3
 c100a04:	eb000013 	bl	c100a58 <leds_display>
}
 c100a08:	e24bd00c 	sub	sp, fp, #12
 c100a0c:	e89d6800 	ldm	sp, {fp, sp, lr}
 c100a10:	e12fff1e 	bx	lr
 c100a14:	0c100078 	.word	0x0c100078

0c100a18 <leds_switch>:

void leds_switch( void ){
 c100a18:	e1a0c00d 	mov	ip, sp
 c100a1c:	e92dd800 	push	{fp, ip, lr, pc}
 c100a20:	e24cb004 	sub	fp, ip, #4
	status ^= (LED1 | LED2);
 c100a24:	e59f3028 	ldr	r3, [pc, #40]	; c100a54 <leds_switch+0x3c>
 c100a28:	e5933000 	ldr	r3, [r3]
 c100a2c:	e2232003 	eor	r2, r3, #3
 c100a30:	e59f301c 	ldr	r3, [pc, #28]	; c100a54 <leds_switch+0x3c>
 c100a34:	e5832000 	str	r2, [r3]
	leds_display( status );
 c100a38:	e59f3014 	ldr	r3, [pc, #20]	; c100a54 <leds_switch+0x3c>
 c100a3c:	e5933000 	ldr	r3, [r3]
 c100a40:	e1a00003 	mov	r0, r3
 c100a44:	eb000003 	bl	c100a58 <leds_display>
}
 c100a48:	e24bd00c 	sub	sp, fp, #12
 c100a4c:	e89d6800 	ldm	sp, {fp, sp, lr}
 c100a50:	e12fff1e 	bx	lr
 c100a54:	0c100078 	.word	0x0c100078

0c100a58 <leds_display>:

void leds_display( unsigned int leds_status )
{
 c100a58:	e1a0c00d 	mov	ip, sp
 c100a5c:	e92dd800 	push	{fp, ip, lr, pc}
 c100a60:	e24cb004 	sub	fp, ip, #4
 c100a64:	e24dd010 	sub	sp, sp, #16
 c100a68:	e50b0018 	str	r0, [fp, #-24]	; 0xffffffe8
	status = leds_status;
 c100a6c:	e59f30a4 	ldr	r3, [pc, #164]	; c100b18 <leds_display+0xc0>
 c100a70:	e51b2018 	ldr	r2, [fp, #-24]	; 0xffffffe8
 c100a74:	e5832000 	str	r2, [r3]
	enum digital level;
	// LED 1
	if( status & LED1 ){
 c100a78:	e59f3098 	ldr	r3, [pc, #152]	; c100b18 <leds_display+0xc0>
 c100a7c:	e5933000 	ldr	r3, [r3]
 c100a80:	e2033001 	and	r3, r3, #1
 c100a84:	e20330ff 	and	r3, r3, #255	; 0xff
 c100a88:	e3530000 	cmp	r3, #0
 c100a8c:	0a000006 	beq	c100aac <leds_display+0x54>
		level = LOW;
 c100a90:	e3a03000 	mov	r3, #0
 c100a94:	e54b300d 	strb	r3, [fp, #-13]
		portB_write(9, level);
 c100a98:	e55b300d 	ldrb	r3, [fp, #-13]
 c100a9c:	e3a00009 	mov	r0, #9
 c100aa0:	e1a01003 	mov	r1, r3
 c100aa4:	ebfffdfe 	bl	c1002a4 <portB_write>
 c100aa8:	ea000001 	b	c100ab4 <leds_display+0x5c>
		//COMPLETAR usando el interfaz del puerto B definido en gpio.h
		//hay que poner a nivel bajo el bit correspondiente al led 1
	}else
		level = HIGH;
 c100aac:	e3a03001 	mov	r3, #1
 c100ab0:	e54b300d 	strb	r3, [fp, #-13]
		portB_write(9, level);
 c100ab4:	e55b300d 	ldrb	r3, [fp, #-13]
 c100ab8:	e3a00009 	mov	r0, #9
 c100abc:	e1a01003 	mov	r1, r3
 c100ac0:	ebfffdf7 	bl	c1002a4 <portB_write>

		//COMPLETAR usando el interfaz del puerto B definido en gpio.h
		//hay que poner a nivel alto el bit correspondiente al led 1

	// LED 2
	if( status & LED2 ){
 c100ac4:	e59f304c 	ldr	r3, [pc, #76]	; c100b18 <leds_display+0xc0>
 c100ac8:	e5933000 	ldr	r3, [r3]
 c100acc:	e2033002 	and	r3, r3, #2
 c100ad0:	e3530000 	cmp	r3, #0
 c100ad4:	0a000006 	beq	c100af4 <leds_display+0x9c>
		level = LOW;
 c100ad8:	e3a03000 	mov	r3, #0
 c100adc:	e54b300d 	strb	r3, [fp, #-13]
		portB_write(10, level);
 c100ae0:	e55b300d 	ldrb	r3, [fp, #-13]
 c100ae4:	e3a0000a 	mov	r0, #10
 c100ae8:	e1a01003 	mov	r1, r3
 c100aec:	ebfffdec 	bl	c1002a4 <portB_write>
 c100af0:	ea000001 	b	c100afc <leds_display+0xa4>

		//COMPLETAR usando el interfaz del puerto B definido en gpio.h
		//hay que poner a nivel bajo el bit correspondiente al led 2
	}else
		level = HIGH;
 c100af4:	e3a03001 	mov	r3, #1
 c100af8:	e54b300d 	strb	r3, [fp, #-13]
		portB_write(10, level);
 c100afc:	e55b300d 	ldrb	r3, [fp, #-13]
 c100b00:	e3a0000a 	mov	r0, #10
 c100b04:	e1a01003 	mov	r1, r3
 c100b08:	ebfffde5 	bl	c1002a4 <portB_write>
		//COMPLETAR usando el interfaz del puerto B definido en gpio.h
		//hay que poner a nivel alto el bit correspondiente al led 2
}
 c100b0c:	e24bd00c 	sub	sp, fp, #12
 c100b10:	e89d6800 	ldm	sp, {fp, sp, lr}
 c100b14:	e12fff1e 	bx	lr
 c100b18:	0c100078 	.word	0x0c100078

0c100b1c <setup>:
	.direction = 0,
	.position = 0,
};

int setup(void)
{
 c100b1c:	e1a0c00d 	mov	ip, sp
 c100b20:	e92dd800 	push	{fp, ip, lr, pc}
 c100b24:	e24cb004 	sub	fp, ip, #4
	leds_init();
 c100b28:	ebffff49 	bl	c100854 <leds_init>
	led1_on();
 c100b2c:	ebffff59 	bl	c100898 <led1_on>
	led1_off();
 c100b30:	ebffff68 	bl	c1008d8 <led1_off>
	//COMPLETAR: utilizando el interfaz para el puerto G definido en gpio.h hay
	//que configurar los pines 6 y 7 del puerto G como pines de entrada y
	//activar las correspondientes resistencias de pull-up
	
	/*******************************************/
	portG_conf(6, INPUT);
 c100b34:	e3a00006 	mov	r0, #6
 c100b38:	e3a01000 	mov	r1, #0
 c100b3c:	ebfffe07 	bl	c100360 <portG_conf>
	portG_conf(7, INPUT);
 c100b40:	e3a00007 	mov	r0, #7
 c100b44:	e3a01000 	mov	r1, #0
 c100b48:	ebfffe04 	bl	c100360 <portG_conf>
	portG_conf_pup(6, ENABLE);
 c100b4c:	e3a00006 	mov	r0, #6
 c100b50:	e3a01001 	mov	r1, #1
 c100b54:	ebfffed8 	bl	c1006bc <portG_conf_pup>
	portG_conf_pup(7, ENABLE);
 c100b58:	e3a00007 	mov	r0, #7
 c100b5c:	e3a01001 	mov	r1, #1
 c100b60:	ebfffed5 	bl	c1006bc <portG_conf_pup>
	D8Led_init();
 c100b64:	ebfffd44 	bl	c10007c <D8Led_init>
	D8Led_digit(RL.position);
 c100b68:	e59f3024 	ldr	r3, [pc, #36]	; c100b94 <setup+0x78>
 c100b6c:	e5933010 	ldr	r3, [r3, #16]
 c100b70:	e1a00003 	mov	r0, r3
 c100b74:	ebfffd60 	bl	c1000fc <D8Led_digit>
	Delay(0);
 c100b78:	e3a00000 	mov	r0, #0
 c100b7c:	eb000040 	bl	c100c84 <Delay>
	return 0;
 c100b80:	e3a03000 	mov	r3, #0
}
 c100b84:	e1a00003 	mov	r0, r3
 c100b88:	e24bd00c 	sub	sp, fp, #12
 c100b8c:	e89d6800 	ldm	sp, {fp, sp, lr}
 c100b90:	e12fff1e 	bx	lr
 c100b94:	0c100060 	.word	0x0c100060

0c100b98 <loop>:

int loop(void)
{
 c100b98:	e1a0c00d 	mov	ip, sp
 c100b9c:	e92dd800 	push	{fp, ip, lr, pc}
 c100ba0:	e24cb004 	sub	fp, ip, #4
 c100ba4:	e24dd008 	sub	sp, sp, #8
	unsigned int buttons = read_button();
 c100ba8:	ebfffd6a 	bl	c100158 <read_button>
 c100bac:	e50b0010 	str	r0, [fp, #-16]

	if (buttons & BUT1) {
 c100bb0:	e51b3010 	ldr	r3, [fp, #-16]
 c100bb4:	e2033001 	and	r3, r3, #1
 c100bb8:	e20330ff 	and	r3, r3, #255	; 0xff
 c100bbc:	e3530000 	cmp	r3, #0
 c100bc0:	0a00000c 	beq	c100bf8 <loop+0x60>
		if(RL.position == 9){
 c100bc4:	e59f309c 	ldr	r3, [pc, #156]	; c100c68 <loop+0xd0>
 c100bc8:	e5933010 	ldr	r3, [r3, #16]
 c100bcc:	e3530009 	cmp	r3, #9
 c100bd0:	1a000003 	bne	c100be4 <loop+0x4c>
			RL.position = 0;
 c100bd4:	e59f308c 	ldr	r3, [pc, #140]	; c100c68 <loop+0xd0>
 c100bd8:	e3a02000 	mov	r2, #0
 c100bdc:	e5832010 	str	r2, [r3, #16]
 c100be0:	ea000004 	b	c100bf8 <loop+0x60>
		}
		else {
			RL.position++;
 c100be4:	e59f307c 	ldr	r3, [pc, #124]	; c100c68 <loop+0xd0>
 c100be8:	e5933010 	ldr	r3, [r3, #16]
 c100bec:	e2832001 	add	r2, r3, #1
 c100bf0:	e59f3070 	ldr	r3, [pc, #112]	; c100c68 <loop+0xd0>
 c100bf4:	e5832010 	str	r2, [r3, #16]
		// hay que apagar ambos leds
		// Tambi√©n hay que comutar la direcci√≥n del movimiento del led rotante
		// representado por el campo direction de la variable RL
	}

	if (buttons & BUT2) {
 c100bf8:	e51b3010 	ldr	r3, [fp, #-16]
 c100bfc:	e2033002 	and	r3, r3, #2
 c100c00:	e3530000 	cmp	r3, #0
 c100c04:	0a00000c 	beq	c100c3c <loop+0xa4>
		if(RL.position == 0){
 c100c08:	e59f3058 	ldr	r3, [pc, #88]	; c100c68 <loop+0xd0>
 c100c0c:	e5933010 	ldr	r3, [r3, #16]
 c100c10:	e3530000 	cmp	r3, #0
 c100c14:	1a000003 	bne	c100c28 <loop+0x90>
			RL.position = 9;
 c100c18:	e59f3048 	ldr	r3, [pc, #72]	; c100c68 <loop+0xd0>
 c100c1c:	e3a02009 	mov	r2, #9
 c100c20:	e5832010 	str	r2, [r3, #16]
 c100c24:	ea000004 	b	c100c3c <loop+0xa4>
		}
		else {
			RL.position--;
 c100c28:	e59f3038 	ldr	r3, [pc, #56]	; c100c68 <loop+0xd0>
 c100c2c:	e5933010 	ldr	r3, [r3, #16]
 c100c30:	e2432001 	sub	r2, r3, #1
 c100c34:	e59f302c 	ldr	r3, [pc, #44]	; c100c68 <loop+0xd0>
 c100c38:	e5832010 	str	r2, [r3, #16]
			// la direcci√≥n indicada por el campo direction de la variable RL.
			// La posici√≥n actual est√° representada en el campo position.
			// Recordar que queremos un movimiento circular, representado por
			// las 6 primeras posiciones en el array Segmentes del display de 8
			// segmentos, por lo que position debe estar siempre entre 0 y 5.
	D8Led_digit(RL.position);
 c100c3c:	e59f3024 	ldr	r3, [pc, #36]	; c100c68 <loop+0xd0>
 c100c40:	e5933010 	ldr	r3, [r3, #16]
 c100c44:	e1a00003 	mov	r0, r3
 c100c48:	ebfffd2b 	bl	c1000fc <D8Led_digit>
		Delay(2000); // espera de 200ms para que el bucle se repita 5 veces por segundo
 c100c4c:	e3a00e7d 	mov	r0, #2000	; 0x7d0
 c100c50:	eb00000b 	bl	c100c84 <Delay>
	return 0;
 c100c54:	e3a03000 	mov	r3, #0
}
 c100c58:	e1a00003 	mov	r0, r3
 c100c5c:	e24bd00c 	sub	sp, fp, #12
 c100c60:	e89d6800 	ldm	sp, {fp, sp, lr}
 c100c64:	e12fff1e 	bx	lr
 c100c68:	0c100060 	.word	0x0c100060

0c100c6c <main>:


int main(void)
{
 c100c6c:	e1a0c00d 	mov	ip, sp
 c100c70:	e92dd800 	push	{fp, ip, lr, pc}
 c100c74:	e24cb004 	sub	fp, ip, #4
	setup();
 c100c78:	ebffffa7 	bl	c100b1c <setup>

	while (1) {
		loop();
 c100c7c:	ebffffc5 	bl	c100b98 <loop>
	}
 c100c80:	eafffffd 	b	c100c7c <main+0x10>

0c100c84 <Delay>:

void Delay(int time)
// time=0: adjust the Delay function by WatchDog timer.//
// time>0: the number of loop time//
// 100us resolution.//
{
 c100c84:	e1a0c00d 	mov	ip, sp
 c100c88:	e92dd800 	push	{fp, ip, lr, pc}
 c100c8c:	e24cb004 	sub	fp, ip, #4
 c100c90:	e24dd010 	sub	sp, sp, #16
 c100c94:	e50b0018 	str	r0, [fp, #-24]	; 0xffffffe8
	int i,adjust=0;
 c100c98:	e3a03000 	mov	r3, #0
 c100c9c:	e50b3014 	str	r3, [fp, #-20]	; 0xffffffec
	if(time==0)
 c100ca0:	e51b3018 	ldr	r3, [fp, #-24]	; 0xffffffe8
 c100ca4:	e3530000 	cmp	r3, #0
 c100ca8:	1a000021 	bne	c100d34 <Delay+0xb0>
	{
		time=200;
 c100cac:	e3a030c8 	mov	r3, #200	; 0xc8
 c100cb0:	e50b3018 	str	r3, [fp, #-24]	; 0xffffffe8
		adjust=1;
 c100cb4:	e3a03001 	mov	r3, #1
 c100cb8:	e50b3014 	str	r3, [fp, #-20]	; 0xffffffec
		delayLoopCount=400;
 c100cbc:	e59f30d8 	ldr	r3, [pc, #216]	; c100d9c <Delay+0x118>
 c100cc0:	e3a02e19 	mov	r2, #400	; 0x190
 c100cc4:	e5832000 	str	r2, [r3]
		rWTCON=((MCLK/1000000-1)<<8)|(2<<3);	// 1M/64,Watch-dog,nRESET,interrupt disable//
 c100cc8:	e59f30d0 	ldr	r3, [pc, #208]	; c100da0 <Delay+0x11c>
 c100ccc:	e59f20d0 	ldr	r2, [pc, #208]	; c100da4 <Delay+0x120>
 c100cd0:	e5832000 	str	r2, [r3]
		rWTDAT=0xffff;
 c100cd4:	e59f30cc 	ldr	r3, [pc, #204]	; c100da8 <Delay+0x124>
 c100cd8:	e59f20cc 	ldr	r2, [pc, #204]	; c100dac <Delay+0x128>
 c100cdc:	e5832000 	str	r2, [r3]
		rWTCNT=0xffff;
 c100ce0:	e59f30c8 	ldr	r3, [pc, #200]	; c100db0 <Delay+0x12c>
 c100ce4:	e59f20c0 	ldr	r2, [pc, #192]	; c100dac <Delay+0x128>
 c100ce8:	e5832000 	str	r2, [r3]
		rWTCON=((MCLK/1000000-1)<<8)|(2<<3)|(1<<5); // 1M/64,Watch-dog enable,nRESET,interrupt disable //
 c100cec:	e59f30ac 	ldr	r3, [pc, #172]	; c100da0 <Delay+0x11c>
 c100cf0:	e59f20bc 	ldr	r2, [pc, #188]	; c100db4 <Delay+0x130>
 c100cf4:	e5832000 	str	r2, [r3]
	}
	for(;time>0;time--)
 c100cf8:	ea00000d 	b	c100d34 <Delay+0xb0>
		for(i=0;i<delayLoopCount;i++);
 c100cfc:	e3a03000 	mov	r3, #0
 c100d00:	e50b3010 	str	r3, [fp, #-16]
 c100d04:	ea000002 	b	c100d14 <Delay+0x90>
 c100d08:	e51b3010 	ldr	r3, [fp, #-16]
 c100d0c:	e2833001 	add	r3, r3, #1
 c100d10:	e50b3010 	str	r3, [fp, #-16]
 c100d14:	e59f3080 	ldr	r3, [pc, #128]	; c100d9c <Delay+0x118>
 c100d18:	e5933000 	ldr	r3, [r3]
 c100d1c:	e51b2010 	ldr	r2, [fp, #-16]
 c100d20:	e1520003 	cmp	r2, r3
 c100d24:	bafffff7 	blt	c100d08 <Delay+0x84>
		rWTCON=((MCLK/1000000-1)<<8)|(2<<3);	// 1M/64,Watch-dog,nRESET,interrupt disable//
		rWTDAT=0xffff;
		rWTCNT=0xffff;
		rWTCON=((MCLK/1000000-1)<<8)|(2<<3)|(1<<5); // 1M/64,Watch-dog enable,nRESET,interrupt disable //
	}
	for(;time>0;time--)
 c100d28:	e51b3018 	ldr	r3, [fp, #-24]	; 0xffffffe8
 c100d2c:	e2433001 	sub	r3, r3, #1
 c100d30:	e50b3018 	str	r3, [fp, #-24]	; 0xffffffe8
 c100d34:	e51b3018 	ldr	r3, [fp, #-24]	; 0xffffffe8
 c100d38:	e3530000 	cmp	r3, #0
 c100d3c:	caffffee 	bgt	c100cfc <Delay+0x78>
		for(i=0;i<delayLoopCount;i++);
	if(adjust==1)
 c100d40:	e51b3014 	ldr	r3, [fp, #-20]	; 0xffffffec
 c100d44:	e3530001 	cmp	r3, #1
 c100d48:	1a000010 	bne	c100d90 <Delay+0x10c>
	{
		rWTCON=((MCLK/1000000-1)<<8)|(2<<3);
 c100d4c:	e59f304c 	ldr	r3, [pc, #76]	; c100da0 <Delay+0x11c>
 c100d50:	e59f204c 	ldr	r2, [pc, #76]	; c100da4 <Delay+0x120>
 c100d54:	e5832000 	str	r2, [r3]
		i=0xffff-rWTCNT;   //  1count/16us?????????//
 c100d58:	e59f3050 	ldr	r3, [pc, #80]	; c100db0 <Delay+0x12c>
 c100d5c:	e5933000 	ldr	r3, [r3]
 c100d60:	e2633cff 	rsb	r3, r3, #65280	; 0xff00
 c100d64:	e28330ff 	add	r3, r3, #255	; 0xff
 c100d68:	e50b3010 	str	r3, [fp, #-16]
		delayLoopCount=8000000/(i*64);	//400*100/(i*64/200)   //
 c100d6c:	e51b3010 	ldr	r3, [fp, #-16]
 c100d70:	e1a03303 	lsl	r3, r3, #6
 c100d74:	e59f003c 	ldr	r0, [pc, #60]	; c100db8 <Delay+0x134>
 c100d78:	e1a01003 	mov	r1, r3
 c100d7c:	eb00000e 	bl	c100dbc <__aeabi_idiv>
 c100d80:	e1a03000 	mov	r3, r0
 c100d84:	e1a02003 	mov	r2, r3
 c100d88:	e59f300c 	ldr	r3, [pc, #12]	; c100d9c <Delay+0x118>
 c100d8c:	e5832000 	str	r2, [r3]
	}
}
 c100d90:	e24bd00c 	sub	sp, fp, #12
 c100d94:	e89d6800 	ldm	sp, {fp, sp, lr}
 c100d98:	e12fff1e 	bx	lr
 c100d9c:	0c100074 	.word	0x0c100074
 c100da0:	01d30000 	.word	0x01d30000
 c100da4:	00003f10 	.word	0x00003f10
 c100da8:	01d30004 	.word	0x01d30004
 c100dac:	0000ffff 	.word	0x0000ffff
 c100db0:	01d30008 	.word	0x01d30008
 c100db4:	00003f30 	.word	0x00003f30
 c100db8:	007a1200 	.word	0x007a1200

0c100dbc <__aeabi_idiv>:
 c100dbc:	e3510000 	cmp	r1, #0
 c100dc0:	0a000043 	beq	c100ed4 <.divsi3_skip_div0_test+0x110>

0c100dc4 <.divsi3_skip_div0_test>:
 c100dc4:	e020c001 	eor	ip, r0, r1
 c100dc8:	42611000 	rsbmi	r1, r1, #0
 c100dcc:	e2512001 	subs	r2, r1, #1
 c100dd0:	0a000027 	beq	c100e74 <.divsi3_skip_div0_test+0xb0>
 c100dd4:	e1b03000 	movs	r3, r0
 c100dd8:	42603000 	rsbmi	r3, r0, #0
 c100ddc:	e1530001 	cmp	r3, r1
 c100de0:	9a000026 	bls	c100e80 <.divsi3_skip_div0_test+0xbc>
 c100de4:	e1110002 	tst	r1, r2
 c100de8:	0a000028 	beq	c100e90 <.divsi3_skip_div0_test+0xcc>
 c100dec:	e311020e 	tst	r1, #-536870912	; 0xe0000000
 c100df0:	01a01181 	lsleq	r1, r1, #3
 c100df4:	03a02008 	moveq	r2, #8
 c100df8:	13a02001 	movne	r2, #1
 c100dfc:	e3510201 	cmp	r1, #268435456	; 0x10000000
 c100e00:	31510003 	cmpcc	r1, r3
 c100e04:	31a01201 	lslcc	r1, r1, #4
 c100e08:	31a02202 	lslcc	r2, r2, #4
 c100e0c:	3afffffa 	bcc	c100dfc <.divsi3_skip_div0_test+0x38>
 c100e10:	e3510102 	cmp	r1, #-2147483648	; 0x80000000
 c100e14:	31510003 	cmpcc	r1, r3
 c100e18:	31a01081 	lslcc	r1, r1, #1
 c100e1c:	31a02082 	lslcc	r2, r2, #1
 c100e20:	3afffffa 	bcc	c100e10 <.divsi3_skip_div0_test+0x4c>
 c100e24:	e3a00000 	mov	r0, #0
 c100e28:	e1530001 	cmp	r3, r1
 c100e2c:	20433001 	subcs	r3, r3, r1
 c100e30:	21800002 	orrcs	r0, r0, r2
 c100e34:	e15300a1 	cmp	r3, r1, lsr #1
 c100e38:	204330a1 	subcs	r3, r3, r1, lsr #1
 c100e3c:	218000a2 	orrcs	r0, r0, r2, lsr #1
 c100e40:	e1530121 	cmp	r3, r1, lsr #2
 c100e44:	20433121 	subcs	r3, r3, r1, lsr #2
 c100e48:	21800122 	orrcs	r0, r0, r2, lsr #2
 c100e4c:	e15301a1 	cmp	r3, r1, lsr #3
 c100e50:	204331a1 	subcs	r3, r3, r1, lsr #3
 c100e54:	218001a2 	orrcs	r0, r0, r2, lsr #3
 c100e58:	e3530000 	cmp	r3, #0
 c100e5c:	11b02222 	lsrsne	r2, r2, #4
 c100e60:	11a01221 	lsrne	r1, r1, #4
 c100e64:	1affffef 	bne	c100e28 <.divsi3_skip_div0_test+0x64>
 c100e68:	e35c0000 	cmp	ip, #0
 c100e6c:	42600000 	rsbmi	r0, r0, #0
 c100e70:	e12fff1e 	bx	lr
 c100e74:	e13c0000 	teq	ip, r0
 c100e78:	42600000 	rsbmi	r0, r0, #0
 c100e7c:	e12fff1e 	bx	lr
 c100e80:	33a00000 	movcc	r0, #0
 c100e84:	01a00fcc 	asreq	r0, ip, #31
 c100e88:	03800001 	orreq	r0, r0, #1
 c100e8c:	e12fff1e 	bx	lr
 c100e90:	e3510801 	cmp	r1, #65536	; 0x10000
 c100e94:	21a01821 	lsrcs	r1, r1, #16
 c100e98:	23a02010 	movcs	r2, #16
 c100e9c:	33a02000 	movcc	r2, #0
 c100ea0:	e3510c01 	cmp	r1, #256	; 0x100
 c100ea4:	21a01421 	lsrcs	r1, r1, #8
 c100ea8:	22822008 	addcs	r2, r2, #8
 c100eac:	e3510010 	cmp	r1, #16
 c100eb0:	21a01221 	lsrcs	r1, r1, #4
 c100eb4:	22822004 	addcs	r2, r2, #4
 c100eb8:	e3510004 	cmp	r1, #4
 c100ebc:	82822003 	addhi	r2, r2, #3
 c100ec0:	908220a1 	addls	r2, r2, r1, lsr #1
 c100ec4:	e35c0000 	cmp	ip, #0
 c100ec8:	e1a00233 	lsr	r0, r3, r2
 c100ecc:	42600000 	rsbmi	r0, r0, #0
 c100ed0:	e12fff1e 	bx	lr
 c100ed4:	e3500000 	cmp	r0, #0
 c100ed8:	c3e00102 	mvngt	r0, #-2147483648	; 0x80000000
 c100edc:	b3a00102 	movlt	r0, #-2147483648	; 0x80000000
 c100ee0:	ea000007 	b	c100f04 <__aeabi_idiv0>

0c100ee4 <__aeabi_idivmod>:
 c100ee4:	e3510000 	cmp	r1, #0
 c100ee8:	0afffff9 	beq	c100ed4 <.divsi3_skip_div0_test+0x110>
 c100eec:	e92d4003 	push	{r0, r1, lr}
 c100ef0:	ebffffb3 	bl	c100dc4 <.divsi3_skip_div0_test>
 c100ef4:	e8bd4006 	pop	{r1, r2, lr}
 c100ef8:	e0030092 	mul	r3, r2, r0
 c100efc:	e0411003 	sub	r1, r1, r3
 c100f00:	e12fff1e 	bx	lr

0c100f04 <__aeabi_idiv0>:
 c100f04:	e12fff1e 	bx	lr
